
***队列日志1***
2019/6/12 19:30:25：error-添加信任站点出错错误消息未将对象引用设置到对象的实例。堆椎信息   在 Jia.UitilityFrame.Tools.IeSettingHelper.I1soNdwHQYad4i9RWZM(Object , Object )
   在 Jia.UitilityFrame.Tools.IeSettingHelper.RegDomainsEsc(String webSite, String proto)
   在 Jia.UitilityFrame.Tools.IeSettingHelper.SetIeForWebsite(String webSite, String exe)

***队列日志2***
2019/6/12 19:30:55：error-连接发生异常错误消息由于连接方在一段时间后没有正确答复或连接的主机没有反应，连接尝试失败。 192.210.171.12:14000堆椎信息   在 System.Net.Sockets.Socket.DoConnect(EndPoint endPointSnapshot, SocketAddress socketAddress)
   在 System.Net.Sockets.Socket.Connect(EndPoint remoteEP)
   在 System.Net.Sockets.TcpClient.Connect(IPEndPoint remoteEP)
   在 System.Net.Sockets.TcpClient.Connect(IPAddress address, Int32 port)
   在 NetComm.PureTcp.PureClientConnector.kDYdPt6Sikufh1AsaFP(Object , Object , Int32 )
   在 NetComm.PureTcp.PureClientConnector.kNyHwh1Mf(Boolean , Boolean )
2019/6/12 19:30:55：error-连接发生异常错误消息由于连接方在一段时间后没有正确答复或连接的主机没有反应，连接尝试失败。 67.21.80.212:14000堆椎信息   在 System.Net.Sockets.Socket.DoConnect(EndPoint endPointSnapshot, SocketAddress socketAddress)
   在 System.Net.Sockets.Socket.Connect(EndPoint remoteEP)
   在 System.Net.Sockets.TcpClient.Connect(IPEndPoint remoteEP)
   在 System.Net.Sockets.TcpClient.Connect(IPAddress address, Int32 port)
   在 NetComm.PureTcp.PureClientConnector.kDYdPt6Sikufh1AsaFP(Object , Object , Int32 )
   在 NetComm.PureTcp.PureClientConnector.kNyHwh1Mf(Boolean , Boolean )

***队列日志2***
2019/6/12 19:31:16：error-连接发生异常错误消息由于连接方在一段时间后没有正确答复或连接的主机没有反应，连接尝试失败。 67.21.80.212:80堆椎信息   在 System.Net.Sockets.Socket.DoConnect(EndPoint endPointSnapshot, SocketAddress socketAddress)
   在 System.Net.Sockets.Socket.Connect(EndPoint remoteEP)
   在 System.Net.Sockets.TcpClient.Connect(IPEndPoint remoteEP)
   在 System.Net.Sockets.TcpClient.Connect(IPAddress address, Int32 port)
   在 NetComm.PureTcp.PureClientConnector.kDYdPt6Sikufh1AsaFP(Object , Object , Int32 )
   在 NetComm.PureTcp.PureClientConnector.kNyHwh1Mf(Boolean , Boolean )
2019/6/12 19:31:16：error-连接发生异常错误消息由于连接方在一段时间后没有正确答复或连接的主机没有反应，连接尝试失败。 192.210.171.12:80堆椎信息   在 System.Net.Sockets.Socket.DoConnect(EndPoint endPointSnapshot, SocketAddress socketAddress)
   在 System.Net.Sockets.Socket.Connect(EndPoint remoteEP)
   在 System.Net.Sockets.TcpClient.Connect(IPEndPoint remoteEP)
   在 System.Net.Sockets.TcpClient.Connect(IPAddress address, Int32 port)
   在 NetComm.PureTcp.PureClientConnector.kDYdPt6Sikufh1AsaFP(Object , Object , Int32 )
   在 NetComm.PureTcp.PureClientConnector.kNyHwh1Mf(Boolean , Boolean )

***队列日志2***
2019/6/12 19:31:37：error-连接发生异常错误消息由于连接方在一段时间后没有正确答复或连接的主机没有反应，连接尝试失败。 67.21.80.212:14000堆椎信息   在 System.Net.Sockets.Socket.DoConnect(EndPoint endPointSnapshot, SocketAddress socketAddress)
   在 System.Net.Sockets.Socket.Connect(EndPoint remoteEP)
   在 System.Net.Sockets.TcpClient.Connect(IPEndPoint remoteEP)
   在 System.Net.Sockets.TcpClient.Connect(IPAddress address, Int32 port)
   在 NetComm.PureTcp.PureClientConnector.kDYdPt6Sikufh1AsaFP(Object , Object , Int32 )
   在 NetComm.PureTcp.PureClientConnector.kNyHwh1Mf(Boolean , Boolean )
2019/6/12 19:31:37：error-连接发生异常错误消息由于连接方在一段时间后没有正确答复或连接的主机没有反应，连接尝试失败。 192.210.171.12:14000堆椎信息   在 System.Net.Sockets.Socket.DoConnect(EndPoint endPointSnapshot, SocketAddress socketAddress)
   在 System.Net.Sockets.Socket.Connect(EndPoint remoteEP)
   在 System.Net.Sockets.TcpClient.Connect(IPEndPoint remoteEP)
   在 System.Net.Sockets.TcpClient.Connect(IPAddress address, Int32 port)
   在 NetComm.PureTcp.PureClientConnector.kDYdPt6Sikufh1AsaFP(Object , Object , Int32 )
   在 NetComm.PureTcp.PureClientConnector.kNyHwh1Mf(Boolean , Boolean )

***队列日志2***
2019/6/12 19:31:58：error-连接发生异常错误消息由于连接方在一段时间后没有正确答复或连接的主机没有反应，连接尝试失败。 67.21.80.212:80堆椎信息   在 System.Net.Sockets.Socket.DoConnect(EndPoint endPointSnapshot, SocketAddress socketAddress)
   在 System.Net.Sockets.Socket.Connect(EndPoint remoteEP)
   在 System.Net.Sockets.TcpClient.Connect(IPEndPoint remoteEP)
   在 System.Net.Sockets.TcpClient.Connect(IPAddress address, Int32 port)
   在 NetComm.PureTcp.PureClientConnector.kDYdPt6Sikufh1AsaFP(Object , Object , Int32 )
   在 NetComm.PureTcp.PureClientConnector.kNyHwh1Mf(Boolean , Boolean )
2019/6/12 19:31:58：error-连接发生异常错误消息由于连接方在一段时间后没有正确答复或连接的主机没有反应，连接尝试失败。 192.210.171.12:80堆椎信息   在 System.Net.Sockets.Socket.DoConnect(EndPoint endPointSnapshot, SocketAddress socketAddress)
   在 System.Net.Sockets.Socket.Connect(EndPoint remoteEP)
   在 System.Net.Sockets.TcpClient.Connect(IPEndPoint remoteEP)
   在 System.Net.Sockets.TcpClient.Connect(IPAddress address, Int32 port)
   在 NetComm.PureTcp.PureClientConnector.kDYdPt6Sikufh1AsaFP(Object , Object , Int32 )
   在 NetComm.PureTcp.PureClientConnector.kNyHwh1Mf(Boolean , Boolean )

***队列日志2***
2019/6/12 19:32:19：error-连接发生异常错误消息由于连接方在一段时间后没有正确答复或连接的主机没有反应，连接尝试失败。 67.21.80.212:80堆椎信息   在 System.Net.Sockets.Socket.DoConnect(EndPoint endPointSnapshot, SocketAddress socketAddress)
   在 System.Net.Sockets.Socket.Connect(EndPoint remoteEP)
   在 System.Net.Sockets.TcpClient.Connect(IPEndPoint remoteEP)
   在 System.Net.Sockets.TcpClient.Connect(IPAddress address, Int32 port)
   在 NetComm.PureTcp.PureClientConnector.kDYdPt6Sikufh1AsaFP(Object , Object , Int32 )
   在 NetComm.PureTcp.PureClientConnector.kNyHwh1Mf(Boolean , Boolean )
2019/6/12 19:32:19：error-连接发生异常错误消息由于连接方在一段时间后没有正确答复或连接的主机没有反应，连接尝试失败。 192.210.171.12:80堆椎信息   在 System.Net.Sockets.Socket.DoConnect(EndPoint endPointSnapshot, SocketAddress socketAddress)
   在 System.Net.Sockets.Socket.Connect(EndPoint remoteEP)
   在 System.Net.Sockets.TcpClient.Connect(IPEndPoint remoteEP)
   在 System.Net.Sockets.TcpClient.Connect(IPAddress address, Int32 port)
   在 NetComm.PureTcp.PureClientConnector.kDYdPt6Sikufh1AsaFP(Object , Object , Int32 )
   在 NetComm.PureTcp.PureClientConnector.kNyHwh1Mf(Boolean , Boolean )

***队列日志2***
2019/6/12 19:32:40：error-连接发生异常错误消息由于连接方在一段时间后没有正确答复或连接的主机没有反应，连接尝试失败。 67.21.80.212:80堆椎信息   在 System.Net.Sockets.Socket.DoConnect(EndPoint endPointSnapshot, SocketAddress socketAddress)
   在 System.Net.Sockets.Socket.Connect(EndPoint remoteEP)
   在 System.Net.Sockets.TcpClient.Connect(IPEndPoint remoteEP)
   在 System.Net.Sockets.TcpClient.Connect(IPAddress address, Int32 port)
   在 NetComm.PureTcp.PureClientConnector.kDYdPt6Sikufh1AsaFP(Object , Object , Int32 )
   在 NetComm.PureTcp.PureClientConnector.kNyHwh1Mf(Boolean , Boolean )
2019/6/12 19:32:40：error-连接发生异常错误消息由于连接方在一段时间后没有正确答复或连接的主机没有反应，连接尝试失败。 192.210.171.12:80堆椎信息   在 System.Net.Sockets.Socket.DoConnect(EndPoint endPointSnapshot, SocketAddress socketAddress)
   在 System.Net.Sockets.Socket.Connect(EndPoint remoteEP)
   在 System.Net.Sockets.TcpClient.Connect(IPEndPoint remoteEP)
   在 System.Net.Sockets.TcpClient.Connect(IPAddress address, Int32 port)
   在 NetComm.PureTcp.PureClientConnector.kDYdPt6Sikufh1AsaFP(Object , Object , Int32 )
   在 NetComm.PureTcp.PureClientConnector.kNyHwh1Mf(Boolean , Boolean )

***队列日志1***
2019/6/12 19:32:55：error-接收数据出错,连接断开本地10.162.32.83:50772远程115.29.237.29:13001错误消息无法从传输连接中读取数据: 由于连接方在一段时间后没有正确答复或连接的主机没有反应，连接尝试失败。。堆椎信息   在 System.Net.Sockets.NetworkStream.Read(Byte[] buffer, Int32 offset, Int32 size)
   在 NetComm.ClientUser.27CAI8AGAGkL9wVlxR(Object , Object , Int32 , Int32 )
   在 NetComm.ClientUser.RevieveThead()

***队列日志1***
2019/6/12 19:32:51：error-接收数据出错,连接断开本地10.162.32.83:50066远程218.244.147.32:13001错误消息无法从传输连接中读取数据: 由于连接方在一段时间后没有正确答复或连接的主机没有反应，连接尝试失败。。堆椎信息   在 System.Net.Sockets.NetworkStream.Read(Byte[] buffer, Int32 offset, Int32 size)
   在 NetComm.ClientUser.27CAI8AGAGkL9wVlxR(Object , Object , Int32 , Int32 )
   在 NetComm.ClientUser.RevieveThead()

***队列日志1***
2019/6/12 19:33:10：error-添加信任站点出错错误消息未将对象引用设置到对象的实例。堆椎信息   在 Jia.UitilityFrame.Tools.IeSettingHelper.I1soNdwHQYad4i9RWZM(Object , Object )
   在 Jia.UitilityFrame.Tools.IeSettingHelper.RegDomainsEsc(String webSite, String proto)
   在 Jia.UitilityFrame.Tools.IeSettingHelper.SetIeForWebsite(String webSite, String exe)

***队列日志2***
2019/6/12 19:33:41：error-连接发生异常错误消息由于连接方在一段时间后没有正确答复或连接的主机没有反应，连接尝试失败。 67.21.80.212:14000堆椎信息   在 System.Net.Sockets.Socket.DoConnect(EndPoint endPointSnapshot, SocketAddress socketAddress)
   在 System.Net.Sockets.Socket.Connect(EndPoint remoteEP)
   在 System.Net.Sockets.TcpClient.Connect(IPEndPoint remoteEP)
   在 System.Net.Sockets.TcpClient.Connect(IPAddress address, Int32 port)
   在 NetComm.PureTcp.PureClientConnector.kDYdPt6Sikufh1AsaFP(Object , Object , Int32 )
   在 NetComm.PureTcp.PureClientConnector.kNyHwh1Mf(Boolean , Boolean )
2019/6/12 19:33:41：error-连接发生异常错误消息由于连接方在一段时间后没有正确答复或连接的主机没有反应，连接尝试失败。 192.210.171.12:14000堆椎信息   在 System.Net.Sockets.Socket.DoConnect(EndPoint endPointSnapshot, SocketAddress socketAddress)
   在 System.Net.Sockets.Socket.Connect(EndPoint remoteEP)
   在 System.Net.Sockets.TcpClient.Connect(IPEndPoint remoteEP)
   在 System.Net.Sockets.TcpClient.Connect(IPAddress address, Int32 port)
   在 NetComm.PureTcp.PureClientConnector.kDYdPt6Sikufh1AsaFP(Object , Object , Int32 )
   在 NetComm.PureTcp.PureClientConnector.kNyHwh1Mf(Boolean , Boolean )

***队列日志2***
2019/6/12 19:34:02：error-连接发生异常错误消息由于连接方在一段时间后没有正确答复或连接的主机没有反应，连接尝试失败。 67.21.80.212:80堆椎信息   在 System.Net.Sockets.Socket.DoConnect(EndPoint endPointSnapshot, SocketAddress socketAddress)
   在 System.Net.Sockets.Socket.Connect(EndPoint remoteEP)
   在 System.Net.Sockets.TcpClient.Connect(IPEndPoint remoteEP)
   在 System.Net.Sockets.TcpClient.Connect(IPAddress address, Int32 port)
   在 NetComm.PureTcp.PureClientConnector.kDYdPt6Sikufh1AsaFP(Object , Object , Int32 )
   在 NetComm.PureTcp.PureClientConnector.kNyHwh1Mf(Boolean , Boolean )
2019/6/12 19:34:02：error-连接发生异常错误消息由于连接方在一段时间后没有正确答复或连接的主机没有反应，连接尝试失败。 192.210.171.12:80堆椎信息   在 System.Net.Sockets.Socket.DoConnect(EndPoint endPointSnapshot, SocketAddress socketAddress)
   在 System.Net.Sockets.Socket.Connect(EndPoint remoteEP)
   在 System.Net.Sockets.TcpClient.Connect(IPEndPoint remoteEP)
   在 System.Net.Sockets.TcpClient.Connect(IPAddress address, Int32 port)
   在 NetComm.PureTcp.PureClientConnector.kDYdPt6Sikufh1AsaFP(Object , Object , Int32 )
   在 NetComm.PureTcp.PureClientConnector.kNyHwh1Mf(Boolean , Boolean )

***队列日志2***
2019/6/12 19:34:23：error-连接发生异常错误消息由于连接方在一段时间后没有正确答复或连接的主机没有反应，连接尝试失败。 67.21.80.212:80堆椎信息   在 System.Net.Sockets.Socket.DoConnect(EndPoint endPointSnapshot, SocketAddress socketAddress)
   在 System.Net.Sockets.Socket.Connect(EndPoint remoteEP)
   在 System.Net.Sockets.TcpClient.Connect(IPEndPoint remoteEP)
   在 System.Net.Sockets.TcpClient.Connect(IPAddress address, Int32 port)
   在 NetComm.PureTcp.PureClientConnector.kDYdPt6Sikufh1AsaFP(Object , Object , Int32 )
   在 NetComm.PureTcp.PureClientConnector.kNyHwh1Mf(Boolean , Boolean )
2019/6/12 19:34:23：error-连接发生异常错误消息由于连接方在一段时间后没有正确答复或连接的主机没有反应，连接尝试失败。 192.210.171.12:80堆椎信息   在 System.Net.Sockets.Socket.DoConnect(EndPoint endPointSnapshot, SocketAddress socketAddress)
   在 System.Net.Sockets.Socket.Connect(EndPoint remoteEP)
   在 System.Net.Sockets.TcpClient.Connect(IPEndPoint remoteEP)
   在 System.Net.Sockets.TcpClient.Connect(IPAddress address, Int32 port)
   在 NetComm.PureTcp.PureClientConnector.kDYdPt6Sikufh1AsaFP(Object , Object , Int32 )
   在 NetComm.PureTcp.PureClientConnector.kNyHwh1Mf(Boolean , Boolean )

***队列日志2***
2019/6/12 19:35:04：error-连接发生异常错误消息由于连接方在一段时间后没有正确答复或连接的主机没有反应，连接尝试失败。 67.21.80.212:14000堆椎信息   在 System.Net.Sockets.Socket.DoConnect(EndPoint endPointSnapshot, SocketAddress socketAddress)
   在 System.Net.Sockets.Socket.Connect(EndPoint remoteEP)
   在 System.Net.Sockets.TcpClient.Connect(IPEndPoint remoteEP)
   在 System.Net.Sockets.TcpClient.Connect(IPAddress address, Int32 port)
   在 NetComm.PureTcp.PureClientConnector.kDYdPt6Sikufh1AsaFP(Object , Object , Int32 )
   在 NetComm.PureTcp.PureClientConnector.kNyHwh1Mf(Boolean , Boolean )
2019/6/12 19:35:04：error-连接发生异常错误消息由于连接方在一段时间后没有正确答复或连接的主机没有反应，连接尝试失败。 192.210.171.12:14000堆椎信息   在 System.Net.Sockets.Socket.DoConnect(EndPoint endPointSnapshot, SocketAddress socketAddress)
   在 System.Net.Sockets.Socket.Connect(EndPoint remoteEP)
   在 System.Net.Sockets.TcpClient.Connect(IPEndPoint remoteEP)
   在 System.Net.Sockets.TcpClient.Connect(IPAddress address, Int32 port)
   在 NetComm.PureTcp.PureClientConnector.kDYdPt6Sikufh1AsaFP(Object , Object , Int32 )
   在 NetComm.PureTcp.PureClientConnector.kNyHwh1Mf(Boolean , Boolean )

***队列日志2***
2019/6/12 19:35:25：error-连接发生异常错误消息由于连接方在一段时间后没有正确答复或连接的主机没有反应，连接尝试失败。 67.21.80.212:80堆椎信息   在 System.Net.Sockets.Socket.DoConnect(EndPoint endPointSnapshot, SocketAddress socketAddress)
   在 System.Net.Sockets.Socket.Connect(EndPoint remoteEP)
   在 System.Net.Sockets.TcpClient.Connect(IPEndPoint remoteEP)
   在 System.Net.Sockets.TcpClient.Connect(IPAddress address, Int32 port)
   在 NetComm.PureTcp.PureClientConnector.kDYdPt6Sikufh1AsaFP(Object , Object , Int32 )
   在 NetComm.PureTcp.PureClientConnector.kNyHwh1Mf(Boolean , Boolean )
2019/6/12 19:35:25：error-连接发生异常错误消息由于连接方在一段时间后没有正确答复或连接的主机没有反应，连接尝试失败。 192.210.171.12:80堆椎信息   在 System.Net.Sockets.Socket.DoConnect(EndPoint endPointSnapshot, SocketAddress socketAddress)
   在 System.Net.Sockets.Socket.Connect(EndPoint remoteEP)
   在 System.Net.Sockets.TcpClient.Connect(IPEndPoint remoteEP)
   在 System.Net.Sockets.TcpClient.Connect(IPAddress address, Int32 port)
   在 NetComm.PureTcp.PureClientConnector.kDYdPt6Sikufh1AsaFP(Object , Object , Int32 )
   在 NetComm.PureTcp.PureClientConnector.kNyHwh1Mf(Boolean , Boolean )

***队列日志2***
2019/6/12 19:35:46：error-连接发生异常错误消息由于连接方在一段时间后没有正确答复或连接的主机没有反应，连接尝试失败。 67.21.80.212:80堆椎信息   在 System.Net.Sockets.Socket.DoConnect(EndPoint endPointSnapshot, SocketAddress socketAddress)
   在 System.Net.Sockets.Socket.Connect(EndPoint remoteEP)
   在 System.Net.Sockets.TcpClient.Connect(IPEndPoint remoteEP)
   在 System.Net.Sockets.TcpClient.Connect(IPAddress address, Int32 port)
   在 NetComm.PureTcp.PureClientConnector.kDYdPt6Sikufh1AsaFP(Object , Object , Int32 )
   在 NetComm.PureTcp.PureClientConnector.kNyHwh1Mf(Boolean , Boolean )
2019/6/12 19:35:46：error-连接发生异常错误消息由于连接方在一段时间后没有正确答复或连接的主机没有反应，连接尝试失败。 192.210.171.12:80堆椎信息   在 System.Net.Sockets.Socket.DoConnect(EndPoint endPointSnapshot, SocketAddress socketAddress)
   在 System.Net.Sockets.Socket.Connect(EndPoint remoteEP)
   在 System.Net.Sockets.TcpClient.Connect(IPEndPoint remoteEP)
   在 System.Net.Sockets.TcpClient.Connect(IPAddress address, Int32 port)
   在 NetComm.PureTcp.PureClientConnector.kDYdPt6Sikufh1AsaFP(Object , Object , Int32 )
   在 NetComm.PureTcp.PureClientConnector.kNyHwh1Mf(Boolean , Boolean )

***队列日志2***
2019/6/12 19:36:56：error-连接发生异常错误消息由于连接方在一段时间后没有正确答复或连接的主机没有反应，连接尝试失败。 67.21.80.212:14000堆椎信息   在 System.Net.Sockets.Socket.DoConnect(EndPoint endPointSnapshot, SocketAddress socketAddress)
   在 System.Net.Sockets.Socket.Connect(EndPoint remoteEP)
   在 System.Net.Sockets.TcpClient.Connect(IPEndPoint remoteEP)
   在 System.Net.Sockets.TcpClient.Connect(IPAddress address, Int32 port)
   在 NetComm.PureTcp.PureClientConnector.kDYdPt6Sikufh1AsaFP(Object , Object , Int32 )
   在 NetComm.PureTcp.PureClientConnector.kNyHwh1Mf(Boolean , Boolean )
2019/6/12 19:36:56：error-连接发生异常错误消息由于连接方在一段时间后没有正确答复或连接的主机没有反应，连接尝试失败。 192.210.171.12:14000堆椎信息   在 System.Net.Sockets.Socket.DoConnect(EndPoint endPointSnapshot, SocketAddress socketAddress)
   在 System.Net.Sockets.Socket.Connect(EndPoint remoteEP)
   在 System.Net.Sockets.TcpClient.Connect(IPEndPoint remoteEP)
   在 System.Net.Sockets.TcpClient.Connect(IPAddress address, Int32 port)
   在 NetComm.PureTcp.PureClientConnector.kDYdPt6Sikufh1AsaFP(Object , Object , Int32 )
   在 NetComm.PureTcp.PureClientConnector.kNyHwh1Mf(Boolean , Boolean )

***队列日志2***
2019/6/12 19:37:17：error-连接发生异常错误消息由于连接方在一段时间后没有正确答复或连接的主机没有反应，连接尝试失败。 67.21.80.212:80堆椎信息   在 System.Net.Sockets.Socket.DoConnect(EndPoint endPointSnapshot, SocketAddress socketAddress)
   在 System.Net.Sockets.Socket.Connect(EndPoint remoteEP)
   在 System.Net.Sockets.TcpClient.Connect(IPEndPoint remoteEP)
   在 System.Net.Sockets.TcpClient.Connect(IPAddress address, Int32 port)
   在 NetComm.PureTcp.PureClientConnector.kDYdPt6Sikufh1AsaFP(Object , Object , Int32 )
   在 NetComm.PureTcp.PureClientConnector.kNyHwh1Mf(Boolean , Boolean )
2019/6/12 19:37:17：error-连接发生异常错误消息由于连接方在一段时间后没有正确答复或连接的主机没有反应，连接尝试失败。 192.210.171.12:80堆椎信息   在 System.Net.Sockets.Socket.DoConnect(EndPoint endPointSnapshot, SocketAddress socketAddress)
   在 System.Net.Sockets.Socket.Connect(EndPoint remoteEP)
   在 System.Net.Sockets.TcpClient.Connect(IPEndPoint remoteEP)
   在 System.Net.Sockets.TcpClient.Connect(IPAddress address, Int32 port)
   在 NetComm.PureTcp.PureClientConnector.kDYdPt6Sikufh1AsaFP(Object , Object , Int32 )
   在 NetComm.PureTcp.PureClientConnector.kNyHwh1Mf(Boolean , Boolean )

***队列日志2***
2019/6/12 19:37:38：error-连接发生异常错误消息由于连接方在一段时间后没有正确答复或连接的主机没有反应，连接尝试失败。 67.21.80.212:80堆椎信息   在 System.Net.Sockets.Socket.DoConnect(EndPoint endPointSnapshot, SocketAddress socketAddress)
   在 System.Net.Sockets.Socket.Connect(EndPoint remoteEP)
   在 System.Net.Sockets.TcpClient.Connect(IPEndPoint remoteEP)
   在 System.Net.Sockets.TcpClient.Connect(IPAddress address, Int32 port)
   在 NetComm.PureTcp.PureClientConnector.kDYdPt6Sikufh1AsaFP(Object , Object , Int32 )
   在 NetComm.PureTcp.PureClientConnector.kNyHwh1Mf(Boolean , Boolean )
2019/6/12 19:37:38：error-连接发生异常错误消息由于连接方在一段时间后没有正确答复或连接的主机没有反应，连接尝试失败。 192.210.171.12:80堆椎信息   在 System.Net.Sockets.Socket.DoConnect(EndPoint endPointSnapshot, SocketAddress socketAddress)
   在 System.Net.Sockets.Socket.Connect(EndPoint remoteEP)
   在 System.Net.Sockets.TcpClient.Connect(IPEndPoint remoteEP)
   在 System.Net.Sockets.TcpClient.Connect(IPAddress address, Int32 port)
   在 NetComm.PureTcp.PureClientConnector.kDYdPt6Sikufh1AsaFP(Object , Object , Int32 )
   在 NetComm.PureTcp.PureClientConnector.kNyHwh1Mf(Boolean , Boolean )

***队列日志2***
2019/6/12 19:38:36：error-连接发生异常错误消息由于连接方在一段时间后没有正确答复或连接的主机没有反应，连接尝试失败。 67.21.80.212:14000堆椎信息   在 System.Net.Sockets.Socket.DoConnect(EndPoint endPointSnapshot, SocketAddress socketAddress)
   在 System.Net.Sockets.Socket.Connect(EndPoint remoteEP)
   在 System.Net.Sockets.TcpClient.Connect(IPEndPoint remoteEP)
   在 System.Net.Sockets.TcpClient.Connect(IPAddress address, Int32 port)
   在 NetComm.PureTcp.PureClientConnector.kDYdPt6Sikufh1AsaFP(Object , Object , Int32 )
   在 NetComm.PureTcp.PureClientConnector.kNyHwh1Mf(Boolean , Boolean )
2019/6/12 19:38:36：error-连接发生异常错误消息由于连接方在一段时间后没有正确答复或连接的主机没有反应，连接尝试失败。 192.210.171.12:14000堆椎信息   在 System.Net.Sockets.Socket.DoConnect(EndPoint endPointSnapshot, SocketAddress socketAddress)
   在 System.Net.Sockets.Socket.Connect(EndPoint remoteEP)
   在 System.Net.Sockets.TcpClient.Connect(IPEndPoint remoteEP)
   在 System.Net.Sockets.TcpClient.Connect(IPAddress address, Int32 port)
   在 NetComm.PureTcp.PureClientConnector.kDYdPt6Sikufh1AsaFP(Object , Object , Int32 )
   在 NetComm.PureTcp.PureClientConnector.kNyHwh1Mf(Boolean , Boolean )

***队列日志2***
2019/6/12 19:38:57：error-连接发生异常错误消息由于连接方在一段时间后没有正确答复或连接的主机没有反应，连接尝试失败。 67.21.80.212:80堆椎信息   在 System.Net.Sockets.Socket.DoConnect(EndPoint endPointSnapshot, SocketAddress socketAddress)
   在 System.Net.Sockets.Socket.Connect(EndPoint remoteEP)
   在 System.Net.Sockets.TcpClient.Connect(IPEndPoint remoteEP)
   在 System.Net.Sockets.TcpClient.Connect(IPAddress address, Int32 port)
   在 NetComm.PureTcp.PureClientConnector.kDYdPt6Sikufh1AsaFP(Object , Object , Int32 )
   在 NetComm.PureTcp.PureClientConnector.kNyHwh1Mf(Boolean , Boolean )
2019/6/12 19:38:57：error-连接发生异常错误消息由于连接方在一段时间后没有正确答复或连接的主机没有反应，连接尝试失败。 192.210.171.12:80堆椎信息   在 System.Net.Sockets.Socket.DoConnect(EndPoint endPointSnapshot, SocketAddress socketAddress)
   在 System.Net.Sockets.Socket.Connect(EndPoint remoteEP)
   在 System.Net.Sockets.TcpClient.Connect(IPEndPoint remoteEP)
   在 System.Net.Sockets.TcpClient.Connect(IPAddress address, Int32 port)
   在 NetComm.PureTcp.PureClientConnector.kDYdPt6Sikufh1AsaFP(Object , Object , Int32 )
   在 NetComm.PureTcp.PureClientConnector.kNyHwh1Mf(Boolean , Boolean )

***队列日志2***
2019/6/12 19:39:18：error-连接发生异常错误消息由于连接方在一段时间后没有正确答复或连接的主机没有反应，连接尝试失败。 67.21.80.212:80堆椎信息   在 System.Net.Sockets.Socket.DoConnect(EndPoint endPointSnapshot, SocketAddress socketAddress)
   在 System.Net.Sockets.Socket.Connect(EndPoint remoteEP)
   在 System.Net.Sockets.TcpClient.Connect(IPEndPoint remoteEP)
   在 System.Net.Sockets.TcpClient.Connect(IPAddress address, Int32 port)
   在 NetComm.PureTcp.PureClientConnector.kDYdPt6Sikufh1AsaFP(Object , Object , Int32 )
   在 NetComm.PureTcp.PureClientConnector.kNyHwh1Mf(Boolean , Boolean )
2019/6/12 19:39:18：error-连接发生异常错误消息由于连接方在一段时间后没有正确答复或连接的主机没有反应，连接尝试失败。 192.210.171.12:80堆椎信息   在 System.Net.Sockets.Socket.DoConnect(EndPoint endPointSnapshot, SocketAddress socketAddress)
   在 System.Net.Sockets.Socket.Connect(EndPoint remoteEP)
   在 System.Net.Sockets.TcpClient.Connect(IPEndPoint remoteEP)
   在 System.Net.Sockets.TcpClient.Connect(IPAddress address, Int32 port)
   在 NetComm.PureTcp.PureClientConnector.kDYdPt6Sikufh1AsaFP(Object , Object , Int32 )
   在 NetComm.PureTcp.PureClientConnector.kNyHwh1Mf(Boolean , Boolean )

***队列日志2***
2019/6/12 19:39:47：error-连接发生异常错误消息由于连接方在一段时间后没有正确答复或连接的主机没有反应，连接尝试失败。 67.21.80.212:14000堆椎信息   在 System.Net.Sockets.Socket.DoConnect(EndPoint endPointSnapshot, SocketAddress socketAddress)
   在 System.Net.Sockets.Socket.Connect(EndPoint remoteEP)
   在 System.Net.Sockets.TcpClient.Connect(IPEndPoint remoteEP)
   在 System.Net.Sockets.TcpClient.Connect(IPAddress address, Int32 port)
   在 NetComm.PureTcp.PureClientConnector.kDYdPt6Sikufh1AsaFP(Object , Object , Int32 )
   在 NetComm.PureTcp.PureClientConnector.kNyHwh1Mf(Boolean , Boolean )
2019/6/12 19:39:47：error-连接发生异常错误消息由于连接方在一段时间后没有正确答复或连接的主机没有反应，连接尝试失败。 192.210.171.12:14000堆椎信息   在 System.Net.Sockets.Socket.DoConnect(EndPoint endPointSnapshot, SocketAddress socketAddress)
   在 System.Net.Sockets.Socket.Connect(EndPoint remoteEP)
   在 System.Net.Sockets.TcpClient.Connect(IPEndPoint remoteEP)
   在 System.Net.Sockets.TcpClient.Connect(IPAddress address, Int32 port)
   在 NetComm.PureTcp.PureClientConnector.kDYdPt6Sikufh1AsaFP(Object , Object , Int32 )
   在 NetComm.PureTcp.PureClientConnector.kNyHwh1Mf(Boolean , Boolean )

***队列日志2***
2019/6/12 19:40:08：error-连接发生异常错误消息由于连接方在一段时间后没有正确答复或连接的主机没有反应，连接尝试失败。 67.21.80.212:80堆椎信息   在 System.Net.Sockets.Socket.DoConnect(EndPoint endPointSnapshot, SocketAddress socketAddress)
   在 System.Net.Sockets.Socket.Connect(EndPoint remoteEP)
   在 System.Net.Sockets.TcpClient.Connect(IPEndPoint remoteEP)
   在 System.Net.Sockets.TcpClient.Connect(IPAddress address, Int32 port)
   在 NetComm.PureTcp.PureClientConnector.kDYdPt6Sikufh1AsaFP(Object , Object , Int32 )
   在 NetComm.PureTcp.PureClientConnector.kNyHwh1Mf(Boolean , Boolean )
2019/6/12 19:40:08：error-连接发生异常错误消息由于连接方在一段时间后没有正确答复或连接的主机没有反应，连接尝试失败。 192.210.171.12:80堆椎信息   在 System.Net.Sockets.Socket.DoConnect(EndPoint endPointSnapshot, SocketAddress socketAddress)
   在 System.Net.Sockets.Socket.Connect(EndPoint remoteEP)
   在 System.Net.Sockets.TcpClient.Connect(IPEndPoint remoteEP)
   在 System.Net.Sockets.TcpClient.Connect(IPAddress address, Int32 port)
   在 NetComm.PureTcp.PureClientConnector.kDYdPt6Sikufh1AsaFP(Object , Object , Int32 )
   在 NetComm.PureTcp.PureClientConnector.kNyHwh1Mf(Boolean , Boolean )

***队列日志2***
2019/6/12 19:40:29：error-连接发生异常错误消息由于连接方在一段时间后没有正确答复或连接的主机没有反应，连接尝试失败。 67.21.80.212:80堆椎信息   在 System.Net.Sockets.Socket.DoConnect(EndPoint endPointSnapshot, SocketAddress socketAddress)
   在 System.Net.Sockets.Socket.Connect(EndPoint remoteEP)
   在 System.Net.Sockets.TcpClient.Connect(IPEndPoint remoteEP)
   在 System.Net.Sockets.TcpClient.Connect(IPAddress address, Int32 port)
   在 NetComm.PureTcp.PureClientConnector.kDYdPt6Sikufh1AsaFP(Object , Object , Int32 )
   在 NetComm.PureTcp.PureClientConnector.kNyHwh1Mf(Boolean , Boolean )
2019/6/12 19:40:29：error-连接发生异常错误消息由于连接方在一段时间后没有正确答复或连接的主机没有反应，连接尝试失败。 192.210.171.12:80堆椎信息   在 System.Net.Sockets.Socket.DoConnect(EndPoint endPointSnapshot, SocketAddress socketAddress)
   在 System.Net.Sockets.Socket.Connect(EndPoint remoteEP)
   在 System.Net.Sockets.TcpClient.Connect(IPEndPoint remoteEP)
   在 System.Net.Sockets.TcpClient.Connect(IPAddress address, Int32 port)
   在 NetComm.PureTcp.PureClientConnector.kDYdPt6Sikufh1AsaFP(Object , Object , Int32 )
   在 NetComm.PureTcp.PureClientConnector.kNyHwh1Mf(Boolean , Boolean )

***队列日志2***
2019/6/12 19:41:06：error-连接发生异常错误消息由于连接方在一段时间后没有正确答复或连接的主机没有反应，连接尝试失败。 67.21.80.212:14000堆椎信息   在 System.Net.Sockets.Socket.DoConnect(EndPoint endPointSnapshot, SocketAddress socketAddress)
   在 System.Net.Sockets.Socket.Connect(EndPoint remoteEP)
   在 System.Net.Sockets.TcpClient.Connect(IPEndPoint remoteEP)
   在 System.Net.Sockets.TcpClient.Connect(IPAddress address, Int32 port)
   在 NetComm.PureTcp.PureClientConnector.kDYdPt6Sikufh1AsaFP(Object , Object , Int32 )
   在 NetComm.PureTcp.PureClientConnector.kNyHwh1Mf(Boolean , Boolean )
2019/6/12 19:41:06：error-连接发生异常错误消息由于连接方在一段时间后没有正确答复或连接的主机没有反应，连接尝试失败。 192.210.171.12:14000堆椎信息   在 System.Net.Sockets.Socket.DoConnect(EndPoint endPointSnapshot, SocketAddress socketAddress)
   在 System.Net.Sockets.Socket.Connect(EndPoint remoteEP)
   在 System.Net.Sockets.TcpClient.Connect(IPEndPoint remoteEP)
   在 System.Net.Sockets.TcpClient.Connect(IPAddress address, Int32 port)
   在 NetComm.PureTcp.PureClientConnector.kDYdPt6Sikufh1AsaFP(Object , Object , Int32 )
   在 NetComm.PureTcp.PureClientConnector.kNyHwh1Mf(Boolean , Boolean )

***队列日志2***
2019/6/12 19:41:27：error-连接发生异常错误消息由于连接方在一段时间后没有正确答复或连接的主机没有反应，连接尝试失败。 67.21.80.212:80堆椎信息   在 System.Net.Sockets.Socket.DoConnect(EndPoint endPointSnapshot, SocketAddress socketAddress)
   在 System.Net.Sockets.Socket.Connect(EndPoint remoteEP)
   在 System.Net.Sockets.TcpClient.Connect(IPEndPoint remoteEP)
   在 System.Net.Sockets.TcpClient.Connect(IPAddress address, Int32 port)
   在 NetComm.PureTcp.PureClientConnector.kDYdPt6Sikufh1AsaFP(Object , Object , Int32 )
   在 NetComm.PureTcp.PureClientConnector.kNyHwh1Mf(Boolean , Boolean )
2019/6/12 19:41:27：error-连接发生异常错误消息由于连接方在一段时间后没有正确答复或连接的主机没有反应，连接尝试失败。 192.210.171.12:80堆椎信息   在 System.Net.Sockets.Socket.DoConnect(EndPoint endPointSnapshot, SocketAddress socketAddress)
   在 System.Net.Sockets.Socket.Connect(EndPoint remoteEP)
   在 System.Net.Sockets.TcpClient.Connect(IPEndPoint remoteEP)
   在 System.Net.Sockets.TcpClient.Connect(IPAddress address, Int32 port)
   在 NetComm.PureTcp.PureClientConnector.kDYdPt6Sikufh1AsaFP(Object , Object , Int32 )
   在 NetComm.PureTcp.PureClientConnector.kNyHwh1Mf(Boolean , Boolean )

***队列日志2***
2019/6/12 19:41:48：error-连接发生异常错误消息由于连接方在一段时间后没有正确答复或连接的主机没有反应，连接尝试失败。 67.21.80.212:80堆椎信息   在 System.Net.Sockets.Socket.DoConnect(EndPoint endPointSnapshot, SocketAddress socketAddress)
   在 System.Net.Sockets.Socket.Connect(EndPoint remoteEP)
   在 System.Net.Sockets.TcpClient.Connect(IPEndPoint remoteEP)
   在 System.Net.Sockets.TcpClient.Connect(IPAddress address, Int32 port)
   在 NetComm.PureTcp.PureClientConnector.kDYdPt6Sikufh1AsaFP(Object , Object , Int32 )
   在 NetComm.PureTcp.PureClientConnector.kNyHwh1Mf(Boolean , Boolean )
2019/6/12 19:41:48：error-连接发生异常错误消息由于连接方在一段时间后没有正确答复或连接的主机没有反应，连接尝试失败。 192.210.171.12:80堆椎信息   在 System.Net.Sockets.Socket.DoConnect(EndPoint endPointSnapshot, SocketAddress socketAddress)
   在 System.Net.Sockets.Socket.Connect(EndPoint remoteEP)
   在 System.Net.Sockets.TcpClient.Connect(IPEndPoint remoteEP)
   在 System.Net.Sockets.TcpClient.Connect(IPAddress address, Int32 port)
   在 NetComm.PureTcp.PureClientConnector.kDYdPt6Sikufh1AsaFP(Object , Object , Int32 )
   在 NetComm.PureTcp.PureClientConnector.kNyHwh1Mf(Boolean , Boolean )

***队列日志2***
2019/6/12 19:42:53：error-连接发生异常错误消息由于连接方在一段时间后没有正确答复或连接的主机没有反应，连接尝试失败。 67.21.80.212:14000堆椎信息   在 System.Net.Sockets.Socket.DoConnect(EndPoint endPointSnapshot, SocketAddress socketAddress)
   在 System.Net.Sockets.Socket.Connect(EndPoint remoteEP)
   在 System.Net.Sockets.TcpClient.Connect(IPEndPoint remoteEP)
   在 System.Net.Sockets.TcpClient.Connect(IPAddress address, Int32 port)
   在 NetComm.PureTcp.PureClientConnector.kDYdPt6Sikufh1AsaFP(Object , Object , Int32 )
   在 NetComm.PureTcp.PureClientConnector.kNyHwh1Mf(Boolean , Boolean )
2019/6/12 19:42:53：error-连接发生异常错误消息由于连接方在一段时间后没有正确答复或连接的主机没有反应，连接尝试失败。 192.210.171.12:14000堆椎信息   在 System.Net.Sockets.Socket.DoConnect(EndPoint endPointSnapshot, SocketAddress socketAddress)
   在 System.Net.Sockets.Socket.Connect(EndPoint remoteEP)
   在 System.Net.Sockets.TcpClient.Connect(IPEndPoint remoteEP)
   在 System.Net.Sockets.TcpClient.Connect(IPAddress address, Int32 port)
   在 NetComm.PureTcp.PureClientConnector.kDYdPt6Sikufh1AsaFP(Object , Object , Int32 )
   在 NetComm.PureTcp.PureClientConnector.kNyHwh1Mf(Boolean , Boolean )

***队列日志2***
2019/6/12 19:43:14：error-连接发生异常错误消息由于连接方在一段时间后没有正确答复或连接的主机没有反应，连接尝试失败。 67.21.80.212:80堆椎信息   在 System.Net.Sockets.Socket.DoConnect(EndPoint endPointSnapshot, SocketAddress socketAddress)
   在 System.Net.Sockets.Socket.Connect(EndPoint remoteEP)
   在 System.Net.Sockets.TcpClient.Connect(IPEndPoint remoteEP)
   在 System.Net.Sockets.TcpClient.Connect(IPAddress address, Int32 port)
   在 NetComm.PureTcp.PureClientConnector.kDYdPt6Sikufh1AsaFP(Object , Object , Int32 )
   在 NetComm.PureTcp.PureClientConnector.kNyHwh1Mf(Boolean , Boolean )
2019/6/12 19:43:14：error-连接发生异常错误消息由于连接方在一段时间后没有正确答复或连接的主机没有反应，连接尝试失败。 192.210.171.12:80堆椎信息   在 System.Net.Sockets.Socket.DoConnect(EndPoint endPointSnapshot, SocketAddress socketAddress)
   在 System.Net.Sockets.Socket.Connect(EndPoint remoteEP)
   在 System.Net.Sockets.TcpClient.Connect(IPEndPoint remoteEP)
   在 System.Net.Sockets.TcpClient.Connect(IPAddress address, Int32 port)
   在 NetComm.PureTcp.PureClientConnector.kDYdPt6Sikufh1AsaFP(Object , Object , Int32 )
   在 NetComm.PureTcp.PureClientConnector.kNyHwh1Mf(Boolean , Boolean )

***队列日志2***
2019/6/12 19:43:35：error-连接发生异常错误消息由于连接方在一段时间后没有正确答复或连接的主机没有反应，连接尝试失败。 67.21.80.212:80堆椎信息   在 System.Net.Sockets.Socket.DoConnect(EndPoint endPointSnapshot, SocketAddress socketAddress)
   在 System.Net.Sockets.Socket.Connect(EndPoint remoteEP)
   在 System.Net.Sockets.TcpClient.Connect(IPEndPoint remoteEP)
   在 System.Net.Sockets.TcpClient.Connect(IPAddress address, Int32 port)
   在 NetComm.PureTcp.PureClientConnector.kDYdPt6Sikufh1AsaFP(Object , Object , Int32 )
   在 NetComm.PureTcp.PureClientConnector.kNyHwh1Mf(Boolean , Boolean )
2019/6/12 19:43:35：error-连接发生异常错误消息由于连接方在一段时间后没有正确答复或连接的主机没有反应，连接尝试失败。 192.210.171.12:80堆椎信息   在 System.Net.Sockets.Socket.DoConnect(EndPoint endPointSnapshot, SocketAddress socketAddress)
   在 System.Net.Sockets.Socket.Connect(EndPoint remoteEP)
   在 System.Net.Sockets.TcpClient.Connect(IPEndPoint remoteEP)
   在 System.Net.Sockets.TcpClient.Connect(IPAddress address, Int32 port)
   在 NetComm.PureTcp.PureClientConnector.kDYdPt6Sikufh1AsaFP(Object , Object , Int32 )
   在 NetComm.PureTcp.PureClientConnector.kNyHwh1Mf(Boolean , Boolean )

***队列日志2***
2019/6/12 19:44:45：error-连接发生异常错误消息由于连接方在一段时间后没有正确答复或连接的主机没有反应，连接尝试失败。 67.21.80.212:14000堆椎信息   在 System.Net.Sockets.Socket.DoConnect(EndPoint endPointSnapshot, SocketAddress socketAddress)
   在 System.Net.Sockets.Socket.Connect(EndPoint remoteEP)
   在 System.Net.Sockets.TcpClient.Connect(IPEndPoint remoteEP)
   在 System.Net.Sockets.TcpClient.Connect(IPAddress address, Int32 port)
   在 NetComm.PureTcp.PureClientConnector.kDYdPt6Sikufh1AsaFP(Object , Object , Int32 )
   在 NetComm.PureTcp.PureClientConnector.kNyHwh1Mf(Boolean , Boolean )
2019/6/12 19:44:45：error-连接发生异常错误消息由于连接方在一段时间后没有正确答复或连接的主机没有反应，连接尝试失败。 192.210.171.12:14000堆椎信息   在 System.Net.Sockets.Socket.DoConnect(EndPoint endPointSnapshot, SocketAddress socketAddress)
   在 System.Net.Sockets.Socket.Connect(EndPoint remoteEP)
   在 System.Net.Sockets.TcpClient.Connect(IPEndPoint remoteEP)
   在 System.Net.Sockets.TcpClient.Connect(IPAddress address, Int32 port)
   在 NetComm.PureTcp.PureClientConnector.kDYdPt6Sikufh1AsaFP(Object , Object , Int32 )
   在 NetComm.PureTcp.PureClientConnector.kNyHwh1Mf(Boolean , Boolean )

***队列日志2***
2019/6/12 19:45:06：error-连接发生异常错误消息由于连接方在一段时间后没有正确答复或连接的主机没有反应，连接尝试失败。 67.21.80.212:80堆椎信息   在 System.Net.Sockets.Socket.DoConnect(EndPoint endPointSnapshot, SocketAddress socketAddress)
   在 System.Net.Sockets.Socket.Connect(EndPoint remoteEP)
   在 System.Net.Sockets.TcpClient.Connect(IPEndPoint remoteEP)
   在 System.Net.Sockets.TcpClient.Connect(IPAddress address, Int32 port)
   在 NetComm.PureTcp.PureClientConnector.kDYdPt6Sikufh1AsaFP(Object , Object , Int32 )
   在 NetComm.PureTcp.PureClientConnector.kNyHwh1Mf(Boolean , Boolean )
2019/6/12 19:45:06：error-连接发生异常错误消息由于连接方在一段时间后没有正确答复或连接的主机没有反应，连接尝试失败。 192.210.171.12:80堆椎信息   在 System.Net.Sockets.Socket.DoConnect(EndPoint endPointSnapshot, SocketAddress socketAddress)
   在 System.Net.Sockets.Socket.Connect(EndPoint remoteEP)
   在 System.Net.Sockets.TcpClient.Connect(IPEndPoint remoteEP)
   在 System.Net.Sockets.TcpClient.Connect(IPAddress address, Int32 port)
   在 NetComm.PureTcp.PureClientConnector.kDYdPt6Sikufh1AsaFP(Object , Object , Int32 )
   在 NetComm.PureTcp.PureClientConnector.kNyHwh1Mf(Boolean , Boolean )

***队列日志2***
2019/6/12 19:45:27：error-连接发生异常错误消息由于连接方在一段时间后没有正确答复或连接的主机没有反应，连接尝试失败。 67.21.80.212:80堆椎信息   在 System.Net.Sockets.Socket.DoConnect(EndPoint endPointSnapshot, SocketAddress socketAddress)
   在 System.Net.Sockets.Socket.Connect(EndPoint remoteEP)
   在 System.Net.Sockets.TcpClient.Connect(IPEndPoint remoteEP)
   在 System.Net.Sockets.TcpClient.Connect(IPAddress address, Int32 port)
   在 NetComm.PureTcp.PureClientConnector.kDYdPt6Sikufh1AsaFP(Object , Object , Int32 )
   在 NetComm.PureTcp.PureClientConnector.kNyHwh1Mf(Boolean , Boolean )
2019/6/12 19:45:27：error-连接发生异常错误消息由于连接方在一段时间后没有正确答复或连接的主机没有反应，连接尝试失败。 192.210.171.12:80堆椎信息   在 System.Net.Sockets.Socket.DoConnect(EndPoint endPointSnapshot, SocketAddress socketAddress)
   在 System.Net.Sockets.Socket.Connect(EndPoint remoteEP)
   在 System.Net.Sockets.TcpClient.Connect(IPEndPoint remoteEP)
   在 System.Net.Sockets.TcpClient.Connect(IPAddress address, Int32 port)
   在 NetComm.PureTcp.PureClientConnector.kDYdPt6Sikufh1AsaFP(Object , Object , Int32 )
   在 NetComm.PureTcp.PureClientConnector.kNyHwh1Mf(Boolean , Boolean )

***队列日志2***
2019/6/12 19:46:27：error-连接发生异常错误消息由于连接方在一段时间后没有正确答复或连接的主机没有反应，连接尝试失败。 67.21.80.212:14000堆椎信息   在 System.Net.Sockets.Socket.DoConnect(EndPoint endPointSnapshot, SocketAddress socketAddress)
   在 System.Net.Sockets.Socket.Connect(EndPoint remoteEP)
   在 System.Net.Sockets.TcpClient.Connect(IPEndPoint remoteEP)
   在 System.Net.Sockets.TcpClient.Connect(IPAddress address, Int32 port)
   在 NetComm.PureTcp.PureClientConnector.kDYdPt6Sikufh1AsaFP(Object , Object , Int32 )
   在 NetComm.PureTcp.PureClientConnector.kNyHwh1Mf(Boolean , Boolean )
2019/6/12 19:46:27：error-连接发生异常错误消息由于连接方在一段时间后没有正确答复或连接的主机没有反应，连接尝试失败。 192.210.171.12:14000堆椎信息   在 System.Net.Sockets.Socket.DoConnect(EndPoint endPointSnapshot, SocketAddress socketAddress)
   在 System.Net.Sockets.Socket.Connect(EndPoint remoteEP)
   在 System.Net.Sockets.TcpClient.Connect(IPEndPoint remoteEP)
   在 System.Net.Sockets.TcpClient.Connect(IPAddress address, Int32 port)
   在 NetComm.PureTcp.PureClientConnector.kDYdPt6Sikufh1AsaFP(Object , Object , Int32 )
   在 NetComm.PureTcp.PureClientConnector.kNyHwh1Mf(Boolean , Boolean )

***队列日志2***
2019/6/12 19:46:48：error-连接发生异常错误消息由于连接方在一段时间后没有正确答复或连接的主机没有反应，连接尝试失败。 67.21.80.212:80堆椎信息   在 System.Net.Sockets.Socket.DoConnect(EndPoint endPointSnapshot, SocketAddress socketAddress)
   在 System.Net.Sockets.Socket.Connect(EndPoint remoteEP)
   在 System.Net.Sockets.TcpClient.Connect(IPEndPoint remoteEP)
   在 System.Net.Sockets.TcpClient.Connect(IPAddress address, Int32 port)
   在 NetComm.PureTcp.PureClientConnector.kDYdPt6Sikufh1AsaFP(Object , Object , Int32 )
   在 NetComm.PureTcp.PureClientConnector.kNyHwh1Mf(Boolean , Boolean )
2019/6/12 19:46:48：error-连接发生异常错误消息由于连接方在一段时间后没有正确答复或连接的主机没有反应，连接尝试失败。 192.210.171.12:80堆椎信息   在 System.Net.Sockets.Socket.DoConnect(EndPoint endPointSnapshot, SocketAddress socketAddress)
   在 System.Net.Sockets.Socket.Connect(EndPoint remoteEP)
   在 System.Net.Sockets.TcpClient.Connect(IPEndPoint remoteEP)
   在 System.Net.Sockets.TcpClient.Connect(IPAddress address, Int32 port)
   在 NetComm.PureTcp.PureClientConnector.kDYdPt6Sikufh1AsaFP(Object , Object , Int32 )
   在 NetComm.PureTcp.PureClientConnector.kNyHwh1Mf(Boolean , Boolean )

***队列日志2***
2019/6/12 19:47:09：error-连接发生异常错误消息由于连接方在一段时间后没有正确答复或连接的主机没有反应，连接尝试失败。 67.21.80.212:80堆椎信息   在 System.Net.Sockets.Socket.DoConnect(EndPoint endPointSnapshot, SocketAddress socketAddress)
   在 System.Net.Sockets.Socket.Connect(EndPoint remoteEP)
   在 System.Net.Sockets.TcpClient.Connect(IPEndPoint remoteEP)
   在 System.Net.Sockets.TcpClient.Connect(IPAddress address, Int32 port)
   在 NetComm.PureTcp.PureClientConnector.kDYdPt6Sikufh1AsaFP(Object , Object , Int32 )
   在 NetComm.PureTcp.PureClientConnector.kNyHwh1Mf(Boolean , Boolean )
2019/6/12 19:47:09：error-连接发生异常错误消息由于连接方在一段时间后没有正确答复或连接的主机没有反应，连接尝试失败。 192.210.171.12:80堆椎信息   在 System.Net.Sockets.Socket.DoConnect(EndPoint endPointSnapshot, SocketAddress socketAddress)
   在 System.Net.Sockets.Socket.Connect(EndPoint remoteEP)
   在 System.Net.Sockets.TcpClient.Connect(IPEndPoint remoteEP)
   在 System.Net.Sockets.TcpClient.Connect(IPAddress address, Int32 port)
   在 NetComm.PureTcp.PureClientConnector.kDYdPt6Sikufh1AsaFP(Object , Object , Int32 )
   在 NetComm.PureTcp.PureClientConnector.kNyHwh1Mf(Boolean , Boolean )

***队列日志2***
2019/6/12 19:48:06：error-连接发生异常错误消息由于连接方在一段时间后没有正确答复或连接的主机没有反应，连接尝试失败。 67.21.80.212:14000堆椎信息   在 System.Net.Sockets.Socket.DoConnect(EndPoint endPointSnapshot, SocketAddress socketAddress)
   在 System.Net.Sockets.Socket.Connect(EndPoint remoteEP)
   在 System.Net.Sockets.TcpClient.Connect(IPEndPoint remoteEP)
   在 System.Net.Sockets.TcpClient.Connect(IPAddress address, Int32 port)
   在 NetComm.PureTcp.PureClientConnector.kDYdPt6Sikufh1AsaFP(Object , Object , Int32 )
   在 NetComm.PureTcp.PureClientConnector.kNyHwh1Mf(Boolean , Boolean )
2019/6/12 19:48:06：error-连接发生异常错误消息由于连接方在一段时间后没有正确答复或连接的主机没有反应，连接尝试失败。 192.210.171.12:14000堆椎信息   在 System.Net.Sockets.Socket.DoConnect(EndPoint endPointSnapshot, SocketAddress socketAddress)
   在 System.Net.Sockets.Socket.Connect(EndPoint remoteEP)
   在 System.Net.Sockets.TcpClient.Connect(IPEndPoint remoteEP)
   在 System.Net.Sockets.TcpClient.Connect(IPAddress address, Int32 port)
   在 NetComm.PureTcp.PureClientConnector.kDYdPt6Sikufh1AsaFP(Object , Object , Int32 )
   在 NetComm.PureTcp.PureClientConnector.kNyHwh1Mf(Boolean , Boolean )

***队列日志2***
2019/6/12 19:48:27：error-连接发生异常错误消息由于连接方在一段时间后没有正确答复或连接的主机没有反应，连接尝试失败。 67.21.80.212:80堆椎信息   在 System.Net.Sockets.Socket.DoConnect(EndPoint endPointSnapshot, SocketAddress socketAddress)
   在 System.Net.Sockets.Socket.Connect(EndPoint remoteEP)
   在 System.Net.Sockets.TcpClient.Connect(IPEndPoint remoteEP)
   在 System.Net.Sockets.TcpClient.Connect(IPAddress address, Int32 port)
   在 NetComm.PureTcp.PureClientConnector.kDYdPt6Sikufh1AsaFP(Object , Object , Int32 )
   在 NetComm.PureTcp.PureClientConnector.kNyHwh1Mf(Boolean , Boolean )
2019/6/12 19:48:27：error-连接发生异常错误消息由于连接方在一段时间后没有正确答复或连接的主机没有反应，连接尝试失败。 192.210.171.12:80堆椎信息   在 System.Net.Sockets.Socket.DoConnect(EndPoint endPointSnapshot, SocketAddress socketAddress)
   在 System.Net.Sockets.Socket.Connect(EndPoint remoteEP)
   在 System.Net.Sockets.TcpClient.Connect(IPEndPoint remoteEP)
   在 System.Net.Sockets.TcpClient.Connect(IPAddress address, Int32 port)
   在 NetComm.PureTcp.PureClientConnector.kDYdPt6Sikufh1AsaFP(Object , Object , Int32 )
   在 NetComm.PureTcp.PureClientConnector.kNyHwh1Mf(Boolean , Boolean )

***队列日志2***
2019/6/12 19:48:48：error-连接发生异常错误消息由于连接方在一段时间后没有正确答复或连接的主机没有反应，连接尝试失败。 67.21.80.212:80堆椎信息   在 System.Net.Sockets.Socket.DoConnect(EndPoint endPointSnapshot, SocketAddress socketAddress)
   在 System.Net.Sockets.Socket.Connect(EndPoint remoteEP)
   在 System.Net.Sockets.TcpClient.Connect(IPEndPoint remoteEP)
   在 System.Net.Sockets.TcpClient.Connect(IPAddress address, Int32 port)
   在 NetComm.PureTcp.PureClientConnector.kDYdPt6Sikufh1AsaFP(Object , Object , Int32 )
   在 NetComm.PureTcp.PureClientConnector.kNyHwh1Mf(Boolean , Boolean )
2019/6/12 19:48:48：error-连接发生异常错误消息由于连接方在一段时间后没有正确答复或连接的主机没有反应，连接尝试失败。 192.210.171.12:80堆椎信息   在 System.Net.Sockets.Socket.DoConnect(EndPoint endPointSnapshot, SocketAddress socketAddress)
   在 System.Net.Sockets.Socket.Connect(EndPoint remoteEP)
   在 System.Net.Sockets.TcpClient.Connect(IPEndPoint remoteEP)
   在 System.Net.Sockets.TcpClient.Connect(IPAddress address, Int32 port)
   在 NetComm.PureTcp.PureClientConnector.kDYdPt6Sikufh1AsaFP(Object , Object , Int32 )
   在 NetComm.PureTcp.PureClientConnector.kNyHwh1Mf(Boolean , Boolean )
