
***队列日志2***
2019/6/12 20:04:22：error-连接发生异常错误消息由于连接方在一段时间后没有正确答复或连接的主机没有反应，连接尝试失败。 67.21.80.212:14000堆椎信息   在 System.Net.Sockets.Socket.DoConnect(EndPoint endPointSnapshot, SocketAddress socketAddress)
   在 System.Net.Sockets.Socket.Connect(EndPoint remoteEP)
   在 System.Net.Sockets.TcpClient.Connect(IPEndPoint remoteEP)
   在 System.Net.Sockets.TcpClient.Connect(IPAddress address, Int32 port)
   在 NetComm.PureTcp.PureClientConnector.kDYdPt6Sikufh1AsaFP(Object , Object , Int32 )
   在 NetComm.PureTcp.PureClientConnector.kNyHwh1Mf(Boolean , Boolean )
2019/6/12 20:04:22：error-连接发生异常错误消息由于连接方在一段时间后没有正确答复或连接的主机没有反应，连接尝试失败。 192.210.171.12:14000堆椎信息   在 System.Net.Sockets.Socket.DoConnect(EndPoint endPointSnapshot, SocketAddress socketAddress)
   在 System.Net.Sockets.Socket.Connect(EndPoint remoteEP)
   在 System.Net.Sockets.TcpClient.Connect(IPEndPoint remoteEP)
   在 System.Net.Sockets.TcpClient.Connect(IPAddress address, Int32 port)
   在 NetComm.PureTcp.PureClientConnector.kDYdPt6Sikufh1AsaFP(Object , Object , Int32 )
   在 NetComm.PureTcp.PureClientConnector.kNyHwh1Mf(Boolean , Boolean )

***队列日志2***
2019/6/12 20:04:43：error-连接发生异常错误消息由于连接方在一段时间后没有正确答复或连接的主机没有反应，连接尝试失败。 192.210.171.12:80堆椎信息   在 System.Net.Sockets.Socket.DoConnect(EndPoint endPointSnapshot, SocketAddress socketAddress)
   在 System.Net.Sockets.Socket.Connect(EndPoint remoteEP)
   在 System.Net.Sockets.TcpClient.Connect(IPEndPoint remoteEP)
   在 System.Net.Sockets.TcpClient.Connect(IPAddress address, Int32 port)
   在 NetComm.PureTcp.PureClientConnector.kDYdPt6Sikufh1AsaFP(Object , Object , Int32 )
   在 NetComm.PureTcp.PureClientConnector.kNyHwh1Mf(Boolean , Boolean )
2019/6/12 20:04:43：error-连接发生异常错误消息由于连接方在一段时间后没有正确答复或连接的主机没有反应，连接尝试失败。 67.21.80.212:80堆椎信息   在 System.Net.Sockets.Socket.DoConnect(EndPoint endPointSnapshot, SocketAddress socketAddress)
   在 System.Net.Sockets.Socket.Connect(EndPoint remoteEP)
   在 System.Net.Sockets.TcpClient.Connect(IPEndPoint remoteEP)
   在 System.Net.Sockets.TcpClient.Connect(IPAddress address, Int32 port)
   在 NetComm.PureTcp.PureClientConnector.kDYdPt6Sikufh1AsaFP(Object , Object , Int32 )
   在 NetComm.PureTcp.PureClientConnector.kNyHwh1Mf(Boolean , Boolean )

***队列日志2***
2019/6/12 20:05:04：error-连接发生异常错误消息由于连接方在一段时间后没有正确答复或连接的主机没有反应，连接尝试失败。 67.21.80.212:80堆椎信息   在 System.Net.Sockets.Socket.DoConnect(EndPoint endPointSnapshot, SocketAddress socketAddress)
   在 System.Net.Sockets.Socket.Connect(EndPoint remoteEP)
   在 System.Net.Sockets.TcpClient.Connect(IPEndPoint remoteEP)
   在 System.Net.Sockets.TcpClient.Connect(IPAddress address, Int32 port)
   在 NetComm.PureTcp.PureClientConnector.kDYdPt6Sikufh1AsaFP(Object , Object , Int32 )
   在 NetComm.PureTcp.PureClientConnector.kNyHwh1Mf(Boolean , Boolean )
2019/6/12 20:05:04：error-连接发生异常错误消息由于连接方在一段时间后没有正确答复或连接的主机没有反应，连接尝试失败。 192.210.171.12:80堆椎信息   在 System.Net.Sockets.Socket.DoConnect(EndPoint endPointSnapshot, SocketAddress socketAddress)
   在 System.Net.Sockets.Socket.Connect(EndPoint remoteEP)
   在 System.Net.Sockets.TcpClient.Connect(IPEndPoint remoteEP)
   在 System.Net.Sockets.TcpClient.Connect(IPAddress address, Int32 port)
   在 NetComm.PureTcp.PureClientConnector.kDYdPt6Sikufh1AsaFP(Object , Object , Int32 )
   在 NetComm.PureTcp.PureClientConnector.kNyHwh1Mf(Boolean , Boolean )

***队列日志4***
2019/6/12 20:05:33：error-tmpListener.Start()全端口启动监听出错570b1b97.all123.net:3306目标端口3306错误消息以一种访问权限不允许的方式做了一个访问套接字的尝试。堆椎信息   在 System.Net.Sockets.Socket.DoBind(EndPoint endPointSnapshot, SocketAddress socketAddress)
   在 System.Net.Sockets.Socket.Bind(EndPoint localEP)
   在 System.Net.Sockets.TcpListener.Start(Int32 backlog)
   在 NetComm.Nat123Visitor.Nat123VisitorServer.kensXmDcowHbHoW8gN8(Object )
   在 NetComm.Nat123Visitor.Nat123VisitorServer.GKAX53JKs(Nat123VisitorEty , TcpListener )
2019/6/12 20:05:33：error-开启监听全端口出错,端口570b1b97.all123.net:3306错误消息未在侦听。调用此方法前必须先调用 Start() 方法。堆椎信息   在 System.Net.Sockets.TcpListener.BeginAcceptTcpClient(AsyncCallback callback, Object state)
   在 NetComm.Nat123Visitor.Nat123VisitorServer.RRQp4UDfi99vMatJCMu(Object , Object , Object )
   在 NetComm.Nat123Visitor.Nat123VisitorServer.GKAX53JKs(Nat123VisitorEty , TcpListener )
   在 NetComm.Nat123Visitor.Nat123VisitorServer.nNvDJNW2L(Nat123VisitorEty , Int32 )
2019/6/12 20:05:33：error-tmpListener.Start()全端口启动监听出错570b1b97.all123.net:3306目标端口3306错误消息以一种访问权限不允许的方式做了一个访问套接字的尝试。堆椎信息   在 System.Net.Sockets.Socket.DoBind(EndPoint endPointSnapshot, SocketAddress socketAddress)
   在 System.Net.Sockets.Socket.Bind(EndPoint localEP)
   在 System.Net.Sockets.TcpListener.Start(Int32 backlog)
   在 NetComm.Nat123Visitor.Nat123VisitorServer.kensXmDcowHbHoW8gN8(Object )
   在 NetComm.Nat123Visitor.Nat123VisitorServer.GKAX53JKs(Nat123VisitorEty , TcpListener )
2019/6/12 20:05:33：error-开启监听全端口出错,端口570b1b97.all123.net:3306错误消息未在侦听。调用此方法前必须先调用 Start() 方法。堆椎信息   在 System.Net.Sockets.TcpListener.BeginAcceptTcpClient(AsyncCallback callback, Object state)
   在 NetComm.Nat123Visitor.Nat123VisitorServer.RRQp4UDfi99vMatJCMu(Object , Object , Object )
   在 NetComm.Nat123Visitor.Nat123VisitorServer.GKAX53JKs(Nat123VisitorEty , TcpListener )
   在 NetComm.Nat123Visitor.Nat123VisitorServer.nNvDJNW2L(Nat123VisitorEty , Int32 )

***队列日志2***
2019/6/12 20:06:12：error-连接发生异常错误消息由于连接方在一段时间后没有正确答复或连接的主机没有反应，连接尝试失败。 192.210.171.12:14000堆椎信息   在 System.Net.Sockets.Socket.DoConnect(EndPoint endPointSnapshot, SocketAddress socketAddress)
   在 System.Net.Sockets.Socket.Connect(EndPoint remoteEP)
   在 System.Net.Sockets.TcpClient.Connect(IPEndPoint remoteEP)
   在 System.Net.Sockets.TcpClient.Connect(IPAddress address, Int32 port)
   在 NetComm.PureTcp.PureClientConnector.kDYdPt6Sikufh1AsaFP(Object , Object , Int32 )
   在 NetComm.PureTcp.PureClientConnector.kNyHwh1Mf(Boolean , Boolean )
2019/6/12 20:06:12：error-连接发生异常错误消息由于连接方在一段时间后没有正确答复或连接的主机没有反应，连接尝试失败。 67.21.80.212:14000堆椎信息   在 System.Net.Sockets.Socket.DoConnect(EndPoint endPointSnapshot, SocketAddress socketAddress)
   在 System.Net.Sockets.Socket.Connect(EndPoint remoteEP)
   在 System.Net.Sockets.TcpClient.Connect(IPEndPoint remoteEP)
   在 System.Net.Sockets.TcpClient.Connect(IPAddress address, Int32 port)
   在 NetComm.PureTcp.PureClientConnector.kDYdPt6Sikufh1AsaFP(Object , Object , Int32 )
   在 NetComm.PureTcp.PureClientConnector.kNyHwh1Mf(Boolean , Boolean )

***队列日志2***
2019/6/12 20:06:33：error-连接发生异常错误消息由于连接方在一段时间后没有正确答复或连接的主机没有反应，连接尝试失败。 192.210.171.12:80堆椎信息   在 System.Net.Sockets.Socket.DoConnect(EndPoint endPointSnapshot, SocketAddress socketAddress)
   在 System.Net.Sockets.Socket.Connect(EndPoint remoteEP)
   在 System.Net.Sockets.TcpClient.Connect(IPEndPoint remoteEP)
   在 System.Net.Sockets.TcpClient.Connect(IPAddress address, Int32 port)
   在 NetComm.PureTcp.PureClientConnector.kDYdPt6Sikufh1AsaFP(Object , Object , Int32 )
   在 NetComm.PureTcp.PureClientConnector.kNyHwh1Mf(Boolean , Boolean )
2019/6/12 20:06:33：error-连接发生异常错误消息由于连接方在一段时间后没有正确答复或连接的主机没有反应，连接尝试失败。 67.21.80.212:80堆椎信息   在 System.Net.Sockets.Socket.DoConnect(EndPoint endPointSnapshot, SocketAddress socketAddress)
   在 System.Net.Sockets.Socket.Connect(EndPoint remoteEP)
   在 System.Net.Sockets.TcpClient.Connect(IPEndPoint remoteEP)
   在 System.Net.Sockets.TcpClient.Connect(IPAddress address, Int32 port)
   在 NetComm.PureTcp.PureClientConnector.kDYdPt6Sikufh1AsaFP(Object , Object , Int32 )
   在 NetComm.PureTcp.PureClientConnector.kNyHwh1Mf(Boolean , Boolean )

***队列日志2***
2019/6/12 20:06:54：error-连接发生异常错误消息由于连接方在一段时间后没有正确答复或连接的主机没有反应，连接尝试失败。 192.210.171.12:80堆椎信息   在 System.Net.Sockets.Socket.DoConnect(EndPoint endPointSnapshot, SocketAddress socketAddress)
   在 System.Net.Sockets.Socket.Connect(EndPoint remoteEP)
   在 System.Net.Sockets.TcpClient.Connect(IPEndPoint remoteEP)
   在 System.Net.Sockets.TcpClient.Connect(IPAddress address, Int32 port)
   在 NetComm.PureTcp.PureClientConnector.kDYdPt6Sikufh1AsaFP(Object , Object , Int32 )
   在 NetComm.PureTcp.PureClientConnector.kNyHwh1Mf(Boolean , Boolean )
2019/6/12 20:06:54：error-连接发生异常错误消息由于连接方在一段时间后没有正确答复或连接的主机没有反应，连接尝试失败。 67.21.80.212:80堆椎信息   在 System.Net.Sockets.Socket.DoConnect(EndPoint endPointSnapshot, SocketAddress socketAddress)
   在 System.Net.Sockets.Socket.Connect(EndPoint remoteEP)
   在 System.Net.Sockets.TcpClient.Connect(IPEndPoint remoteEP)
   在 System.Net.Sockets.TcpClient.Connect(IPAddress address, Int32 port)
   在 NetComm.PureTcp.PureClientConnector.kDYdPt6Sikufh1AsaFP(Object , Object , Int32 )
   在 NetComm.PureTcp.PureClientConnector.kNyHwh1Mf(Boolean , Boolean )

***队列日志2***
2019/6/12 20:08:06：error-连接发生异常错误消息由于连接方在一段时间后没有正确答复或连接的主机没有反应，连接尝试失败。 192.210.171.12:14000堆椎信息   在 System.Net.Sockets.Socket.DoConnect(EndPoint endPointSnapshot, SocketAddress socketAddress)
   在 System.Net.Sockets.Socket.Connect(EndPoint remoteEP)
   在 System.Net.Sockets.TcpClient.Connect(IPEndPoint remoteEP)
   在 System.Net.Sockets.TcpClient.Connect(IPAddress address, Int32 port)
   在 NetComm.PureTcp.PureClientConnector.kDYdPt6Sikufh1AsaFP(Object , Object , Int32 )
   在 NetComm.PureTcp.PureClientConnector.kNyHwh1Mf(Boolean , Boolean )
2019/6/12 20:08:06：error-连接发生异常错误消息由于连接方在一段时间后没有正确答复或连接的主机没有反应，连接尝试失败。 67.21.80.212:14000堆椎信息   在 System.Net.Sockets.Socket.DoConnect(EndPoint endPointSnapshot, SocketAddress socketAddress)
   在 System.Net.Sockets.Socket.Connect(EndPoint remoteEP)
   在 System.Net.Sockets.TcpClient.Connect(IPEndPoint remoteEP)
   在 System.Net.Sockets.TcpClient.Connect(IPAddress address, Int32 port)
   在 NetComm.PureTcp.PureClientConnector.kDYdPt6Sikufh1AsaFP(Object , Object , Int32 )
   在 NetComm.PureTcp.PureClientConnector.kNyHwh1Mf(Boolean , Boolean )

***队列日志2***
2019/6/12 20:08:27：error-连接发生异常错误消息由于连接方在一段时间后没有正确答复或连接的主机没有反应，连接尝试失败。 192.210.171.12:80堆椎信息   在 System.Net.Sockets.Socket.DoConnect(EndPoint endPointSnapshot, SocketAddress socketAddress)
   在 System.Net.Sockets.Socket.Connect(EndPoint remoteEP)
   在 System.Net.Sockets.TcpClient.Connect(IPEndPoint remoteEP)
   在 System.Net.Sockets.TcpClient.Connect(IPAddress address, Int32 port)
   在 NetComm.PureTcp.PureClientConnector.kDYdPt6Sikufh1AsaFP(Object , Object , Int32 )
   在 NetComm.PureTcp.PureClientConnector.kNyHwh1Mf(Boolean , Boolean )
2019/6/12 20:08:27：error-连接发生异常错误消息由于连接方在一段时间后没有正确答复或连接的主机没有反应，连接尝试失败。 67.21.80.212:80堆椎信息   在 System.Net.Sockets.Socket.DoConnect(EndPoint endPointSnapshot, SocketAddress socketAddress)
   在 System.Net.Sockets.Socket.Connect(EndPoint remoteEP)
   在 System.Net.Sockets.TcpClient.Connect(IPEndPoint remoteEP)
   在 System.Net.Sockets.TcpClient.Connect(IPAddress address, Int32 port)
   在 NetComm.PureTcp.PureClientConnector.kDYdPt6Sikufh1AsaFP(Object , Object , Int32 )
   在 NetComm.PureTcp.PureClientConnector.kNyHwh1Mf(Boolean , Boolean )

***队列日志2***
2019/6/12 20:08:48：error-连接发生异常错误消息由于连接方在一段时间后没有正确答复或连接的主机没有反应，连接尝试失败。 67.21.80.212:80堆椎信息   在 System.Net.Sockets.Socket.DoConnect(EndPoint endPointSnapshot, SocketAddress socketAddress)
   在 System.Net.Sockets.Socket.Connect(EndPoint remoteEP)
   在 System.Net.Sockets.TcpClient.Connect(IPEndPoint remoteEP)
   在 System.Net.Sockets.TcpClient.Connect(IPAddress address, Int32 port)
   在 NetComm.PureTcp.PureClientConnector.kDYdPt6Sikufh1AsaFP(Object , Object , Int32 )
   在 NetComm.PureTcp.PureClientConnector.kNyHwh1Mf(Boolean , Boolean )
2019/6/12 20:08:48：error-连接发生异常错误消息由于连接方在一段时间后没有正确答复或连接的主机没有反应，连接尝试失败。 192.210.171.12:80堆椎信息   在 System.Net.Sockets.Socket.DoConnect(EndPoint endPointSnapshot, SocketAddress socketAddress)
   在 System.Net.Sockets.Socket.Connect(EndPoint remoteEP)
   在 System.Net.Sockets.TcpClient.Connect(IPEndPoint remoteEP)
   在 System.Net.Sockets.TcpClient.Connect(IPAddress address, Int32 port)
   在 NetComm.PureTcp.PureClientConnector.kDYdPt6Sikufh1AsaFP(Object , Object , Int32 )
   在 NetComm.PureTcp.PureClientConnector.kNyHwh1Mf(Boolean , Boolean )

***队列日志2***
2019/6/12 20:09:54：error-连接发生异常错误消息由于连接方在一段时间后没有正确答复或连接的主机没有反应，连接尝试失败。 192.210.171.12:14000堆椎信息   在 System.Net.Sockets.Socket.DoConnect(EndPoint endPointSnapshot, SocketAddress socketAddress)
   在 System.Net.Sockets.Socket.Connect(EndPoint remoteEP)
   在 System.Net.Sockets.TcpClient.Connect(IPEndPoint remoteEP)
   在 System.Net.Sockets.TcpClient.Connect(IPAddress address, Int32 port)
   在 NetComm.PureTcp.PureClientConnector.kDYdPt6Sikufh1AsaFP(Object , Object , Int32 )
   在 NetComm.PureTcp.PureClientConnector.kNyHwh1Mf(Boolean , Boolean )
2019/6/12 20:09:54：error-连接发生异常错误消息由于连接方在一段时间后没有正确答复或连接的主机没有反应，连接尝试失败。 67.21.80.212:14000堆椎信息   在 System.Net.Sockets.Socket.DoConnect(EndPoint endPointSnapshot, SocketAddress socketAddress)
   在 System.Net.Sockets.Socket.Connect(EndPoint remoteEP)
   在 System.Net.Sockets.TcpClient.Connect(IPEndPoint remoteEP)
   在 System.Net.Sockets.TcpClient.Connect(IPAddress address, Int32 port)
   在 NetComm.PureTcp.PureClientConnector.kDYdPt6Sikufh1AsaFP(Object , Object , Int32 )
   在 NetComm.PureTcp.PureClientConnector.kNyHwh1Mf(Boolean , Boolean )

***队列日志2***
2019/6/12 20:10:15：error-连接发生异常错误消息由于连接方在一段时间后没有正确答复或连接的主机没有反应，连接尝试失败。 67.21.80.212:80堆椎信息   在 System.Net.Sockets.Socket.DoConnect(EndPoint endPointSnapshot, SocketAddress socketAddress)
   在 System.Net.Sockets.Socket.Connect(EndPoint remoteEP)
   在 System.Net.Sockets.TcpClient.Connect(IPEndPoint remoteEP)
   在 System.Net.Sockets.TcpClient.Connect(IPAddress address, Int32 port)
   在 NetComm.PureTcp.PureClientConnector.kDYdPt6Sikufh1AsaFP(Object , Object , Int32 )
   在 NetComm.PureTcp.PureClientConnector.kNyHwh1Mf(Boolean , Boolean )
2019/6/12 20:10:15：error-连接发生异常错误消息由于连接方在一段时间后没有正确答复或连接的主机没有反应，连接尝试失败。 192.210.171.12:80堆椎信息   在 System.Net.Sockets.Socket.DoConnect(EndPoint endPointSnapshot, SocketAddress socketAddress)
   在 System.Net.Sockets.Socket.Connect(EndPoint remoteEP)
   在 System.Net.Sockets.TcpClient.Connect(IPEndPoint remoteEP)
   在 System.Net.Sockets.TcpClient.Connect(IPAddress address, Int32 port)
   在 NetComm.PureTcp.PureClientConnector.kDYdPt6Sikufh1AsaFP(Object , Object , Int32 )
   在 NetComm.PureTcp.PureClientConnector.kNyHwh1Mf(Boolean , Boolean )

***队列日志2***
2019/6/12 20:10:36：error-连接发生异常错误消息由于连接方在一段时间后没有正确答复或连接的主机没有反应，连接尝试失败。 192.210.171.12:80堆椎信息   在 System.Net.Sockets.Socket.DoConnect(EndPoint endPointSnapshot, SocketAddress socketAddress)
   在 System.Net.Sockets.Socket.Connect(EndPoint remoteEP)
   在 System.Net.Sockets.TcpClient.Connect(IPEndPoint remoteEP)
   在 System.Net.Sockets.TcpClient.Connect(IPAddress address, Int32 port)
   在 NetComm.PureTcp.PureClientConnector.kDYdPt6Sikufh1AsaFP(Object , Object , Int32 )
   在 NetComm.PureTcp.PureClientConnector.kNyHwh1Mf(Boolean , Boolean )
2019/6/12 20:10:36：error-连接发生异常错误消息由于连接方在一段时间后没有正确答复或连接的主机没有反应，连接尝试失败。 67.21.80.212:80堆椎信息   在 System.Net.Sockets.Socket.DoConnect(EndPoint endPointSnapshot, SocketAddress socketAddress)
   在 System.Net.Sockets.Socket.Connect(EndPoint remoteEP)
   在 System.Net.Sockets.TcpClient.Connect(IPEndPoint remoteEP)
   在 System.Net.Sockets.TcpClient.Connect(IPAddress address, Int32 port)
   在 NetComm.PureTcp.PureClientConnector.kDYdPt6Sikufh1AsaFP(Object , Object , Int32 )
   在 NetComm.PureTcp.PureClientConnector.kNyHwh1Mf(Boolean , Boolean )

***队列日志1***
2019/6/12 20:10:50：error-断开已用连接出错错误消息集合已修改；可能无法执行枚举操作。堆椎信息   在 System.ThrowHelper.ThrowInvalidOperationException(ExceptionResource resource)
   在 System.Collections.Generic.List`1.Enumerator.MoveNextRare()
   在 System.Collections.Generic.List`1.Enumerator.MoveNext()
   在 NetComm.PureTcp.PureClientConnector.Ey6hIWhMD()

***队列日志2***
2019/6/12 20:11:16：error-连接发生异常错误消息由于连接方在一段时间后没有正确答复或连接的主机没有反应，连接尝试失败。 192.210.171.12:14000堆椎信息   在 System.Net.Sockets.Socket.DoConnect(EndPoint endPointSnapshot, SocketAddress socketAddress)
   在 System.Net.Sockets.Socket.Connect(EndPoint remoteEP)
   在 System.Net.Sockets.TcpClient.Connect(IPEndPoint remoteEP)
   在 System.Net.Sockets.TcpClient.Connect(IPAddress address, Int32 port)
   在 NetComm.PureTcp.PureClientConnector.kDYdPt6Sikufh1AsaFP(Object , Object , Int32 )
   在 NetComm.PureTcp.PureClientConnector.kNyHwh1Mf(Boolean , Boolean )
2019/6/12 20:11:16：error-连接发生异常错误消息由于连接方在一段时间后没有正确答复或连接的主机没有反应，连接尝试失败。 67.21.80.212:14000堆椎信息   在 System.Net.Sockets.Socket.DoConnect(EndPoint endPointSnapshot, SocketAddress socketAddress)
   在 System.Net.Sockets.Socket.Connect(EndPoint remoteEP)
   在 System.Net.Sockets.TcpClient.Connect(IPEndPoint remoteEP)
   在 System.Net.Sockets.TcpClient.Connect(IPAddress address, Int32 port)
   在 NetComm.PureTcp.PureClientConnector.kDYdPt6Sikufh1AsaFP(Object , Object , Int32 )
   在 NetComm.PureTcp.PureClientConnector.kNyHwh1Mf(Boolean , Boolean )

***队列日志2***
2019/6/12 20:11:37：error-连接发生异常错误消息由于连接方在一段时间后没有正确答复或连接的主机没有反应，连接尝试失败。 192.210.171.12:80堆椎信息   在 System.Net.Sockets.Socket.DoConnect(EndPoint endPointSnapshot, SocketAddress socketAddress)
   在 System.Net.Sockets.Socket.Connect(EndPoint remoteEP)
   在 System.Net.Sockets.TcpClient.Connect(IPEndPoint remoteEP)
   在 System.Net.Sockets.TcpClient.Connect(IPAddress address, Int32 port)
   在 NetComm.PureTcp.PureClientConnector.kDYdPt6Sikufh1AsaFP(Object , Object , Int32 )
   在 NetComm.PureTcp.PureClientConnector.kNyHwh1Mf(Boolean , Boolean )
2019/6/12 20:11:37：error-连接发生异常错误消息由于连接方在一段时间后没有正确答复或连接的主机没有反应，连接尝试失败。 67.21.80.212:80堆椎信息   在 System.Net.Sockets.Socket.DoConnect(EndPoint endPointSnapshot, SocketAddress socketAddress)
   在 System.Net.Sockets.Socket.Connect(EndPoint remoteEP)
   在 System.Net.Sockets.TcpClient.Connect(IPEndPoint remoteEP)
   在 System.Net.Sockets.TcpClient.Connect(IPAddress address, Int32 port)
   在 NetComm.PureTcp.PureClientConnector.kDYdPt6Sikufh1AsaFP(Object , Object , Int32 )
   在 NetComm.PureTcp.PureClientConnector.kNyHwh1Mf(Boolean , Boolean )

***队列日志2***
2019/6/12 20:11:58：error-连接发生异常错误消息由于连接方在一段时间后没有正确答复或连接的主机没有反应，连接尝试失败。 192.210.171.12:80堆椎信息   在 System.Net.Sockets.Socket.DoConnect(EndPoint endPointSnapshot, SocketAddress socketAddress)
   在 System.Net.Sockets.Socket.Connect(EndPoint remoteEP)
   在 System.Net.Sockets.TcpClient.Connect(IPEndPoint remoteEP)
   在 System.Net.Sockets.TcpClient.Connect(IPAddress address, Int32 port)
   在 NetComm.PureTcp.PureClientConnector.kDYdPt6Sikufh1AsaFP(Object , Object , Int32 )
   在 NetComm.PureTcp.PureClientConnector.kNyHwh1Mf(Boolean , Boolean )
2019/6/12 20:11:58：error-连接发生异常错误消息由于连接方在一段时间后没有正确答复或连接的主机没有反应，连接尝试失败。 67.21.80.212:80堆椎信息   在 System.Net.Sockets.Socket.DoConnect(EndPoint endPointSnapshot, SocketAddress socketAddress)
   在 System.Net.Sockets.Socket.Connect(EndPoint remoteEP)
   在 System.Net.Sockets.TcpClient.Connect(IPEndPoint remoteEP)
   在 System.Net.Sockets.TcpClient.Connect(IPAddress address, Int32 port)
   在 NetComm.PureTcp.PureClientConnector.kDYdPt6Sikufh1AsaFP(Object , Object , Int32 )
   在 NetComm.PureTcp.PureClientConnector.kNyHwh1Mf(Boolean , Boolean )

***队列日志2***
2019/6/12 20:13:13：error-连接发生异常错误消息由于连接方在一段时间后没有正确答复或连接的主机没有反应，连接尝试失败。 192.210.171.12:14000堆椎信息   在 System.Net.Sockets.Socket.DoConnect(EndPoint endPointSnapshot, SocketAddress socketAddress)
   在 System.Net.Sockets.Socket.Connect(EndPoint remoteEP)
   在 System.Net.Sockets.TcpClient.Connect(IPEndPoint remoteEP)
   在 System.Net.Sockets.TcpClient.Connect(IPAddress address, Int32 port)
   在 NetComm.PureTcp.PureClientConnector.kDYdPt6Sikufh1AsaFP(Object , Object , Int32 )
   在 NetComm.PureTcp.PureClientConnector.kNyHwh1Mf(Boolean , Boolean )
2019/6/12 20:13:13：error-连接发生异常错误消息由于连接方在一段时间后没有正确答复或连接的主机没有反应，连接尝试失败。 67.21.80.212:14000堆椎信息   在 System.Net.Sockets.Socket.DoConnect(EndPoint endPointSnapshot, SocketAddress socketAddress)
   在 System.Net.Sockets.Socket.Connect(EndPoint remoteEP)
   在 System.Net.Sockets.TcpClient.Connect(IPEndPoint remoteEP)
   在 System.Net.Sockets.TcpClient.Connect(IPAddress address, Int32 port)
   在 NetComm.PureTcp.PureClientConnector.kDYdPt6Sikufh1AsaFP(Object , Object , Int32 )
   在 NetComm.PureTcp.PureClientConnector.kNyHwh1Mf(Boolean , Boolean )

***队列日志2***
2019/6/12 20:13:34：error-连接发生异常错误消息由于连接方在一段时间后没有正确答复或连接的主机没有反应，连接尝试失败。 192.210.171.12:80堆椎信息   在 System.Net.Sockets.Socket.DoConnect(EndPoint endPointSnapshot, SocketAddress socketAddress)
   在 System.Net.Sockets.Socket.Connect(EndPoint remoteEP)
   在 System.Net.Sockets.TcpClient.Connect(IPEndPoint remoteEP)
   在 System.Net.Sockets.TcpClient.Connect(IPAddress address, Int32 port)
   在 NetComm.PureTcp.PureClientConnector.kDYdPt6Sikufh1AsaFP(Object , Object , Int32 )
   在 NetComm.PureTcp.PureClientConnector.kNyHwh1Mf(Boolean , Boolean )
2019/6/12 20:13:34：error-连接发生异常错误消息由于连接方在一段时间后没有正确答复或连接的主机没有反应，连接尝试失败。 67.21.80.212:80堆椎信息   在 System.Net.Sockets.Socket.DoConnect(EndPoint endPointSnapshot, SocketAddress socketAddress)
   在 System.Net.Sockets.Socket.Connect(EndPoint remoteEP)
   在 System.Net.Sockets.TcpClient.Connect(IPEndPoint remoteEP)
   在 System.Net.Sockets.TcpClient.Connect(IPAddress address, Int32 port)
   在 NetComm.PureTcp.PureClientConnector.kDYdPt6Sikufh1AsaFP(Object , Object , Int32 )
   在 NetComm.PureTcp.PureClientConnector.kNyHwh1Mf(Boolean , Boolean )

***队列日志2***
2019/6/12 20:13:55：error-连接发生异常错误消息由于连接方在一段时间后没有正确答复或连接的主机没有反应，连接尝试失败。 192.210.171.12:80堆椎信息   在 System.Net.Sockets.Socket.DoConnect(EndPoint endPointSnapshot, SocketAddress socketAddress)
   在 System.Net.Sockets.Socket.Connect(EndPoint remoteEP)
   在 System.Net.Sockets.TcpClient.Connect(IPEndPoint remoteEP)
   在 System.Net.Sockets.TcpClient.Connect(IPAddress address, Int32 port)
   在 NetComm.PureTcp.PureClientConnector.kDYdPt6Sikufh1AsaFP(Object , Object , Int32 )
   在 NetComm.PureTcp.PureClientConnector.kNyHwh1Mf(Boolean , Boolean )
2019/6/12 20:13:55：error-连接发生异常错误消息由于连接方在一段时间后没有正确答复或连接的主机没有反应，连接尝试失败。 67.21.80.212:80堆椎信息   在 System.Net.Sockets.Socket.DoConnect(EndPoint endPointSnapshot, SocketAddress socketAddress)
   在 System.Net.Sockets.Socket.Connect(EndPoint remoteEP)
   在 System.Net.Sockets.TcpClient.Connect(IPEndPoint remoteEP)
   在 System.Net.Sockets.TcpClient.Connect(IPAddress address, Int32 port)
   在 NetComm.PureTcp.PureClientConnector.kDYdPt6Sikufh1AsaFP(Object , Object , Int32 )
   在 NetComm.PureTcp.PureClientConnector.kNyHwh1Mf(Boolean , Boolean )

***队列日志2***
2019/6/12 20:14:27：error-连接发生异常错误消息由于连接方在一段时间后没有正确答复或连接的主机没有反应，连接尝试失败。 192.210.171.12:14000堆椎信息   在 System.Net.Sockets.Socket.DoConnect(EndPoint endPointSnapshot, SocketAddress socketAddress)
   在 System.Net.Sockets.Socket.Connect(EndPoint remoteEP)
   在 System.Net.Sockets.TcpClient.Connect(IPEndPoint remoteEP)
   在 System.Net.Sockets.TcpClient.Connect(IPAddress address, Int32 port)
   在 NetComm.PureTcp.PureClientConnector.kDYdPt6Sikufh1AsaFP(Object , Object , Int32 )
   在 NetComm.PureTcp.PureClientConnector.kNyHwh1Mf(Boolean , Boolean )
2019/6/12 20:14:27：error-连接发生异常错误消息由于连接方在一段时间后没有正确答复或连接的主机没有反应，连接尝试失败。 67.21.80.212:14000堆椎信息   在 System.Net.Sockets.Socket.DoConnect(EndPoint endPointSnapshot, SocketAddress socketAddress)
   在 System.Net.Sockets.Socket.Connect(EndPoint remoteEP)
   在 System.Net.Sockets.TcpClient.Connect(IPEndPoint remoteEP)
   在 System.Net.Sockets.TcpClient.Connect(IPAddress address, Int32 port)
   在 NetComm.PureTcp.PureClientConnector.kDYdPt6Sikufh1AsaFP(Object , Object , Int32 )
   在 NetComm.PureTcp.PureClientConnector.kNyHwh1Mf(Boolean , Boolean )

***队列日志2***
2019/6/12 20:14:49：error-连接发生异常错误消息由于连接方在一段时间后没有正确答复或连接的主机没有反应，连接尝试失败。 67.21.80.212:80堆椎信息   在 System.Net.Sockets.Socket.DoConnect(EndPoint endPointSnapshot, SocketAddress socketAddress)
   在 System.Net.Sockets.Socket.Connect(EndPoint remoteEP)
   在 System.Net.Sockets.TcpClient.Connect(IPEndPoint remoteEP)
   在 System.Net.Sockets.TcpClient.Connect(IPAddress address, Int32 port)
   在 NetComm.PureTcp.PureClientConnector.kDYdPt6Sikufh1AsaFP(Object , Object , Int32 )
   在 NetComm.PureTcp.PureClientConnector.kNyHwh1Mf(Boolean , Boolean )
2019/6/12 20:14:49：error-连接发生异常错误消息由于连接方在一段时间后没有正确答复或连接的主机没有反应，连接尝试失败。 192.210.171.12:80堆椎信息   在 System.Net.Sockets.Socket.DoConnect(EndPoint endPointSnapshot, SocketAddress socketAddress)
   在 System.Net.Sockets.Socket.Connect(EndPoint remoteEP)
   在 System.Net.Sockets.TcpClient.Connect(IPEndPoint remoteEP)
   在 System.Net.Sockets.TcpClient.Connect(IPAddress address, Int32 port)
   在 NetComm.PureTcp.PureClientConnector.kDYdPt6Sikufh1AsaFP(Object , Object , Int32 )
   在 NetComm.PureTcp.PureClientConnector.kNyHwh1Mf(Boolean , Boolean )

***队列日志2***
2019/6/12 20:15:10：error-连接发生异常错误消息由于连接方在一段时间后没有正确答复或连接的主机没有反应，连接尝试失败。 67.21.80.212:80堆椎信息   在 System.Net.Sockets.Socket.DoConnect(EndPoint endPointSnapshot, SocketAddress socketAddress)
   在 System.Net.Sockets.Socket.Connect(EndPoint remoteEP)
   在 System.Net.Sockets.TcpClient.Connect(IPEndPoint remoteEP)
   在 System.Net.Sockets.TcpClient.Connect(IPAddress address, Int32 port)
   在 NetComm.PureTcp.PureClientConnector.kDYdPt6Sikufh1AsaFP(Object , Object , Int32 )
   在 NetComm.PureTcp.PureClientConnector.kNyHwh1Mf(Boolean , Boolean )
2019/6/12 20:15:10：error-连接发生异常错误消息由于连接方在一段时间后没有正确答复或连接的主机没有反应，连接尝试失败。 192.210.171.12:80堆椎信息   在 System.Net.Sockets.Socket.DoConnect(EndPoint endPointSnapshot, SocketAddress socketAddress)
   在 System.Net.Sockets.Socket.Connect(EndPoint remoteEP)
   在 System.Net.Sockets.TcpClient.Connect(IPEndPoint remoteEP)
   在 System.Net.Sockets.TcpClient.Connect(IPAddress address, Int32 port)
   在 NetComm.PureTcp.PureClientConnector.kDYdPt6Sikufh1AsaFP(Object , Object , Int32 )
   在 NetComm.PureTcp.PureClientConnector.kNyHwh1Mf(Boolean , Boolean )

***队列日志2***
2019/6/12 20:15:34：error-接收数据出错,连接断开本地10.162.32.83:58941远程218.244.147.32:13001错误消息无法从传输连接中读取数据: 一个封锁操作被对 WSACancelBlockingCall 的调用中断。。堆椎信息   在 System.Net.Sockets.NetworkStream.Read(Byte[] buffer, Int32 offset, Int32 size)
   在 NetComm.ClientUser.27CAI8AGAGkL9wVlxR(Object , Object , Int32 , Int32 )
   在 NetComm.ClientUser.RevieveThead()
2019/6/12 20:15:34：error-定时检查连接出错错误消息正在中止线程。堆椎信息   在 System.Threading.Thread.SleepInternal(Int32 millisecondsTimeout)
   在 System.Threading.Thread.Sleep(Int32 millisecondsTimeout)
   在 NetComm.ClientConnector.GoR2QqpAOv0GpySc5iR(Int32 )
   在 NetComm.ClientConnector.GKAX53JKs()

***队列日志2***
2019/6/12 20:15:46：error-连接发生异常错误消息由于连接方在一段时间后没有正确答复或连接的主机没有反应，连接尝试失败。 67.21.80.212:14000堆椎信息   在 System.Net.Sockets.Socket.DoConnect(EndPoint endPointSnapshot, SocketAddress socketAddress)
   在 System.Net.Sockets.Socket.Connect(EndPoint remoteEP)
   在 System.Net.Sockets.TcpClient.Connect(IPEndPoint remoteEP)
   在 System.Net.Sockets.TcpClient.Connect(IPAddress address, Int32 port)
   在 NetComm.PureTcp.PureClientConnector.kDYdPt6Sikufh1AsaFP(Object , Object , Int32 )
   在 NetComm.PureTcp.PureClientConnector.kNyHwh1Mf(Boolean , Boolean )
2019/6/12 20:15:46：error-连接发生异常错误消息由于连接方在一段时间后没有正确答复或连接的主机没有反应，连接尝试失败。 192.210.171.12:14000堆椎信息   在 System.Net.Sockets.Socket.DoConnect(EndPoint endPointSnapshot, SocketAddress socketAddress)
   在 System.Net.Sockets.Socket.Connect(EndPoint remoteEP)
   在 System.Net.Sockets.TcpClient.Connect(IPEndPoint remoteEP)
   在 System.Net.Sockets.TcpClient.Connect(IPAddress address, Int32 port)
   在 NetComm.PureTcp.PureClientConnector.kDYdPt6Sikufh1AsaFP(Object , Object , Int32 )
   在 NetComm.PureTcp.PureClientConnector.kNyHwh1Mf(Boolean , Boolean )

***队列日志2***
2019/6/12 20:16:07：error-连接发生异常错误消息由于连接方在一段时间后没有正确答复或连接的主机没有反应，连接尝试失败。 67.21.80.212:80堆椎信息   在 System.Net.Sockets.Socket.DoConnect(EndPoint endPointSnapshot, SocketAddress socketAddress)
   在 System.Net.Sockets.Socket.Connect(EndPoint remoteEP)
   在 System.Net.Sockets.TcpClient.Connect(IPEndPoint remoteEP)
   在 System.Net.Sockets.TcpClient.Connect(IPAddress address, Int32 port)
   在 NetComm.PureTcp.PureClientConnector.kDYdPt6Sikufh1AsaFP(Object , Object , Int32 )
   在 NetComm.PureTcp.PureClientConnector.kNyHwh1Mf(Boolean , Boolean )
2019/6/12 20:16:07：error-连接发生异常错误消息由于连接方在一段时间后没有正确答复或连接的主机没有反应，连接尝试失败。 192.210.171.12:80堆椎信息   在 System.Net.Sockets.Socket.DoConnect(EndPoint endPointSnapshot, SocketAddress socketAddress)
   在 System.Net.Sockets.Socket.Connect(EndPoint remoteEP)
   在 System.Net.Sockets.TcpClient.Connect(IPEndPoint remoteEP)
   在 System.Net.Sockets.TcpClient.Connect(IPAddress address, Int32 port)
   在 NetComm.PureTcp.PureClientConnector.kDYdPt6Sikufh1AsaFP(Object , Object , Int32 )
   在 NetComm.PureTcp.PureClientConnector.kNyHwh1Mf(Boolean , Boolean )

***队列日志2***
2019/6/12 20:16:28：error-连接发生异常错误消息由于连接方在一段时间后没有正确答复或连接的主机没有反应，连接尝试失败。 192.210.171.12:80堆椎信息   在 System.Net.Sockets.Socket.DoConnect(EndPoint endPointSnapshot, SocketAddress socketAddress)
   在 System.Net.Sockets.Socket.Connect(EndPoint remoteEP)
   在 System.Net.Sockets.TcpClient.Connect(IPEndPoint remoteEP)
   在 System.Net.Sockets.TcpClient.Connect(IPAddress address, Int32 port)
   在 NetComm.PureTcp.PureClientConnector.kDYdPt6Sikufh1AsaFP(Object , Object , Int32 )
   在 NetComm.PureTcp.PureClientConnector.kNyHwh1Mf(Boolean , Boolean )
2019/6/12 20:16:28：error-连接发生异常错误消息由于连接方在一段时间后没有正确答复或连接的主机没有反应，连接尝试失败。 67.21.80.212:80堆椎信息   在 System.Net.Sockets.Socket.DoConnect(EndPoint endPointSnapshot, SocketAddress socketAddress)
   在 System.Net.Sockets.Socket.Connect(EndPoint remoteEP)
   在 System.Net.Sockets.TcpClient.Connect(IPEndPoint remoteEP)
   在 System.Net.Sockets.TcpClient.Connect(IPAddress address, Int32 port)
   在 NetComm.PureTcp.PureClientConnector.kDYdPt6Sikufh1AsaFP(Object , Object , Int32 )
   在 NetComm.PureTcp.PureClientConnector.kNyHwh1Mf(Boolean , Boolean )

***队列日志2***
2019/6/12 20:17:22：error-连接发生异常错误消息由于连接方在一段时间后没有正确答复或连接的主机没有反应，连接尝试失败。 67.21.80.212:14000堆椎信息   在 System.Net.Sockets.Socket.DoConnect(EndPoint endPointSnapshot, SocketAddress socketAddress)
   在 System.Net.Sockets.Socket.Connect(EndPoint remoteEP)
   在 System.Net.Sockets.TcpClient.Connect(IPEndPoint remoteEP)
   在 System.Net.Sockets.TcpClient.Connect(IPAddress address, Int32 port)
   在 NetComm.PureTcp.PureClientConnector.kDYdPt6Sikufh1AsaFP(Object , Object , Int32 )
   在 NetComm.PureTcp.PureClientConnector.kNyHwh1Mf(Boolean , Boolean )
2019/6/12 20:17:22：error-连接发生异常错误消息由于连接方在一段时间后没有正确答复或连接的主机没有反应，连接尝试失败。 192.210.171.12:14000堆椎信息   在 System.Net.Sockets.Socket.DoConnect(EndPoint endPointSnapshot, SocketAddress socketAddress)
   在 System.Net.Sockets.Socket.Connect(EndPoint remoteEP)
   在 System.Net.Sockets.TcpClient.Connect(IPEndPoint remoteEP)
   在 System.Net.Sockets.TcpClient.Connect(IPAddress address, Int32 port)
   在 NetComm.PureTcp.PureClientConnector.kDYdPt6Sikufh1AsaFP(Object , Object , Int32 )
   在 NetComm.PureTcp.PureClientConnector.kNyHwh1Mf(Boolean , Boolean )

***队列日志2***
2019/6/12 20:17:43：error-连接发生异常错误消息由于连接方在一段时间后没有正确答复或连接的主机没有反应，连接尝试失败。 192.210.171.12:80堆椎信息   在 System.Net.Sockets.Socket.DoConnect(EndPoint endPointSnapshot, SocketAddress socketAddress)
   在 System.Net.Sockets.Socket.Connect(EndPoint remoteEP)
   在 System.Net.Sockets.TcpClient.Connect(IPEndPoint remoteEP)
   在 System.Net.Sockets.TcpClient.Connect(IPAddress address, Int32 port)
   在 NetComm.PureTcp.PureClientConnector.kDYdPt6Sikufh1AsaFP(Object , Object , Int32 )
   在 NetComm.PureTcp.PureClientConnector.kNyHwh1Mf(Boolean , Boolean )
2019/6/12 20:17:43：error-连接发生异常错误消息由于连接方在一段时间后没有正确答复或连接的主机没有反应，连接尝试失败。 67.21.80.212:80堆椎信息   在 System.Net.Sockets.Socket.DoConnect(EndPoint endPointSnapshot, SocketAddress socketAddress)
   在 System.Net.Sockets.Socket.Connect(EndPoint remoteEP)
   在 System.Net.Sockets.TcpClient.Connect(IPEndPoint remoteEP)
   在 System.Net.Sockets.TcpClient.Connect(IPAddress address, Int32 port)
   在 NetComm.PureTcp.PureClientConnector.kDYdPt6Sikufh1AsaFP(Object , Object , Int32 )
   在 NetComm.PureTcp.PureClientConnector.kNyHwh1Mf(Boolean , Boolean )

***队列日志2***
2019/6/12 20:18:04：error-连接发生异常错误消息由于连接方在一段时间后没有正确答复或连接的主机没有反应，连接尝试失败。 67.21.80.212:80堆椎信息   在 System.Net.Sockets.Socket.DoConnect(EndPoint endPointSnapshot, SocketAddress socketAddress)
   在 System.Net.Sockets.Socket.Connect(EndPoint remoteEP)
   在 System.Net.Sockets.TcpClient.Connect(IPEndPoint remoteEP)
   在 System.Net.Sockets.TcpClient.Connect(IPAddress address, Int32 port)
   在 NetComm.PureTcp.PureClientConnector.kDYdPt6Sikufh1AsaFP(Object , Object , Int32 )
   在 NetComm.PureTcp.PureClientConnector.kNyHwh1Mf(Boolean , Boolean )
2019/6/12 20:18:04：error-连接发生异常错误消息由于连接方在一段时间后没有正确答复或连接的主机没有反应，连接尝试失败。 192.210.171.12:80堆椎信息   在 System.Net.Sockets.Socket.DoConnect(EndPoint endPointSnapshot, SocketAddress socketAddress)
   在 System.Net.Sockets.Socket.Connect(EndPoint remoteEP)
   在 System.Net.Sockets.TcpClient.Connect(IPEndPoint remoteEP)
   在 System.Net.Sockets.TcpClient.Connect(IPAddress address, Int32 port)
   在 NetComm.PureTcp.PureClientConnector.kDYdPt6Sikufh1AsaFP(Object , Object , Int32 )
   在 NetComm.PureTcp.PureClientConnector.kNyHwh1Mf(Boolean , Boolean )

***队列日志2***
2019/6/12 20:18:37：error-连接发生异常错误消息由于连接方在一段时间后没有正确答复或连接的主机没有反应，连接尝试失败。 192.210.171.12:14000堆椎信息   在 System.Net.Sockets.Socket.DoConnect(EndPoint endPointSnapshot, SocketAddress socketAddress)
   在 System.Net.Sockets.Socket.Connect(EndPoint remoteEP)
   在 System.Net.Sockets.TcpClient.Connect(IPEndPoint remoteEP)
   在 System.Net.Sockets.TcpClient.Connect(IPAddress address, Int32 port)
   在 NetComm.PureTcp.PureClientConnector.kDYdPt6Sikufh1AsaFP(Object , Object , Int32 )
   在 NetComm.PureTcp.PureClientConnector.kNyHwh1Mf(Boolean , Boolean )
2019/6/12 20:18:37：error-连接发生异常错误消息由于连接方在一段时间后没有正确答复或连接的主机没有反应，连接尝试失败。 67.21.80.212:14000堆椎信息   在 System.Net.Sockets.Socket.DoConnect(EndPoint endPointSnapshot, SocketAddress socketAddress)
   在 System.Net.Sockets.Socket.Connect(EndPoint remoteEP)
   在 System.Net.Sockets.TcpClient.Connect(IPEndPoint remoteEP)
   在 System.Net.Sockets.TcpClient.Connect(IPAddress address, Int32 port)
   在 NetComm.PureTcp.PureClientConnector.kDYdPt6Sikufh1AsaFP(Object , Object , Int32 )
   在 NetComm.PureTcp.PureClientConnector.kNyHwh1Mf(Boolean , Boolean )

***队列日志2***
2019/6/12 20:18:58：error-连接发生异常错误消息由于连接方在一段时间后没有正确答复或连接的主机没有反应，连接尝试失败。 192.210.171.12:80堆椎信息   在 System.Net.Sockets.Socket.DoConnect(EndPoint endPointSnapshot, SocketAddress socketAddress)
   在 System.Net.Sockets.Socket.Connect(EndPoint remoteEP)
   在 System.Net.Sockets.TcpClient.Connect(IPEndPoint remoteEP)
   在 System.Net.Sockets.TcpClient.Connect(IPAddress address, Int32 port)
   在 NetComm.PureTcp.PureClientConnector.kDYdPt6Sikufh1AsaFP(Object , Object , Int32 )
   在 NetComm.PureTcp.PureClientConnector.kNyHwh1Mf(Boolean , Boolean )
2019/6/12 20:18:58：error-连接发生异常错误消息由于连接方在一段时间后没有正确答复或连接的主机没有反应，连接尝试失败。 67.21.80.212:80堆椎信息   在 System.Net.Sockets.Socket.DoConnect(EndPoint endPointSnapshot, SocketAddress socketAddress)
   在 System.Net.Sockets.Socket.Connect(EndPoint remoteEP)
   在 System.Net.Sockets.TcpClient.Connect(IPEndPoint remoteEP)
   在 System.Net.Sockets.TcpClient.Connect(IPAddress address, Int32 port)
   在 NetComm.PureTcp.PureClientConnector.kDYdPt6Sikufh1AsaFP(Object , Object , Int32 )
   在 NetComm.PureTcp.PureClientConnector.kNyHwh1Mf(Boolean , Boolean )

***队列日志2***
2019/6/12 20:19:19：error-连接发生异常错误消息由于连接方在一段时间后没有正确答复或连接的主机没有反应，连接尝试失败。 192.210.171.12:80堆椎信息   在 System.Net.Sockets.Socket.DoConnect(EndPoint endPointSnapshot, SocketAddress socketAddress)
   在 System.Net.Sockets.Socket.Connect(EndPoint remoteEP)
   在 System.Net.Sockets.TcpClient.Connect(IPEndPoint remoteEP)
   在 System.Net.Sockets.TcpClient.Connect(IPAddress address, Int32 port)
   在 NetComm.PureTcp.PureClientConnector.kDYdPt6Sikufh1AsaFP(Object , Object , Int32 )
   在 NetComm.PureTcp.PureClientConnector.kNyHwh1Mf(Boolean , Boolean )
2019/6/12 20:19:19：error-连接发生异常错误消息由于连接方在一段时间后没有正确答复或连接的主机没有反应，连接尝试失败。 67.21.80.212:80堆椎信息   在 System.Net.Sockets.Socket.DoConnect(EndPoint endPointSnapshot, SocketAddress socketAddress)
   在 System.Net.Sockets.Socket.Connect(EndPoint remoteEP)
   在 System.Net.Sockets.TcpClient.Connect(IPEndPoint remoteEP)
   在 System.Net.Sockets.TcpClient.Connect(IPAddress address, Int32 port)
   在 NetComm.PureTcp.PureClientConnector.kDYdPt6Sikufh1AsaFP(Object , Object , Int32 )
   在 NetComm.PureTcp.PureClientConnector.kNyHwh1Mf(Boolean , Boolean )

***队列日志2***
2019/6/12 20:20:14：error-连接发生异常错误消息由于连接方在一段时间后没有正确答复或连接的主机没有反应，连接尝试失败。 67.21.80.212:14000堆椎信息   在 System.Net.Sockets.Socket.DoConnect(EndPoint endPointSnapshot, SocketAddress socketAddress)
   在 System.Net.Sockets.Socket.Connect(EndPoint remoteEP)
   在 System.Net.Sockets.TcpClient.Connect(IPEndPoint remoteEP)
   在 System.Net.Sockets.TcpClient.Connect(IPAddress address, Int32 port)
   在 NetComm.PureTcp.PureClientConnector.kDYdPt6Sikufh1AsaFP(Object , Object , Int32 )
   在 NetComm.PureTcp.PureClientConnector.kNyHwh1Mf(Boolean , Boolean )
2019/6/12 20:20:14：error-连接发生异常错误消息由于连接方在一段时间后没有正确答复或连接的主机没有反应，连接尝试失败。 192.210.171.12:14000堆椎信息   在 System.Net.Sockets.Socket.DoConnect(EndPoint endPointSnapshot, SocketAddress socketAddress)
   在 System.Net.Sockets.Socket.Connect(EndPoint remoteEP)
   在 System.Net.Sockets.TcpClient.Connect(IPEndPoint remoteEP)
   在 System.Net.Sockets.TcpClient.Connect(IPAddress address, Int32 port)
   在 NetComm.PureTcp.PureClientConnector.kDYdPt6Sikufh1AsaFP(Object , Object , Int32 )
   在 NetComm.PureTcp.PureClientConnector.kNyHwh1Mf(Boolean , Boolean )

***队列日志2***
2019/6/12 20:20:35：error-连接发生异常错误消息由于连接方在一段时间后没有正确答复或连接的主机没有反应，连接尝试失败。 67.21.80.212:80堆椎信息   在 System.Net.Sockets.Socket.DoConnect(EndPoint endPointSnapshot, SocketAddress socketAddress)
   在 System.Net.Sockets.Socket.Connect(EndPoint remoteEP)
   在 System.Net.Sockets.TcpClient.Connect(IPEndPoint remoteEP)
   在 System.Net.Sockets.TcpClient.Connect(IPAddress address, Int32 port)
   在 NetComm.PureTcp.PureClientConnector.kDYdPt6Sikufh1AsaFP(Object , Object , Int32 )
   在 NetComm.PureTcp.PureClientConnector.kNyHwh1Mf(Boolean , Boolean )
2019/6/12 20:20:35：error-连接发生异常错误消息由于连接方在一段时间后没有正确答复或连接的主机没有反应，连接尝试失败。 192.210.171.12:80堆椎信息   在 System.Net.Sockets.Socket.DoConnect(EndPoint endPointSnapshot, SocketAddress socketAddress)
   在 System.Net.Sockets.Socket.Connect(EndPoint remoteEP)
   在 System.Net.Sockets.TcpClient.Connect(IPEndPoint remoteEP)
   在 System.Net.Sockets.TcpClient.Connect(IPAddress address, Int32 port)
   在 NetComm.PureTcp.PureClientConnector.kDYdPt6Sikufh1AsaFP(Object , Object , Int32 )
   在 NetComm.PureTcp.PureClientConnector.kNyHwh1Mf(Boolean , Boolean )

***队列日志2***
2019/6/12 20:20:56：error-连接发生异常错误消息由于连接方在一段时间后没有正确答复或连接的主机没有反应，连接尝试失败。 67.21.80.212:80堆椎信息   在 System.Net.Sockets.Socket.DoConnect(EndPoint endPointSnapshot, SocketAddress socketAddress)
   在 System.Net.Sockets.Socket.Connect(EndPoint remoteEP)
   在 System.Net.Sockets.TcpClient.Connect(IPEndPoint remoteEP)
   在 System.Net.Sockets.TcpClient.Connect(IPAddress address, Int32 port)
   在 NetComm.PureTcp.PureClientConnector.kDYdPt6Sikufh1AsaFP(Object , Object , Int32 )
   在 NetComm.PureTcp.PureClientConnector.kNyHwh1Mf(Boolean , Boolean )
2019/6/12 20:20:56：error-连接发生异常错误消息由于连接方在一段时间后没有正确答复或连接的主机没有反应，连接尝试失败。 192.210.171.12:80堆椎信息   在 System.Net.Sockets.Socket.DoConnect(EndPoint endPointSnapshot, SocketAddress socketAddress)
   在 System.Net.Sockets.Socket.Connect(EndPoint remoteEP)
   在 System.Net.Sockets.TcpClient.Connect(IPEndPoint remoteEP)
   在 System.Net.Sockets.TcpClient.Connect(IPAddress address, Int32 port)
   在 NetComm.PureTcp.PureClientConnector.kDYdPt6Sikufh1AsaFP(Object , Object , Int32 )
   在 NetComm.PureTcp.PureClientConnector.kNyHwh1Mf(Boolean , Boolean )

***队列日志2***
2019/6/12 20:21:46：error-连接发生异常错误消息由于连接方在一段时间后没有正确答复或连接的主机没有反应，连接尝试失败。 192.210.171.12:14000堆椎信息   在 System.Net.Sockets.Socket.DoConnect(EndPoint endPointSnapshot, SocketAddress socketAddress)
   在 System.Net.Sockets.Socket.Connect(EndPoint remoteEP)
   在 System.Net.Sockets.TcpClient.Connect(IPEndPoint remoteEP)
   在 System.Net.Sockets.TcpClient.Connect(IPAddress address, Int32 port)
   在 NetComm.PureTcp.PureClientConnector.kDYdPt6Sikufh1AsaFP(Object , Object , Int32 )
   在 NetComm.PureTcp.PureClientConnector.kNyHwh1Mf(Boolean , Boolean )
2019/6/12 20:21:46：error-连接发生异常错误消息由于连接方在一段时间后没有正确答复或连接的主机没有反应，连接尝试失败。 67.21.80.212:14000堆椎信息   在 System.Net.Sockets.Socket.DoConnect(EndPoint endPointSnapshot, SocketAddress socketAddress)
   在 System.Net.Sockets.Socket.Connect(EndPoint remoteEP)
   在 System.Net.Sockets.TcpClient.Connect(IPEndPoint remoteEP)
   在 System.Net.Sockets.TcpClient.Connect(IPAddress address, Int32 port)
   在 NetComm.PureTcp.PureClientConnector.kDYdPt6Sikufh1AsaFP(Object , Object , Int32 )
   在 NetComm.PureTcp.PureClientConnector.kNyHwh1Mf(Boolean , Boolean )

***队列日志2***
2019/6/12 20:22:07：error-连接发生异常错误消息由于连接方在一段时间后没有正确答复或连接的主机没有反应，连接尝试失败。 192.210.171.12:80堆椎信息   在 System.Net.Sockets.Socket.DoConnect(EndPoint endPointSnapshot, SocketAddress socketAddress)
   在 System.Net.Sockets.Socket.Connect(EndPoint remoteEP)
   在 System.Net.Sockets.TcpClient.Connect(IPEndPoint remoteEP)
   在 System.Net.Sockets.TcpClient.Connect(IPAddress address, Int32 port)
   在 NetComm.PureTcp.PureClientConnector.kDYdPt6Sikufh1AsaFP(Object , Object , Int32 )
   在 NetComm.PureTcp.PureClientConnector.kNyHwh1Mf(Boolean , Boolean )
2019/6/12 20:22:07：error-连接发生异常错误消息由于连接方在一段时间后没有正确答复或连接的主机没有反应，连接尝试失败。 67.21.80.212:80堆椎信息   在 System.Net.Sockets.Socket.DoConnect(EndPoint endPointSnapshot, SocketAddress socketAddress)
   在 System.Net.Sockets.Socket.Connect(EndPoint remoteEP)
   在 System.Net.Sockets.TcpClient.Connect(IPEndPoint remoteEP)
   在 System.Net.Sockets.TcpClient.Connect(IPAddress address, Int32 port)
   在 NetComm.PureTcp.PureClientConnector.kDYdPt6Sikufh1AsaFP(Object , Object , Int32 )
   在 NetComm.PureTcp.PureClientConnector.kNyHwh1Mf(Boolean , Boolean )

***队列日志2***
2019/6/12 20:22:28：error-连接发生异常错误消息由于连接方在一段时间后没有正确答复或连接的主机没有反应，连接尝试失败。 67.21.80.212:80堆椎信息   在 System.Net.Sockets.Socket.DoConnect(EndPoint endPointSnapshot, SocketAddress socketAddress)
   在 System.Net.Sockets.Socket.Connect(EndPoint remoteEP)
   在 System.Net.Sockets.TcpClient.Connect(IPEndPoint remoteEP)
   在 System.Net.Sockets.TcpClient.Connect(IPAddress address, Int32 port)
   在 NetComm.PureTcp.PureClientConnector.kDYdPt6Sikufh1AsaFP(Object , Object , Int32 )
   在 NetComm.PureTcp.PureClientConnector.kNyHwh1Mf(Boolean , Boolean )
2019/6/12 20:22:28：error-连接发生异常错误消息由于连接方在一段时间后没有正确答复或连接的主机没有反应，连接尝试失败。 192.210.171.12:80堆椎信息   在 System.Net.Sockets.Socket.DoConnect(EndPoint endPointSnapshot, SocketAddress socketAddress)
   在 System.Net.Sockets.Socket.Connect(EndPoint remoteEP)
   在 System.Net.Sockets.TcpClient.Connect(IPEndPoint remoteEP)
   在 System.Net.Sockets.TcpClient.Connect(IPAddress address, Int32 port)
   在 NetComm.PureTcp.PureClientConnector.kDYdPt6Sikufh1AsaFP(Object , Object , Int32 )
   在 NetComm.PureTcp.PureClientConnector.kNyHwh1Mf(Boolean , Boolean )

***队列日志2***
2019/6/12 20:23:17：error-连接发生异常错误消息由于连接方在一段时间后没有正确答复或连接的主机没有反应，连接尝试失败。 67.21.80.212:14000堆椎信息   在 System.Net.Sockets.Socket.DoConnect(EndPoint endPointSnapshot, SocketAddress socketAddress)
   在 System.Net.Sockets.Socket.Connect(EndPoint remoteEP)
   在 System.Net.Sockets.TcpClient.Connect(IPEndPoint remoteEP)
   在 System.Net.Sockets.TcpClient.Connect(IPAddress address, Int32 port)
   在 NetComm.PureTcp.PureClientConnector.kDYdPt6Sikufh1AsaFP(Object , Object , Int32 )
   在 NetComm.PureTcp.PureClientConnector.kNyHwh1Mf(Boolean , Boolean )
2019/6/12 20:23:17：error-连接发生异常错误消息由于连接方在一段时间后没有正确答复或连接的主机没有反应，连接尝试失败。 192.210.171.12:14000堆椎信息   在 System.Net.Sockets.Socket.DoConnect(EndPoint endPointSnapshot, SocketAddress socketAddress)
   在 System.Net.Sockets.Socket.Connect(EndPoint remoteEP)
   在 System.Net.Sockets.TcpClient.Connect(IPEndPoint remoteEP)
   在 System.Net.Sockets.TcpClient.Connect(IPAddress address, Int32 port)
   在 NetComm.PureTcp.PureClientConnector.kDYdPt6Sikufh1AsaFP(Object , Object , Int32 )
   在 NetComm.PureTcp.PureClientConnector.kNyHwh1Mf(Boolean , Boolean )

***队列日志2***
2019/6/12 20:23:38：error-连接发生异常错误消息由于连接方在一段时间后没有正确答复或连接的主机没有反应，连接尝试失败。 192.210.171.12:80堆椎信息   在 System.Net.Sockets.Socket.DoConnect(EndPoint endPointSnapshot, SocketAddress socketAddress)
   在 System.Net.Sockets.Socket.Connect(EndPoint remoteEP)
   在 System.Net.Sockets.TcpClient.Connect(IPEndPoint remoteEP)
   在 System.Net.Sockets.TcpClient.Connect(IPAddress address, Int32 port)
   在 NetComm.PureTcp.PureClientConnector.kDYdPt6Sikufh1AsaFP(Object , Object , Int32 )
   在 NetComm.PureTcp.PureClientConnector.kNyHwh1Mf(Boolean , Boolean )
2019/6/12 20:23:38：error-连接发生异常错误消息由于连接方在一段时间后没有正确答复或连接的主机没有反应，连接尝试失败。 67.21.80.212:80堆椎信息   在 System.Net.Sockets.Socket.DoConnect(EndPoint endPointSnapshot, SocketAddress socketAddress)
   在 System.Net.Sockets.Socket.Connect(EndPoint remoteEP)
   在 System.Net.Sockets.TcpClient.Connect(IPEndPoint remoteEP)
   在 System.Net.Sockets.TcpClient.Connect(IPAddress address, Int32 port)
   在 NetComm.PureTcp.PureClientConnector.kDYdPt6Sikufh1AsaFP(Object , Object , Int32 )
   在 NetComm.PureTcp.PureClientConnector.kNyHwh1Mf(Boolean , Boolean )

***队列日志2***
2019/6/12 20:23:59：error-连接发生异常错误消息由于连接方在一段时间后没有正确答复或连接的主机没有反应，连接尝试失败。 192.210.171.12:80堆椎信息   在 System.Net.Sockets.Socket.DoConnect(EndPoint endPointSnapshot, SocketAddress socketAddress)
   在 System.Net.Sockets.Socket.Connect(EndPoint remoteEP)
   在 System.Net.Sockets.TcpClient.Connect(IPEndPoint remoteEP)
   在 System.Net.Sockets.TcpClient.Connect(IPAddress address, Int32 port)
   在 NetComm.PureTcp.PureClientConnector.kDYdPt6Sikufh1AsaFP(Object , Object , Int32 )
   在 NetComm.PureTcp.PureClientConnector.kNyHwh1Mf(Boolean , Boolean )
2019/6/12 20:23:59：error-连接发生异常错误消息由于连接方在一段时间后没有正确答复或连接的主机没有反应，连接尝试失败。 67.21.80.212:80堆椎信息   在 System.Net.Sockets.Socket.DoConnect(EndPoint endPointSnapshot, SocketAddress socketAddress)
   在 System.Net.Sockets.Socket.Connect(EndPoint remoteEP)
   在 System.Net.Sockets.TcpClient.Connect(IPEndPoint remoteEP)
   在 System.Net.Sockets.TcpClient.Connect(IPAddress address, Int32 port)
   在 NetComm.PureTcp.PureClientConnector.kDYdPt6Sikufh1AsaFP(Object , Object , Int32 )
   在 NetComm.PureTcp.PureClientConnector.kNyHwh1Mf(Boolean , Boolean )

***队列日志2***
2019/6/12 20:24:28：error-连接发生异常错误消息由于连接方在一段时间后没有正确答复或连接的主机没有反应，连接尝试失败。 192.210.171.12:14000堆椎信息   在 System.Net.Sockets.Socket.DoConnect(EndPoint endPointSnapshot, SocketAddress socketAddress)
   在 System.Net.Sockets.Socket.Connect(EndPoint remoteEP)
   在 System.Net.Sockets.TcpClient.Connect(IPEndPoint remoteEP)
   在 System.Net.Sockets.TcpClient.Connect(IPAddress address, Int32 port)
   在 NetComm.PureTcp.PureClientConnector.kDYdPt6Sikufh1AsaFP(Object , Object , Int32 )
   在 NetComm.PureTcp.PureClientConnector.kNyHwh1Mf(Boolean , Boolean )
2019/6/12 20:24:28：error-连接发生异常错误消息由于连接方在一段时间后没有正确答复或连接的主机没有反应，连接尝试失败。 67.21.80.212:14000堆椎信息   在 System.Net.Sockets.Socket.DoConnect(EndPoint endPointSnapshot, SocketAddress socketAddress)
   在 System.Net.Sockets.Socket.Connect(EndPoint remoteEP)
   在 System.Net.Sockets.TcpClient.Connect(IPEndPoint remoteEP)
   在 System.Net.Sockets.TcpClient.Connect(IPAddress address, Int32 port)
   在 NetComm.PureTcp.PureClientConnector.kDYdPt6Sikufh1AsaFP(Object , Object , Int32 )
   在 NetComm.PureTcp.PureClientConnector.kNyHwh1Mf(Boolean , Boolean )

***队列日志2***
2019/6/12 20:24:49：error-连接发生异常错误消息由于连接方在一段时间后没有正确答复或连接的主机没有反应，连接尝试失败。 192.210.171.12:80堆椎信息   在 System.Net.Sockets.Socket.DoConnect(EndPoint endPointSnapshot, SocketAddress socketAddress)
   在 System.Net.Sockets.Socket.Connect(EndPoint remoteEP)
   在 System.Net.Sockets.TcpClient.Connect(IPEndPoint remoteEP)
   在 System.Net.Sockets.TcpClient.Connect(IPAddress address, Int32 port)
   在 NetComm.PureTcp.PureClientConnector.kDYdPt6Sikufh1AsaFP(Object , Object , Int32 )
   在 NetComm.PureTcp.PureClientConnector.kNyHwh1Mf(Boolean , Boolean )
2019/6/12 20:24:49：error-连接发生异常错误消息由于连接方在一段时间后没有正确答复或连接的主机没有反应，连接尝试失败。 67.21.80.212:80堆椎信息   在 System.Net.Sockets.Socket.DoConnect(EndPoint endPointSnapshot, SocketAddress socketAddress)
   在 System.Net.Sockets.Socket.Connect(EndPoint remoteEP)
   在 System.Net.Sockets.TcpClient.Connect(IPEndPoint remoteEP)
   在 System.Net.Sockets.TcpClient.Connect(IPAddress address, Int32 port)
   在 NetComm.PureTcp.PureClientConnector.kDYdPt6Sikufh1AsaFP(Object , Object , Int32 )
   在 NetComm.PureTcp.PureClientConnector.kNyHwh1Mf(Boolean , Boolean )

***队列日志2***
2019/6/12 20:25:10：error-连接发生异常错误消息由于连接方在一段时间后没有正确答复或连接的主机没有反应，连接尝试失败。 192.210.171.12:80堆椎信息   在 System.Net.Sockets.Socket.DoConnect(EndPoint endPointSnapshot, SocketAddress socketAddress)
   在 System.Net.Sockets.Socket.Connect(EndPoint remoteEP)
   在 System.Net.Sockets.TcpClient.Connect(IPEndPoint remoteEP)
   在 System.Net.Sockets.TcpClient.Connect(IPAddress address, Int32 port)
   在 NetComm.PureTcp.PureClientConnector.kDYdPt6Sikufh1AsaFP(Object , Object , Int32 )
   在 NetComm.PureTcp.PureClientConnector.kNyHwh1Mf(Boolean , Boolean )
2019/6/12 20:25:10：error-连接发生异常错误消息由于连接方在一段时间后没有正确答复或连接的主机没有反应，连接尝试失败。 67.21.80.212:80堆椎信息   在 System.Net.Sockets.Socket.DoConnect(EndPoint endPointSnapshot, SocketAddress socketAddress)
   在 System.Net.Sockets.Socket.Connect(EndPoint remoteEP)
   在 System.Net.Sockets.TcpClient.Connect(IPEndPoint remoteEP)
   在 System.Net.Sockets.TcpClient.Connect(IPAddress address, Int32 port)
   在 NetComm.PureTcp.PureClientConnector.kDYdPt6Sikufh1AsaFP(Object , Object , Int32 )
   在 NetComm.PureTcp.PureClientConnector.kNyHwh1Mf(Boolean , Boolean )

***队列日志2***
2019/6/12 20:25:53：error-连接发生异常错误消息由于连接方在一段时间后没有正确答复或连接的主机没有反应，连接尝试失败。 67.21.80.212:14000堆椎信息   在 System.Net.Sockets.Socket.DoConnect(EndPoint endPointSnapshot, SocketAddress socketAddress)
   在 System.Net.Sockets.Socket.Connect(EndPoint remoteEP)
   在 System.Net.Sockets.TcpClient.Connect(IPEndPoint remoteEP)
   在 System.Net.Sockets.TcpClient.Connect(IPAddress address, Int32 port)
   在 NetComm.PureTcp.PureClientConnector.kDYdPt6Sikufh1AsaFP(Object , Object , Int32 )
   在 NetComm.PureTcp.PureClientConnector.kNyHwh1Mf(Boolean , Boolean )
2019/6/12 20:25:53：error-连接发生异常错误消息由于连接方在一段时间后没有正确答复或连接的主机没有反应，连接尝试失败。 192.210.171.12:14000堆椎信息   在 System.Net.Sockets.Socket.DoConnect(EndPoint endPointSnapshot, SocketAddress socketAddress)
   在 System.Net.Sockets.Socket.Connect(EndPoint remoteEP)
   在 System.Net.Sockets.TcpClient.Connect(IPEndPoint remoteEP)
   在 System.Net.Sockets.TcpClient.Connect(IPAddress address, Int32 port)
   在 NetComm.PureTcp.PureClientConnector.kDYdPt6Sikufh1AsaFP(Object , Object , Int32 )
   在 NetComm.PureTcp.PureClientConnector.kNyHwh1Mf(Boolean , Boolean )

***队列日志2***
2019/6/12 20:26:14：error-连接发生异常错误消息由于连接方在一段时间后没有正确答复或连接的主机没有反应，连接尝试失败。 67.21.80.212:80堆椎信息   在 System.Net.Sockets.Socket.DoConnect(EndPoint endPointSnapshot, SocketAddress socketAddress)
   在 System.Net.Sockets.Socket.Connect(EndPoint remoteEP)
   在 System.Net.Sockets.TcpClient.Connect(IPEndPoint remoteEP)
   在 System.Net.Sockets.TcpClient.Connect(IPAddress address, Int32 port)
   在 NetComm.PureTcp.PureClientConnector.kDYdPt6Sikufh1AsaFP(Object , Object , Int32 )
   在 NetComm.PureTcp.PureClientConnector.kNyHwh1Mf(Boolean , Boolean )
2019/6/12 20:26:14：error-连接发生异常错误消息由于连接方在一段时间后没有正确答复或连接的主机没有反应，连接尝试失败。 192.210.171.12:80堆椎信息   在 System.Net.Sockets.Socket.DoConnect(EndPoint endPointSnapshot, SocketAddress socketAddress)
   在 System.Net.Sockets.Socket.Connect(EndPoint remoteEP)
   在 System.Net.Sockets.TcpClient.Connect(IPEndPoint remoteEP)
   在 System.Net.Sockets.TcpClient.Connect(IPAddress address, Int32 port)
   在 NetComm.PureTcp.PureClientConnector.kDYdPt6Sikufh1AsaFP(Object , Object , Int32 )
   在 NetComm.PureTcp.PureClientConnector.kNyHwh1Mf(Boolean , Boolean )

***队列日志2***
2019/6/12 20:26:35：error-连接发生异常错误消息由于连接方在一段时间后没有正确答复或连接的主机没有反应，连接尝试失败。 192.210.171.12:80堆椎信息   在 System.Net.Sockets.Socket.DoConnect(EndPoint endPointSnapshot, SocketAddress socketAddress)
   在 System.Net.Sockets.Socket.Connect(EndPoint remoteEP)
   在 System.Net.Sockets.TcpClient.Connect(IPEndPoint remoteEP)
   在 System.Net.Sockets.TcpClient.Connect(IPAddress address, Int32 port)
   在 NetComm.PureTcp.PureClientConnector.kDYdPt6Sikufh1AsaFP(Object , Object , Int32 )
   在 NetComm.PureTcp.PureClientConnector.kNyHwh1Mf(Boolean , Boolean )
2019/6/12 20:26:35：error-连接发生异常错误消息由于连接方在一段时间后没有正确答复或连接的主机没有反应，连接尝试失败。 67.21.80.212:80堆椎信息   在 System.Net.Sockets.Socket.DoConnect(EndPoint endPointSnapshot, SocketAddress socketAddress)
   在 System.Net.Sockets.Socket.Connect(EndPoint remoteEP)
   在 System.Net.Sockets.TcpClient.Connect(IPEndPoint remoteEP)
   在 System.Net.Sockets.TcpClient.Connect(IPAddress address, Int32 port)
   在 NetComm.PureTcp.PureClientConnector.kDYdPt6Sikufh1AsaFP(Object , Object , Int32 )
   在 NetComm.PureTcp.PureClientConnector.kNyHwh1Mf(Boolean , Boolean )

***队列日志2***
2019/6/12 20:27:48：error-连接发生异常错误消息由于连接方在一段时间后没有正确答复或连接的主机没有反应，连接尝试失败。 67.21.80.212:14000堆椎信息   在 System.Net.Sockets.Socket.DoConnect(EndPoint endPointSnapshot, SocketAddress socketAddress)
   在 System.Net.Sockets.Socket.Connect(EndPoint remoteEP)
   在 System.Net.Sockets.TcpClient.Connect(IPEndPoint remoteEP)
   在 System.Net.Sockets.TcpClient.Connect(IPAddress address, Int32 port)
   在 NetComm.PureTcp.PureClientConnector.kDYdPt6Sikufh1AsaFP(Object , Object , Int32 )
   在 NetComm.PureTcp.PureClientConnector.kNyHwh1Mf(Boolean , Boolean )
2019/6/12 20:27:48：error-连接发生异常错误消息由于连接方在一段时间后没有正确答复或连接的主机没有反应，连接尝试失败。 192.210.171.12:14000堆椎信息   在 System.Net.Sockets.Socket.DoConnect(EndPoint endPointSnapshot, SocketAddress socketAddress)
   在 System.Net.Sockets.Socket.Connect(EndPoint remoteEP)
   在 System.Net.Sockets.TcpClient.Connect(IPEndPoint remoteEP)
   在 System.Net.Sockets.TcpClient.Connect(IPAddress address, Int32 port)
   在 NetComm.PureTcp.PureClientConnector.kDYdPt6Sikufh1AsaFP(Object , Object , Int32 )
   在 NetComm.PureTcp.PureClientConnector.kNyHwh1Mf(Boolean , Boolean )

***队列日志2***
2019/6/12 20:28:09：error-连接发生异常错误消息由于连接方在一段时间后没有正确答复或连接的主机没有反应，连接尝试失败。 67.21.80.212:80堆椎信息   在 System.Net.Sockets.Socket.DoConnect(EndPoint endPointSnapshot, SocketAddress socketAddress)
   在 System.Net.Sockets.Socket.Connect(EndPoint remoteEP)
   在 System.Net.Sockets.TcpClient.Connect(IPEndPoint remoteEP)
   在 System.Net.Sockets.TcpClient.Connect(IPAddress address, Int32 port)
   在 NetComm.PureTcp.PureClientConnector.kDYdPt6Sikufh1AsaFP(Object , Object , Int32 )
   在 NetComm.PureTcp.PureClientConnector.kNyHwh1Mf(Boolean , Boolean )
2019/6/12 20:28:09：error-连接发生异常错误消息由于连接方在一段时间后没有正确答复或连接的主机没有反应，连接尝试失败。 192.210.171.12:80堆椎信息   在 System.Net.Sockets.Socket.DoConnect(EndPoint endPointSnapshot, SocketAddress socketAddress)
   在 System.Net.Sockets.Socket.Connect(EndPoint remoteEP)
   在 System.Net.Sockets.TcpClient.Connect(IPEndPoint remoteEP)
   在 System.Net.Sockets.TcpClient.Connect(IPAddress address, Int32 port)
   在 NetComm.PureTcp.PureClientConnector.kDYdPt6Sikufh1AsaFP(Object , Object , Int32 )
   在 NetComm.PureTcp.PureClientConnector.kNyHwh1Mf(Boolean , Boolean )

***队列日志2***
2019/6/12 20:28:30：error-连接发生异常错误消息由于连接方在一段时间后没有正确答复或连接的主机没有反应，连接尝试失败。 67.21.80.212:80堆椎信息   在 System.Net.Sockets.Socket.DoConnect(EndPoint endPointSnapshot, SocketAddress socketAddress)
   在 System.Net.Sockets.Socket.Connect(EndPoint remoteEP)
   在 System.Net.Sockets.TcpClient.Connect(IPEndPoint remoteEP)
   在 System.Net.Sockets.TcpClient.Connect(IPAddress address, Int32 port)
   在 NetComm.PureTcp.PureClientConnector.kDYdPt6Sikufh1AsaFP(Object , Object , Int32 )
   在 NetComm.PureTcp.PureClientConnector.kNyHwh1Mf(Boolean , Boolean )
2019/6/12 20:28:30：error-连接发生异常错误消息由于连接方在一段时间后没有正确答复或连接的主机没有反应，连接尝试失败。 192.210.171.12:80堆椎信息   在 System.Net.Sockets.Socket.DoConnect(EndPoint endPointSnapshot, SocketAddress socketAddress)
   在 System.Net.Sockets.Socket.Connect(EndPoint remoteEP)
   在 System.Net.Sockets.TcpClient.Connect(IPEndPoint remoteEP)
   在 System.Net.Sockets.TcpClient.Connect(IPAddress address, Int32 port)
   在 NetComm.PureTcp.PureClientConnector.kDYdPt6Sikufh1AsaFP(Object , Object , Int32 )
   在 NetComm.PureTcp.PureClientConnector.kNyHwh1Mf(Boolean , Boolean )

***队列日志2***
2019/6/12 20:29:27：error-连接发生异常错误消息由于连接方在一段时间后没有正确答复或连接的主机没有反应，连接尝试失败。 192.210.171.12:14000堆椎信息   在 System.Net.Sockets.Socket.DoConnect(EndPoint endPointSnapshot, SocketAddress socketAddress)
   在 System.Net.Sockets.Socket.Connect(EndPoint remoteEP)
   在 System.Net.Sockets.TcpClient.Connect(IPEndPoint remoteEP)
   在 System.Net.Sockets.TcpClient.Connect(IPAddress address, Int32 port)
   在 NetComm.PureTcp.PureClientConnector.kDYdPt6Sikufh1AsaFP(Object , Object , Int32 )
   在 NetComm.PureTcp.PureClientConnector.kNyHwh1Mf(Boolean , Boolean )
2019/6/12 20:29:27：error-连接发生异常错误消息由于连接方在一段时间后没有正确答复或连接的主机没有反应，连接尝试失败。 67.21.80.212:14000堆椎信息   在 System.Net.Sockets.Socket.DoConnect(EndPoint endPointSnapshot, SocketAddress socketAddress)
   在 System.Net.Sockets.Socket.Connect(EndPoint remoteEP)
   在 System.Net.Sockets.TcpClient.Connect(IPEndPoint remoteEP)
   在 System.Net.Sockets.TcpClient.Connect(IPAddress address, Int32 port)
   在 NetComm.PureTcp.PureClientConnector.kDYdPt6Sikufh1AsaFP(Object , Object , Int32 )
   在 NetComm.PureTcp.PureClientConnector.kNyHwh1Mf(Boolean , Boolean )

***队列日志2***
2019/6/12 20:29:48：error-连接发生异常错误消息由于连接方在一段时间后没有正确答复或连接的主机没有反应，连接尝试失败。 192.210.171.12:80堆椎信息   在 System.Net.Sockets.Socket.DoConnect(EndPoint endPointSnapshot, SocketAddress socketAddress)
   在 System.Net.Sockets.Socket.Connect(EndPoint remoteEP)
   在 System.Net.Sockets.TcpClient.Connect(IPEndPoint remoteEP)
   在 System.Net.Sockets.TcpClient.Connect(IPAddress address, Int32 port)
   在 NetComm.PureTcp.PureClientConnector.kDYdPt6Sikufh1AsaFP(Object , Object , Int32 )
   在 NetComm.PureTcp.PureClientConnector.kNyHwh1Mf(Boolean , Boolean )
2019/6/12 20:29:48：error-连接发生异常错误消息由于连接方在一段时间后没有正确答复或连接的主机没有反应，连接尝试失败。 67.21.80.212:80堆椎信息   在 System.Net.Sockets.Socket.DoConnect(EndPoint endPointSnapshot, SocketAddress socketAddress)
   在 System.Net.Sockets.Socket.Connect(EndPoint remoteEP)
   在 System.Net.Sockets.TcpClient.Connect(IPEndPoint remoteEP)
   在 System.Net.Sockets.TcpClient.Connect(IPAddress address, Int32 port)
   在 NetComm.PureTcp.PureClientConnector.kDYdPt6Sikufh1AsaFP(Object , Object , Int32 )
   在 NetComm.PureTcp.PureClientConnector.kNyHwh1Mf(Boolean , Boolean )

***队列日志2***
2019/6/12 20:30:09：error-连接发生异常错误消息由于连接方在一段时间后没有正确答复或连接的主机没有反应，连接尝试失败。 192.210.171.12:80堆椎信息   在 System.Net.Sockets.Socket.DoConnect(EndPoint endPointSnapshot, SocketAddress socketAddress)
   在 System.Net.Sockets.Socket.Connect(EndPoint remoteEP)
   在 System.Net.Sockets.TcpClient.Connect(IPEndPoint remoteEP)
   在 System.Net.Sockets.TcpClient.Connect(IPAddress address, Int32 port)
   在 NetComm.PureTcp.PureClientConnector.kDYdPt6Sikufh1AsaFP(Object , Object , Int32 )
   在 NetComm.PureTcp.PureClientConnector.kNyHwh1Mf(Boolean , Boolean )
2019/6/12 20:30:09：error-连接发生异常错误消息由于连接方在一段时间后没有正确答复或连接的主机没有反应，连接尝试失败。 67.21.80.212:80堆椎信息   在 System.Net.Sockets.Socket.DoConnect(EndPoint endPointSnapshot, SocketAddress socketAddress)
   在 System.Net.Sockets.Socket.Connect(EndPoint remoteEP)
   在 System.Net.Sockets.TcpClient.Connect(IPEndPoint remoteEP)
   在 System.Net.Sockets.TcpClient.Connect(IPAddress address, Int32 port)
   在 NetComm.PureTcp.PureClientConnector.kDYdPt6Sikufh1AsaFP(Object , Object , Int32 )
   在 NetComm.PureTcp.PureClientConnector.kNyHwh1Mf(Boolean , Boolean )

***队列日志2***
2019/6/12 20:30:40：error-连接发生异常错误消息由于连接方在一段时间后没有正确答复或连接的主机没有反应，连接尝试失败。 192.210.171.12:14000堆椎信息   在 System.Net.Sockets.Socket.DoConnect(EndPoint endPointSnapshot, SocketAddress socketAddress)
   在 System.Net.Sockets.Socket.Connect(EndPoint remoteEP)
   在 System.Net.Sockets.TcpClient.Connect(IPEndPoint remoteEP)
   在 System.Net.Sockets.TcpClient.Connect(IPAddress address, Int32 port)
   在 NetComm.PureTcp.PureClientConnector.kDYdPt6Sikufh1AsaFP(Object , Object , Int32 )
   在 NetComm.PureTcp.PureClientConnector.kNyHwh1Mf(Boolean , Boolean )
2019/6/12 20:30:40：error-连接发生异常错误消息由于连接方在一段时间后没有正确答复或连接的主机没有反应，连接尝试失败。 67.21.80.212:14000堆椎信息   在 System.Net.Sockets.Socket.DoConnect(EndPoint endPointSnapshot, SocketAddress socketAddress)
   在 System.Net.Sockets.Socket.Connect(EndPoint remoteEP)
   在 System.Net.Sockets.TcpClient.Connect(IPEndPoint remoteEP)
   在 System.Net.Sockets.TcpClient.Connect(IPAddress address, Int32 port)
   在 NetComm.PureTcp.PureClientConnector.kDYdPt6Sikufh1AsaFP(Object , Object , Int32 )
   在 NetComm.PureTcp.PureClientConnector.kNyHwh1Mf(Boolean , Boolean )

***队列日志2***
2019/6/12 20:31:01：error-连接发生异常错误消息由于连接方在一段时间后没有正确答复或连接的主机没有反应，连接尝试失败。 67.21.80.212:80堆椎信息   在 System.Net.Sockets.Socket.DoConnect(EndPoint endPointSnapshot, SocketAddress socketAddress)
   在 System.Net.Sockets.Socket.Connect(EndPoint remoteEP)
   在 System.Net.Sockets.TcpClient.Connect(IPEndPoint remoteEP)
   在 System.Net.Sockets.TcpClient.Connect(IPAddress address, Int32 port)
   在 NetComm.PureTcp.PureClientConnector.kDYdPt6Sikufh1AsaFP(Object , Object , Int32 )
   在 NetComm.PureTcp.PureClientConnector.kNyHwh1Mf(Boolean , Boolean )
2019/6/12 20:31:01：error-连接发生异常错误消息由于连接方在一段时间后没有正确答复或连接的主机没有反应，连接尝试失败。 192.210.171.12:80堆椎信息   在 System.Net.Sockets.Socket.DoConnect(EndPoint endPointSnapshot, SocketAddress socketAddress)
   在 System.Net.Sockets.Socket.Connect(EndPoint remoteEP)
   在 System.Net.Sockets.TcpClient.Connect(IPEndPoint remoteEP)
   在 System.Net.Sockets.TcpClient.Connect(IPAddress address, Int32 port)
   在 NetComm.PureTcp.PureClientConnector.kDYdPt6Sikufh1AsaFP(Object , Object , Int32 )
   在 NetComm.PureTcp.PureClientConnector.kNyHwh1Mf(Boolean , Boolean )

***队列日志2***
2019/6/12 20:31:22：error-连接发生异常错误消息由于连接方在一段时间后没有正确答复或连接的主机没有反应，连接尝试失败。 67.21.80.212:80堆椎信息   在 System.Net.Sockets.Socket.DoConnect(EndPoint endPointSnapshot, SocketAddress socketAddress)
   在 System.Net.Sockets.Socket.Connect(EndPoint remoteEP)
   在 System.Net.Sockets.TcpClient.Connect(IPEndPoint remoteEP)
   在 System.Net.Sockets.TcpClient.Connect(IPAddress address, Int32 port)
   在 NetComm.PureTcp.PureClientConnector.kDYdPt6Sikufh1AsaFP(Object , Object , Int32 )
   在 NetComm.PureTcp.PureClientConnector.kNyHwh1Mf(Boolean , Boolean )
2019/6/12 20:31:22：error-连接发生异常错误消息由于连接方在一段时间后没有正确答复或连接的主机没有反应，连接尝试失败。 192.210.171.12:80堆椎信息   在 System.Net.Sockets.Socket.DoConnect(EndPoint endPointSnapshot, SocketAddress socketAddress)
   在 System.Net.Sockets.Socket.Connect(EndPoint remoteEP)
   在 System.Net.Sockets.TcpClient.Connect(IPEndPoint remoteEP)
   在 System.Net.Sockets.TcpClient.Connect(IPAddress address, Int32 port)
   在 NetComm.PureTcp.PureClientConnector.kDYdPt6Sikufh1AsaFP(Object , Object , Int32 )
   在 NetComm.PureTcp.PureClientConnector.kNyHwh1Mf(Boolean , Boolean )

***队列日志2***
2019/6/12 20:31:57：error-连接发生异常错误消息由于连接方在一段时间后没有正确答复或连接的主机没有反应，连接尝试失败。 67.21.80.212:14000堆椎信息   在 System.Net.Sockets.Socket.DoConnect(EndPoint endPointSnapshot, SocketAddress socketAddress)
   在 System.Net.Sockets.Socket.Connect(EndPoint remoteEP)
   在 System.Net.Sockets.TcpClient.Connect(IPEndPoint remoteEP)
   在 System.Net.Sockets.TcpClient.Connect(IPAddress address, Int32 port)
   在 NetComm.PureTcp.PureClientConnector.kDYdPt6Sikufh1AsaFP(Object , Object , Int32 )
   在 NetComm.PureTcp.PureClientConnector.kNyHwh1Mf(Boolean , Boolean )
2019/6/12 20:31:57：error-连接发生异常错误消息由于连接方在一段时间后没有正确答复或连接的主机没有反应，连接尝试失败。 192.210.171.12:14000堆椎信息   在 System.Net.Sockets.Socket.DoConnect(EndPoint endPointSnapshot, SocketAddress socketAddress)
   在 System.Net.Sockets.Socket.Connect(EndPoint remoteEP)
   在 System.Net.Sockets.TcpClient.Connect(IPEndPoint remoteEP)
   在 System.Net.Sockets.TcpClient.Connect(IPAddress address, Int32 port)
   在 NetComm.PureTcp.PureClientConnector.kDYdPt6Sikufh1AsaFP(Object , Object , Int32 )
   在 NetComm.PureTcp.PureClientConnector.kNyHwh1Mf(Boolean , Boolean )

***队列日志2***
2019/6/12 20:32:18：error-连接发生异常错误消息由于连接方在一段时间后没有正确答复或连接的主机没有反应，连接尝试失败。 192.210.171.12:80堆椎信息   在 System.Net.Sockets.Socket.DoConnect(EndPoint endPointSnapshot, SocketAddress socketAddress)
   在 System.Net.Sockets.Socket.Connect(EndPoint remoteEP)
   在 System.Net.Sockets.TcpClient.Connect(IPEndPoint remoteEP)
   在 System.Net.Sockets.TcpClient.Connect(IPAddress address, Int32 port)
   在 NetComm.PureTcp.PureClientConnector.kDYdPt6Sikufh1AsaFP(Object , Object , Int32 )
   在 NetComm.PureTcp.PureClientConnector.kNyHwh1Mf(Boolean , Boolean )
2019/6/12 20:32:18：error-连接发生异常错误消息由于连接方在一段时间后没有正确答复或连接的主机没有反应，连接尝试失败。 67.21.80.212:80堆椎信息   在 System.Net.Sockets.Socket.DoConnect(EndPoint endPointSnapshot, SocketAddress socketAddress)
   在 System.Net.Sockets.Socket.Connect(EndPoint remoteEP)
   在 System.Net.Sockets.TcpClient.Connect(IPEndPoint remoteEP)
   在 System.Net.Sockets.TcpClient.Connect(IPAddress address, Int32 port)
   在 NetComm.PureTcp.PureClientConnector.kDYdPt6Sikufh1AsaFP(Object , Object , Int32 )
   在 NetComm.PureTcp.PureClientConnector.kNyHwh1Mf(Boolean , Boolean )

***队列日志2***
2019/6/12 20:32:39：error-连接发生异常错误消息由于连接方在一段时间后没有正确答复或连接的主机没有反应，连接尝试失败。 192.210.171.12:80堆椎信息   在 System.Net.Sockets.Socket.DoConnect(EndPoint endPointSnapshot, SocketAddress socketAddress)
   在 System.Net.Sockets.Socket.Connect(EndPoint remoteEP)
   在 System.Net.Sockets.TcpClient.Connect(IPEndPoint remoteEP)
   在 System.Net.Sockets.TcpClient.Connect(IPAddress address, Int32 port)
   在 NetComm.PureTcp.PureClientConnector.kDYdPt6Sikufh1AsaFP(Object , Object , Int32 )
   在 NetComm.PureTcp.PureClientConnector.kNyHwh1Mf(Boolean , Boolean )
2019/6/12 20:32:39：error-连接发生异常错误消息由于连接方在一段时间后没有正确答复或连接的主机没有反应，连接尝试失败。 67.21.80.212:80堆椎信息   在 System.Net.Sockets.Socket.DoConnect(EndPoint endPointSnapshot, SocketAddress socketAddress)
   在 System.Net.Sockets.Socket.Connect(EndPoint remoteEP)
   在 System.Net.Sockets.TcpClient.Connect(IPEndPoint remoteEP)
   在 System.Net.Sockets.TcpClient.Connect(IPAddress address, Int32 port)
   在 NetComm.PureTcp.PureClientConnector.kDYdPt6Sikufh1AsaFP(Object , Object , Int32 )
   在 NetComm.PureTcp.PureClientConnector.kNyHwh1Mf(Boolean , Boolean )

***队列日志2***
2019/6/12 20:33:43：error-连接发生异常错误消息由于连接方在一段时间后没有正确答复或连接的主机没有反应，连接尝试失败。 192.210.171.12:14000堆椎信息   在 System.Net.Sockets.Socket.DoConnect(EndPoint endPointSnapshot, SocketAddress socketAddress)
   在 System.Net.Sockets.Socket.Connect(EndPoint remoteEP)
   在 System.Net.Sockets.TcpClient.Connect(IPEndPoint remoteEP)
   在 System.Net.Sockets.TcpClient.Connect(IPAddress address, Int32 port)
   在 NetComm.PureTcp.PureClientConnector.kDYdPt6Sikufh1AsaFP(Object , Object , Int32 )
   在 NetComm.PureTcp.PureClientConnector.kNyHwh1Mf(Boolean , Boolean )
2019/6/12 20:33:43：error-连接发生异常错误消息由于连接方在一段时间后没有正确答复或连接的主机没有反应，连接尝试失败。 67.21.80.212:14000堆椎信息   在 System.Net.Sockets.Socket.DoConnect(EndPoint endPointSnapshot, SocketAddress socketAddress)
   在 System.Net.Sockets.Socket.Connect(EndPoint remoteEP)
   在 System.Net.Sockets.TcpClient.Connect(IPEndPoint remoteEP)
   在 System.Net.Sockets.TcpClient.Connect(IPAddress address, Int32 port)
   在 NetComm.PureTcp.PureClientConnector.kDYdPt6Sikufh1AsaFP(Object , Object , Int32 )
   在 NetComm.PureTcp.PureClientConnector.kNyHwh1Mf(Boolean , Boolean )

***队列日志2***
2019/6/12 20:34:04：error-连接发生异常错误消息由于连接方在一段时间后没有正确答复或连接的主机没有反应，连接尝试失败。 192.210.171.12:80堆椎信息   在 System.Net.Sockets.Socket.DoConnect(EndPoint endPointSnapshot, SocketAddress socketAddress)
   在 System.Net.Sockets.Socket.Connect(EndPoint remoteEP)
   在 System.Net.Sockets.TcpClient.Connect(IPEndPoint remoteEP)
   在 System.Net.Sockets.TcpClient.Connect(IPAddress address, Int32 port)
   在 NetComm.PureTcp.PureClientConnector.kDYdPt6Sikufh1AsaFP(Object , Object , Int32 )
   在 NetComm.PureTcp.PureClientConnector.kNyHwh1Mf(Boolean , Boolean )
2019/6/12 20:34:04：error-连接发生异常错误消息由于连接方在一段时间后没有正确答复或连接的主机没有反应，连接尝试失败。 67.21.80.212:80堆椎信息   在 System.Net.Sockets.Socket.DoConnect(EndPoint endPointSnapshot, SocketAddress socketAddress)
   在 System.Net.Sockets.Socket.Connect(EndPoint remoteEP)
   在 System.Net.Sockets.TcpClient.Connect(IPEndPoint remoteEP)
   在 System.Net.Sockets.TcpClient.Connect(IPAddress address, Int32 port)
   在 NetComm.PureTcp.PureClientConnector.kDYdPt6Sikufh1AsaFP(Object , Object , Int32 )
   在 NetComm.PureTcp.PureClientConnector.kNyHwh1Mf(Boolean , Boolean )

***队列日志2***
2019/6/12 20:34:25：error-连接发生异常错误消息由于连接方在一段时间后没有正确答复或连接的主机没有反应，连接尝试失败。 192.210.171.12:80堆椎信息   在 System.Net.Sockets.Socket.DoConnect(EndPoint endPointSnapshot, SocketAddress socketAddress)
   在 System.Net.Sockets.Socket.Connect(EndPoint remoteEP)
   在 System.Net.Sockets.TcpClient.Connect(IPEndPoint remoteEP)
   在 System.Net.Sockets.TcpClient.Connect(IPAddress address, Int32 port)
   在 NetComm.PureTcp.PureClientConnector.kDYdPt6Sikufh1AsaFP(Object , Object , Int32 )
   在 NetComm.PureTcp.PureClientConnector.kNyHwh1Mf(Boolean , Boolean )
2019/6/12 20:34:25：error-连接发生异常错误消息由于连接方在一段时间后没有正确答复或连接的主机没有反应，连接尝试失败。 67.21.80.212:80堆椎信息   在 System.Net.Sockets.Socket.DoConnect(EndPoint endPointSnapshot, SocketAddress socketAddress)
   在 System.Net.Sockets.Socket.Connect(EndPoint remoteEP)
   在 System.Net.Sockets.TcpClient.Connect(IPEndPoint remoteEP)
   在 System.Net.Sockets.TcpClient.Connect(IPAddress address, Int32 port)
   在 NetComm.PureTcp.PureClientConnector.kDYdPt6Sikufh1AsaFP(Object , Object , Int32 )
   在 NetComm.PureTcp.PureClientConnector.kNyHwh1Mf(Boolean , Boolean )

***队列日志2***
2019/6/12 20:35:10：error-连接发生异常错误消息由于连接方在一段时间后没有正确答复或连接的主机没有反应，连接尝试失败。 192.210.171.12:14000堆椎信息   在 System.Net.Sockets.Socket.DoConnect(EndPoint endPointSnapshot, SocketAddress socketAddress)
   在 System.Net.Sockets.Socket.Connect(EndPoint remoteEP)
   在 System.Net.Sockets.TcpClient.Connect(IPEndPoint remoteEP)
   在 System.Net.Sockets.TcpClient.Connect(IPAddress address, Int32 port)
   在 NetComm.PureTcp.PureClientConnector.kDYdPt6Sikufh1AsaFP(Object , Object , Int32 )
   在 NetComm.PureTcp.PureClientConnector.kNyHwh1Mf(Boolean , Boolean )
2019/6/12 20:35:10：error-连接发生异常错误消息由于连接方在一段时间后没有正确答复或连接的主机没有反应，连接尝试失败。 67.21.80.212:14000堆椎信息   在 System.Net.Sockets.Socket.DoConnect(EndPoint endPointSnapshot, SocketAddress socketAddress)
   在 System.Net.Sockets.Socket.Connect(EndPoint remoteEP)
   在 System.Net.Sockets.TcpClient.Connect(IPEndPoint remoteEP)
   在 System.Net.Sockets.TcpClient.Connect(IPAddress address, Int32 port)
   在 NetComm.PureTcp.PureClientConnector.kDYdPt6Sikufh1AsaFP(Object , Object , Int32 )
   在 NetComm.PureTcp.PureClientConnector.kNyHwh1Mf(Boolean , Boolean )

***队列日志2***
2019/6/12 20:35:31：error-连接发生异常错误消息由于连接方在一段时间后没有正确答复或连接的主机没有反应，连接尝试失败。 192.210.171.12:80堆椎信息   在 System.Net.Sockets.Socket.DoConnect(EndPoint endPointSnapshot, SocketAddress socketAddress)
   在 System.Net.Sockets.Socket.Connect(EndPoint remoteEP)
   在 System.Net.Sockets.TcpClient.Connect(IPEndPoint remoteEP)
   在 System.Net.Sockets.TcpClient.Connect(IPAddress address, Int32 port)
   在 NetComm.PureTcp.PureClientConnector.kDYdPt6Sikufh1AsaFP(Object , Object , Int32 )
   在 NetComm.PureTcp.PureClientConnector.kNyHwh1Mf(Boolean , Boolean )
2019/6/12 20:35:31：error-连接发生异常错误消息由于连接方在一段时间后没有正确答复或连接的主机没有反应，连接尝试失败。 67.21.80.212:80堆椎信息   在 System.Net.Sockets.Socket.DoConnect(EndPoint endPointSnapshot, SocketAddress socketAddress)
   在 System.Net.Sockets.Socket.Connect(EndPoint remoteEP)
   在 System.Net.Sockets.TcpClient.Connect(IPEndPoint remoteEP)
   在 System.Net.Sockets.TcpClient.Connect(IPAddress address, Int32 port)
   在 NetComm.PureTcp.PureClientConnector.kDYdPt6Sikufh1AsaFP(Object , Object , Int32 )
   在 NetComm.PureTcp.PureClientConnector.kNyHwh1Mf(Boolean , Boolean )

***队列日志2***
2019/6/12 20:35:52：error-连接发生异常错误消息由于连接方在一段时间后没有正确答复或连接的主机没有反应，连接尝试失败。 192.210.171.12:80堆椎信息   在 System.Net.Sockets.Socket.DoConnect(EndPoint endPointSnapshot, SocketAddress socketAddress)
   在 System.Net.Sockets.Socket.Connect(EndPoint remoteEP)
   在 System.Net.Sockets.TcpClient.Connect(IPEndPoint remoteEP)
   在 System.Net.Sockets.TcpClient.Connect(IPAddress address, Int32 port)
   在 NetComm.PureTcp.PureClientConnector.kDYdPt6Sikufh1AsaFP(Object , Object , Int32 )
   在 NetComm.PureTcp.PureClientConnector.kNyHwh1Mf(Boolean , Boolean )
2019/6/12 20:35:52：error-连接发生异常错误消息由于连接方在一段时间后没有正确答复或连接的主机没有反应，连接尝试失败。 67.21.80.212:80堆椎信息   在 System.Net.Sockets.Socket.DoConnect(EndPoint endPointSnapshot, SocketAddress socketAddress)
   在 System.Net.Sockets.Socket.Connect(EndPoint remoteEP)
   在 System.Net.Sockets.TcpClient.Connect(IPEndPoint remoteEP)
   在 System.Net.Sockets.TcpClient.Connect(IPAddress address, Int32 port)
   在 NetComm.PureTcp.PureClientConnector.kDYdPt6Sikufh1AsaFP(Object , Object , Int32 )
   在 NetComm.PureTcp.PureClientConnector.kNyHwh1Mf(Boolean , Boolean )

***队列日志2***
2019/6/12 20:37:05：error-连接发生异常错误消息由于连接方在一段时间后没有正确答复或连接的主机没有反应，连接尝试失败。 192.210.171.12:14000堆椎信息   在 System.Net.Sockets.Socket.DoConnect(EndPoint endPointSnapshot, SocketAddress socketAddress)
   在 System.Net.Sockets.Socket.Connect(EndPoint remoteEP)
   在 System.Net.Sockets.TcpClient.Connect(IPEndPoint remoteEP)
   在 System.Net.Sockets.TcpClient.Connect(IPAddress address, Int32 port)
   在 NetComm.PureTcp.PureClientConnector.kDYdPt6Sikufh1AsaFP(Object , Object , Int32 )
   在 NetComm.PureTcp.PureClientConnector.kNyHwh1Mf(Boolean , Boolean )
2019/6/12 20:37:05：error-连接发生异常错误消息由于连接方在一段时间后没有正确答复或连接的主机没有反应，连接尝试失败。 67.21.80.212:14000堆椎信息   在 System.Net.Sockets.Socket.DoConnect(EndPoint endPointSnapshot, SocketAddress socketAddress)
   在 System.Net.Sockets.Socket.Connect(EndPoint remoteEP)
   在 System.Net.Sockets.TcpClient.Connect(IPEndPoint remoteEP)
   在 System.Net.Sockets.TcpClient.Connect(IPAddress address, Int32 port)
   在 NetComm.PureTcp.PureClientConnector.kDYdPt6Sikufh1AsaFP(Object , Object , Int32 )
   在 NetComm.PureTcp.PureClientConnector.kNyHwh1Mf(Boolean , Boolean )

***队列日志2***
2019/6/12 20:37:26：error-连接发生异常错误消息由于连接方在一段时间后没有正确答复或连接的主机没有反应，连接尝试失败。 192.210.171.12:80堆椎信息   在 System.Net.Sockets.Socket.DoConnect(EndPoint endPointSnapshot, SocketAddress socketAddress)
   在 System.Net.Sockets.Socket.Connect(EndPoint remoteEP)
   在 System.Net.Sockets.TcpClient.Connect(IPEndPoint remoteEP)
   在 System.Net.Sockets.TcpClient.Connect(IPAddress address, Int32 port)
   在 NetComm.PureTcp.PureClientConnector.kDYdPt6Sikufh1AsaFP(Object , Object , Int32 )
   在 NetComm.PureTcp.PureClientConnector.kNyHwh1Mf(Boolean , Boolean )
2019/6/12 20:37:26：error-连接发生异常错误消息由于连接方在一段时间后没有正确答复或连接的主机没有反应，连接尝试失败。 67.21.80.212:80堆椎信息   在 System.Net.Sockets.Socket.DoConnect(EndPoint endPointSnapshot, SocketAddress socketAddress)
   在 System.Net.Sockets.Socket.Connect(EndPoint remoteEP)
   在 System.Net.Sockets.TcpClient.Connect(IPEndPoint remoteEP)
   在 System.Net.Sockets.TcpClient.Connect(IPAddress address, Int32 port)
   在 NetComm.PureTcp.PureClientConnector.kDYdPt6Sikufh1AsaFP(Object , Object , Int32 )
   在 NetComm.PureTcp.PureClientConnector.kNyHwh1Mf(Boolean , Boolean )

***队列日志2***
2019/6/12 20:37:47：error-连接发生异常错误消息由于连接方在一段时间后没有正确答复或连接的主机没有反应，连接尝试失败。 192.210.171.12:80堆椎信息   在 System.Net.Sockets.Socket.DoConnect(EndPoint endPointSnapshot, SocketAddress socketAddress)
   在 System.Net.Sockets.Socket.Connect(EndPoint remoteEP)
   在 System.Net.Sockets.TcpClient.Connect(IPEndPoint remoteEP)
   在 System.Net.Sockets.TcpClient.Connect(IPAddress address, Int32 port)
   在 NetComm.PureTcp.PureClientConnector.kDYdPt6Sikufh1AsaFP(Object , Object , Int32 )
   在 NetComm.PureTcp.PureClientConnector.kNyHwh1Mf(Boolean , Boolean )
2019/6/12 20:37:47：error-连接发生异常错误消息由于连接方在一段时间后没有正确答复或连接的主机没有反应，连接尝试失败。 67.21.80.212:80堆椎信息   在 System.Net.Sockets.Socket.DoConnect(EndPoint endPointSnapshot, SocketAddress socketAddress)
   在 System.Net.Sockets.Socket.Connect(EndPoint remoteEP)
   在 System.Net.Sockets.TcpClient.Connect(IPEndPoint remoteEP)
   在 System.Net.Sockets.TcpClient.Connect(IPAddress address, Int32 port)
   在 NetComm.PureTcp.PureClientConnector.kDYdPt6Sikufh1AsaFP(Object , Object , Int32 )
   在 NetComm.PureTcp.PureClientConnector.kNyHwh1Mf(Boolean , Boolean )

***队列日志2***
2019/6/12 20:38:50：error-连接发生异常错误消息由于连接方在一段时间后没有正确答复或连接的主机没有反应，连接尝试失败。 67.21.80.212:14000堆椎信息   在 System.Net.Sockets.Socket.DoConnect(EndPoint endPointSnapshot, SocketAddress socketAddress)
   在 System.Net.Sockets.Socket.Connect(EndPoint remoteEP)
   在 System.Net.Sockets.TcpClient.Connect(IPEndPoint remoteEP)
   在 System.Net.Sockets.TcpClient.Connect(IPAddress address, Int32 port)
   在 NetComm.PureTcp.PureClientConnector.kDYdPt6Sikufh1AsaFP(Object , Object , Int32 )
   在 NetComm.PureTcp.PureClientConnector.kNyHwh1Mf(Boolean , Boolean )
2019/6/12 20:38:50：error-连接发生异常错误消息由于连接方在一段时间后没有正确答复或连接的主机没有反应，连接尝试失败。 192.210.171.12:14000堆椎信息   在 System.Net.Sockets.Socket.DoConnect(EndPoint endPointSnapshot, SocketAddress socketAddress)
   在 System.Net.Sockets.Socket.Connect(EndPoint remoteEP)
   在 System.Net.Sockets.TcpClient.Connect(IPEndPoint remoteEP)
   在 System.Net.Sockets.TcpClient.Connect(IPAddress address, Int32 port)
   在 NetComm.PureTcp.PureClientConnector.kDYdPt6Sikufh1AsaFP(Object , Object , Int32 )
   在 NetComm.PureTcp.PureClientConnector.kNyHwh1Mf(Boolean , Boolean )

***队列日志2***
2019/6/12 20:39:11：error-连接发生异常错误消息由于连接方在一段时间后没有正确答复或连接的主机没有反应，连接尝试失败。 67.21.80.212:80堆椎信息   在 System.Net.Sockets.Socket.DoConnect(EndPoint endPointSnapshot, SocketAddress socketAddress)
   在 System.Net.Sockets.Socket.Connect(EndPoint remoteEP)
   在 System.Net.Sockets.TcpClient.Connect(IPEndPoint remoteEP)
   在 System.Net.Sockets.TcpClient.Connect(IPAddress address, Int32 port)
   在 NetComm.PureTcp.PureClientConnector.kDYdPt6Sikufh1AsaFP(Object , Object , Int32 )
   在 NetComm.PureTcp.PureClientConnector.kNyHwh1Mf(Boolean , Boolean )
2019/6/12 20:39:11：error-连接发生异常错误消息由于连接方在一段时间后没有正确答复或连接的主机没有反应，连接尝试失败。 192.210.171.12:80堆椎信息   在 System.Net.Sockets.Socket.DoConnect(EndPoint endPointSnapshot, SocketAddress socketAddress)
   在 System.Net.Sockets.Socket.Connect(EndPoint remoteEP)
   在 System.Net.Sockets.TcpClient.Connect(IPEndPoint remoteEP)
   在 System.Net.Sockets.TcpClient.Connect(IPAddress address, Int32 port)
   在 NetComm.PureTcp.PureClientConnector.kDYdPt6Sikufh1AsaFP(Object , Object , Int32 )
   在 NetComm.PureTcp.PureClientConnector.kNyHwh1Mf(Boolean , Boolean )

***队列日志2***
2019/6/12 20:39:32：error-连接发生异常错误消息由于连接方在一段时间后没有正确答复或连接的主机没有反应，连接尝试失败。 192.210.171.12:80堆椎信息   在 System.Net.Sockets.Socket.DoConnect(EndPoint endPointSnapshot, SocketAddress socketAddress)
   在 System.Net.Sockets.Socket.Connect(EndPoint remoteEP)
   在 System.Net.Sockets.TcpClient.Connect(IPEndPoint remoteEP)
   在 System.Net.Sockets.TcpClient.Connect(IPAddress address, Int32 port)
   在 NetComm.PureTcp.PureClientConnector.kDYdPt6Sikufh1AsaFP(Object , Object , Int32 )
   在 NetComm.PureTcp.PureClientConnector.kNyHwh1Mf(Boolean , Boolean )
2019/6/12 20:39:32：error-连接发生异常错误消息由于连接方在一段时间后没有正确答复或连接的主机没有反应，连接尝试失败。 67.21.80.212:80堆椎信息   在 System.Net.Sockets.Socket.DoConnect(EndPoint endPointSnapshot, SocketAddress socketAddress)
   在 System.Net.Sockets.Socket.Connect(EndPoint remoteEP)
   在 System.Net.Sockets.TcpClient.Connect(IPEndPoint remoteEP)
   在 System.Net.Sockets.TcpClient.Connect(IPAddress address, Int32 port)
   在 NetComm.PureTcp.PureClientConnector.kDYdPt6Sikufh1AsaFP(Object , Object , Int32 )
   在 NetComm.PureTcp.PureClientConnector.kNyHwh1Mf(Boolean , Boolean )

***队列日志2***
2019/6/12 20:40:42：error-连接发生异常错误消息由于连接方在一段时间后没有正确答复或连接的主机没有反应，连接尝试失败。 67.21.80.212:14000堆椎信息   在 System.Net.Sockets.Socket.DoConnect(EndPoint endPointSnapshot, SocketAddress socketAddress)
   在 System.Net.Sockets.Socket.Connect(EndPoint remoteEP)
   在 System.Net.Sockets.TcpClient.Connect(IPEndPoint remoteEP)
   在 System.Net.Sockets.TcpClient.Connect(IPAddress address, Int32 port)
   在 NetComm.PureTcp.PureClientConnector.kDYdPt6Sikufh1AsaFP(Object , Object , Int32 )
   在 NetComm.PureTcp.PureClientConnector.kNyHwh1Mf(Boolean , Boolean )
2019/6/12 20:40:42：error-连接发生异常错误消息由于连接方在一段时间后没有正确答复或连接的主机没有反应，连接尝试失败。 192.210.171.12:14000堆椎信息   在 System.Net.Sockets.Socket.DoConnect(EndPoint endPointSnapshot, SocketAddress socketAddress)
   在 System.Net.Sockets.Socket.Connect(EndPoint remoteEP)
   在 System.Net.Sockets.TcpClient.Connect(IPEndPoint remoteEP)
   在 System.Net.Sockets.TcpClient.Connect(IPAddress address, Int32 port)
   在 NetComm.PureTcp.PureClientConnector.kDYdPt6Sikufh1AsaFP(Object , Object , Int32 )
   在 NetComm.PureTcp.PureClientConnector.kNyHwh1Mf(Boolean , Boolean )

***队列日志2***
2019/6/12 20:41:03：error-连接发生异常错误消息由于连接方在一段时间后没有正确答复或连接的主机没有反应，连接尝试失败。 67.21.80.212:80堆椎信息   在 System.Net.Sockets.Socket.DoConnect(EndPoint endPointSnapshot, SocketAddress socketAddress)
   在 System.Net.Sockets.Socket.Connect(EndPoint remoteEP)
   在 System.Net.Sockets.TcpClient.Connect(IPEndPoint remoteEP)
   在 System.Net.Sockets.TcpClient.Connect(IPAddress address, Int32 port)
   在 NetComm.PureTcp.PureClientConnector.kDYdPt6Sikufh1AsaFP(Object , Object , Int32 )
   在 NetComm.PureTcp.PureClientConnector.kNyHwh1Mf(Boolean , Boolean )
2019/6/12 20:41:03：error-连接发生异常错误消息由于连接方在一段时间后没有正确答复或连接的主机没有反应，连接尝试失败。 192.210.171.12:80堆椎信息   在 System.Net.Sockets.Socket.DoConnect(EndPoint endPointSnapshot, SocketAddress socketAddress)
   在 System.Net.Sockets.Socket.Connect(EndPoint remoteEP)
   在 System.Net.Sockets.TcpClient.Connect(IPEndPoint remoteEP)
   在 System.Net.Sockets.TcpClient.Connect(IPAddress address, Int32 port)
   在 NetComm.PureTcp.PureClientConnector.kDYdPt6Sikufh1AsaFP(Object , Object , Int32 )
   在 NetComm.PureTcp.PureClientConnector.kNyHwh1Mf(Boolean , Boolean )

***队列日志2***
2019/6/12 20:41:24：error-连接发生异常错误消息由于连接方在一段时间后没有正确答复或连接的主机没有反应，连接尝试失败。 192.210.171.12:80堆椎信息   在 System.Net.Sockets.Socket.DoConnect(EndPoint endPointSnapshot, SocketAddress socketAddress)
   在 System.Net.Sockets.Socket.Connect(EndPoint remoteEP)
   在 System.Net.Sockets.TcpClient.Connect(IPEndPoint remoteEP)
   在 System.Net.Sockets.TcpClient.Connect(IPAddress address, Int32 port)
   在 NetComm.PureTcp.PureClientConnector.kDYdPt6Sikufh1AsaFP(Object , Object , Int32 )
   在 NetComm.PureTcp.PureClientConnector.kNyHwh1Mf(Boolean , Boolean )
2019/6/12 20:41:24：error-连接发生异常错误消息由于连接方在一段时间后没有正确答复或连接的主机没有反应，连接尝试失败。 67.21.80.212:80堆椎信息   在 System.Net.Sockets.Socket.DoConnect(EndPoint endPointSnapshot, SocketAddress socketAddress)
   在 System.Net.Sockets.Socket.Connect(EndPoint remoteEP)
   在 System.Net.Sockets.TcpClient.Connect(IPEndPoint remoteEP)
   在 System.Net.Sockets.TcpClient.Connect(IPAddress address, Int32 port)
   在 NetComm.PureTcp.PureClientConnector.kDYdPt6Sikufh1AsaFP(Object , Object , Int32 )
   在 NetComm.PureTcp.PureClientConnector.kNyHwh1Mf(Boolean , Boolean )

***队列日志2***
2019/6/12 20:42:07：error-连接发生异常错误消息由于连接方在一段时间后没有正确答复或连接的主机没有反应，连接尝试失败。 67.21.80.212:14000堆椎信息   在 System.Net.Sockets.Socket.DoConnect(EndPoint endPointSnapshot, SocketAddress socketAddress)
   在 System.Net.Sockets.Socket.Connect(EndPoint remoteEP)
   在 System.Net.Sockets.TcpClient.Connect(IPEndPoint remoteEP)
   在 System.Net.Sockets.TcpClient.Connect(IPAddress address, Int32 port)
   在 NetComm.PureTcp.PureClientConnector.kDYdPt6Sikufh1AsaFP(Object , Object , Int32 )
   在 NetComm.PureTcp.PureClientConnector.kNyHwh1Mf(Boolean , Boolean )
2019/6/12 20:42:07：error-连接发生异常错误消息由于连接方在一段时间后没有正确答复或连接的主机没有反应，连接尝试失败。 192.210.171.12:14000堆椎信息   在 System.Net.Sockets.Socket.DoConnect(EndPoint endPointSnapshot, SocketAddress socketAddress)
   在 System.Net.Sockets.Socket.Connect(EndPoint remoteEP)
   在 System.Net.Sockets.TcpClient.Connect(IPEndPoint remoteEP)
   在 System.Net.Sockets.TcpClient.Connect(IPAddress address, Int32 port)
   在 NetComm.PureTcp.PureClientConnector.kDYdPt6Sikufh1AsaFP(Object , Object , Int32 )
   在 NetComm.PureTcp.PureClientConnector.kNyHwh1Mf(Boolean , Boolean )

***队列日志2***
2019/6/12 20:42:28：error-连接发生异常错误消息由于连接方在一段时间后没有正确答复或连接的主机没有反应，连接尝试失败。 192.210.171.12:80堆椎信息   在 System.Net.Sockets.Socket.DoConnect(EndPoint endPointSnapshot, SocketAddress socketAddress)
   在 System.Net.Sockets.Socket.Connect(EndPoint remoteEP)
   在 System.Net.Sockets.TcpClient.Connect(IPEndPoint remoteEP)
   在 System.Net.Sockets.TcpClient.Connect(IPAddress address, Int32 port)
   在 NetComm.PureTcp.PureClientConnector.kDYdPt6Sikufh1AsaFP(Object , Object , Int32 )
   在 NetComm.PureTcp.PureClientConnector.kNyHwh1Mf(Boolean , Boolean )
2019/6/12 20:42:28：error-连接发生异常错误消息由于连接方在一段时间后没有正确答复或连接的主机没有反应，连接尝试失败。 67.21.80.212:80堆椎信息   在 System.Net.Sockets.Socket.DoConnect(EndPoint endPointSnapshot, SocketAddress socketAddress)
   在 System.Net.Sockets.Socket.Connect(EndPoint remoteEP)
   在 System.Net.Sockets.TcpClient.Connect(IPEndPoint remoteEP)
   在 System.Net.Sockets.TcpClient.Connect(IPAddress address, Int32 port)
   在 NetComm.PureTcp.PureClientConnector.kDYdPt6Sikufh1AsaFP(Object , Object , Int32 )
   在 NetComm.PureTcp.PureClientConnector.kNyHwh1Mf(Boolean , Boolean )

***队列日志2***
2019/6/12 20:42:49：error-连接发生异常错误消息由于连接方在一段时间后没有正确答复或连接的主机没有反应，连接尝试失败。 67.21.80.212:80堆椎信息   在 System.Net.Sockets.Socket.DoConnect(EndPoint endPointSnapshot, SocketAddress socketAddress)
   在 System.Net.Sockets.Socket.Connect(EndPoint remoteEP)
   在 System.Net.Sockets.TcpClient.Connect(IPEndPoint remoteEP)
   在 System.Net.Sockets.TcpClient.Connect(IPAddress address, Int32 port)
   在 NetComm.PureTcp.PureClientConnector.kDYdPt6Sikufh1AsaFP(Object , Object , Int32 )
   在 NetComm.PureTcp.PureClientConnector.kNyHwh1Mf(Boolean , Boolean )
2019/6/12 20:42:49：error-连接发生异常错误消息由于连接方在一段时间后没有正确答复或连接的主机没有反应，连接尝试失败。 192.210.171.12:80堆椎信息   在 System.Net.Sockets.Socket.DoConnect(EndPoint endPointSnapshot, SocketAddress socketAddress)
   在 System.Net.Sockets.Socket.Connect(EndPoint remoteEP)
   在 System.Net.Sockets.TcpClient.Connect(IPEndPoint remoteEP)
   在 System.Net.Sockets.TcpClient.Connect(IPAddress address, Int32 port)
   在 NetComm.PureTcp.PureClientConnector.kDYdPt6Sikufh1AsaFP(Object , Object , Int32 )
   在 NetComm.PureTcp.PureClientConnector.kNyHwh1Mf(Boolean , Boolean )

***队列日志2***
2019/6/12 20:43:23：error-连接发生异常错误消息由于连接方在一段时间后没有正确答复或连接的主机没有反应，连接尝试失败。 192.210.171.12:14000堆椎信息   在 System.Net.Sockets.Socket.DoConnect(EndPoint endPointSnapshot, SocketAddress socketAddress)
   在 System.Net.Sockets.Socket.Connect(EndPoint remoteEP)
   在 System.Net.Sockets.TcpClient.Connect(IPEndPoint remoteEP)
   在 System.Net.Sockets.TcpClient.Connect(IPAddress address, Int32 port)
   在 NetComm.PureTcp.PureClientConnector.kDYdPt6Sikufh1AsaFP(Object , Object , Int32 )
   在 NetComm.PureTcp.PureClientConnector.kNyHwh1Mf(Boolean , Boolean )
2019/6/12 20:43:23：error-连接发生异常错误消息由于连接方在一段时间后没有正确答复或连接的主机没有反应，连接尝试失败。 67.21.80.212:14000堆椎信息   在 System.Net.Sockets.Socket.DoConnect(EndPoint endPointSnapshot, SocketAddress socketAddress)
   在 System.Net.Sockets.Socket.Connect(EndPoint remoteEP)
   在 System.Net.Sockets.TcpClient.Connect(IPEndPoint remoteEP)
   在 System.Net.Sockets.TcpClient.Connect(IPAddress address, Int32 port)
   在 NetComm.PureTcp.PureClientConnector.kDYdPt6Sikufh1AsaFP(Object , Object , Int32 )
   在 NetComm.PureTcp.PureClientConnector.kNyHwh1Mf(Boolean , Boolean )

***队列日志2***
2019/6/12 20:43:44：error-连接发生异常错误消息由于连接方在一段时间后没有正确答复或连接的主机没有反应，连接尝试失败。 192.210.171.12:80堆椎信息   在 System.Net.Sockets.Socket.DoConnect(EndPoint endPointSnapshot, SocketAddress socketAddress)
   在 System.Net.Sockets.Socket.Connect(EndPoint remoteEP)
   在 System.Net.Sockets.TcpClient.Connect(IPEndPoint remoteEP)
   在 System.Net.Sockets.TcpClient.Connect(IPAddress address, Int32 port)
   在 NetComm.PureTcp.PureClientConnector.kDYdPt6Sikufh1AsaFP(Object , Object , Int32 )
   在 NetComm.PureTcp.PureClientConnector.kNyHwh1Mf(Boolean , Boolean )
2019/6/12 20:43:44：error-连接发生异常错误消息由于连接方在一段时间后没有正确答复或连接的主机没有反应，连接尝试失败。 67.21.80.212:80堆椎信息   在 System.Net.Sockets.Socket.DoConnect(EndPoint endPointSnapshot, SocketAddress socketAddress)
   在 System.Net.Sockets.Socket.Connect(EndPoint remoteEP)
   在 System.Net.Sockets.TcpClient.Connect(IPEndPoint remoteEP)
   在 System.Net.Sockets.TcpClient.Connect(IPAddress address, Int32 port)
   在 NetComm.PureTcp.PureClientConnector.kDYdPt6Sikufh1AsaFP(Object , Object , Int32 )
   在 NetComm.PureTcp.PureClientConnector.kNyHwh1Mf(Boolean , Boolean )

***队列日志2***
2019/6/12 20:44:05：error-连接发生异常错误消息由于连接方在一段时间后没有正确答复或连接的主机没有反应，连接尝试失败。 192.210.171.12:80堆椎信息   在 System.Net.Sockets.Socket.DoConnect(EndPoint endPointSnapshot, SocketAddress socketAddress)
   在 System.Net.Sockets.Socket.Connect(EndPoint remoteEP)
   在 System.Net.Sockets.TcpClient.Connect(IPEndPoint remoteEP)
   在 System.Net.Sockets.TcpClient.Connect(IPAddress address, Int32 port)
   在 NetComm.PureTcp.PureClientConnector.kDYdPt6Sikufh1AsaFP(Object , Object , Int32 )
   在 NetComm.PureTcp.PureClientConnector.kNyHwh1Mf(Boolean , Boolean )
2019/6/12 20:44:05：error-连接发生异常错误消息由于连接方在一段时间后没有正确答复或连接的主机没有反应，连接尝试失败。 67.21.80.212:80堆椎信息   在 System.Net.Sockets.Socket.DoConnect(EndPoint endPointSnapshot, SocketAddress socketAddress)
   在 System.Net.Sockets.Socket.Connect(EndPoint remoteEP)
   在 System.Net.Sockets.TcpClient.Connect(IPEndPoint remoteEP)
   在 System.Net.Sockets.TcpClient.Connect(IPAddress address, Int32 port)
   在 NetComm.PureTcp.PureClientConnector.kDYdPt6Sikufh1AsaFP(Object , Object , Int32 )
   在 NetComm.PureTcp.PureClientConnector.kNyHwh1Mf(Boolean , Boolean )

***队列日志2***
2019/6/12 20:44:56：error-连接发生异常错误消息由于连接方在一段时间后没有正确答复或连接的主机没有反应，连接尝试失败。 192.210.171.12:14000堆椎信息   在 System.Net.Sockets.Socket.DoConnect(EndPoint endPointSnapshot, SocketAddress socketAddress)
   在 System.Net.Sockets.Socket.Connect(EndPoint remoteEP)
   在 System.Net.Sockets.TcpClient.Connect(IPEndPoint remoteEP)
   在 System.Net.Sockets.TcpClient.Connect(IPAddress address, Int32 port)
   在 NetComm.PureTcp.PureClientConnector.kDYdPt6Sikufh1AsaFP(Object , Object , Int32 )
   在 NetComm.PureTcp.PureClientConnector.kNyHwh1Mf(Boolean , Boolean )
2019/6/12 20:44:56：error-连接发生异常错误消息由于连接方在一段时间后没有正确答复或连接的主机没有反应，连接尝试失败。 67.21.80.212:14000堆椎信息   在 System.Net.Sockets.Socket.DoConnect(EndPoint endPointSnapshot, SocketAddress socketAddress)
   在 System.Net.Sockets.Socket.Connect(EndPoint remoteEP)
   在 System.Net.Sockets.TcpClient.Connect(IPEndPoint remoteEP)
   在 System.Net.Sockets.TcpClient.Connect(IPAddress address, Int32 port)
   在 NetComm.PureTcp.PureClientConnector.kDYdPt6Sikufh1AsaFP(Object , Object , Int32 )
   在 NetComm.PureTcp.PureClientConnector.kNyHwh1Mf(Boolean , Boolean )

***队列日志2***
2019/6/12 20:45:17：error-连接发生异常错误消息由于连接方在一段时间后没有正确答复或连接的主机没有反应，连接尝试失败。 67.21.80.212:80堆椎信息   在 System.Net.Sockets.Socket.DoConnect(EndPoint endPointSnapshot, SocketAddress socketAddress)
   在 System.Net.Sockets.Socket.Connect(EndPoint remoteEP)
   在 System.Net.Sockets.TcpClient.Connect(IPEndPoint remoteEP)
   在 System.Net.Sockets.TcpClient.Connect(IPAddress address, Int32 port)
   在 NetComm.PureTcp.PureClientConnector.kDYdPt6Sikufh1AsaFP(Object , Object , Int32 )
   在 NetComm.PureTcp.PureClientConnector.kNyHwh1Mf(Boolean , Boolean )
2019/6/12 20:45:17：error-连接发生异常错误消息由于连接方在一段时间后没有正确答复或连接的主机没有反应，连接尝试失败。 192.210.171.12:80堆椎信息   在 System.Net.Sockets.Socket.DoConnect(EndPoint endPointSnapshot, SocketAddress socketAddress)
   在 System.Net.Sockets.Socket.Connect(EndPoint remoteEP)
   在 System.Net.Sockets.TcpClient.Connect(IPEndPoint remoteEP)
   在 System.Net.Sockets.TcpClient.Connect(IPAddress address, Int32 port)
   在 NetComm.PureTcp.PureClientConnector.kDYdPt6Sikufh1AsaFP(Object , Object , Int32 )
   在 NetComm.PureTcp.PureClientConnector.kNyHwh1Mf(Boolean , Boolean )

***队列日志2***
2019/6/12 20:45:38：error-连接发生异常错误消息由于连接方在一段时间后没有正确答复或连接的主机没有反应，连接尝试失败。 192.210.171.12:80堆椎信息   在 System.Net.Sockets.Socket.DoConnect(EndPoint endPointSnapshot, SocketAddress socketAddress)
   在 System.Net.Sockets.Socket.Connect(EndPoint remoteEP)
   在 System.Net.Sockets.TcpClient.Connect(IPEndPoint remoteEP)
   在 System.Net.Sockets.TcpClient.Connect(IPAddress address, Int32 port)
   在 NetComm.PureTcp.PureClientConnector.kDYdPt6Sikufh1AsaFP(Object , Object , Int32 )
   在 NetComm.PureTcp.PureClientConnector.kNyHwh1Mf(Boolean , Boolean )
2019/6/12 20:45:38：error-连接发生异常错误消息由于连接方在一段时间后没有正确答复或连接的主机没有反应，连接尝试失败。 67.21.80.212:80堆椎信息   在 System.Net.Sockets.Socket.DoConnect(EndPoint endPointSnapshot, SocketAddress socketAddress)
   在 System.Net.Sockets.Socket.Connect(EndPoint remoteEP)
   在 System.Net.Sockets.TcpClient.Connect(IPEndPoint remoteEP)
   在 System.Net.Sockets.TcpClient.Connect(IPAddress address, Int32 port)
   在 NetComm.PureTcp.PureClientConnector.kDYdPt6Sikufh1AsaFP(Object , Object , Int32 )
   在 NetComm.PureTcp.PureClientConnector.kNyHwh1Mf(Boolean , Boolean )

***队列日志2***
2019/6/12 20:46:24：error-连接发生异常错误消息由于连接方在一段时间后没有正确答复或连接的主机没有反应，连接尝试失败。 192.210.171.12:14000堆椎信息   在 System.Net.Sockets.Socket.DoConnect(EndPoint endPointSnapshot, SocketAddress socketAddress)
   在 System.Net.Sockets.Socket.Connect(EndPoint remoteEP)
   在 System.Net.Sockets.TcpClient.Connect(IPEndPoint remoteEP)
   在 System.Net.Sockets.TcpClient.Connect(IPAddress address, Int32 port)
   在 NetComm.PureTcp.PureClientConnector.kDYdPt6Sikufh1AsaFP(Object , Object , Int32 )
   在 NetComm.PureTcp.PureClientConnector.kNyHwh1Mf(Boolean , Boolean )
2019/6/12 20:46:24：error-连接发生异常错误消息由于连接方在一段时间后没有正确答复或连接的主机没有反应，连接尝试失败。 67.21.80.212:14000堆椎信息   在 System.Net.Sockets.Socket.DoConnect(EndPoint endPointSnapshot, SocketAddress socketAddress)
   在 System.Net.Sockets.Socket.Connect(EndPoint remoteEP)
   在 System.Net.Sockets.TcpClient.Connect(IPEndPoint remoteEP)
   在 System.Net.Sockets.TcpClient.Connect(IPAddress address, Int32 port)
   在 NetComm.PureTcp.PureClientConnector.kDYdPt6Sikufh1AsaFP(Object , Object , Int32 )
   在 NetComm.PureTcp.PureClientConnector.kNyHwh1Mf(Boolean , Boolean )

***队列日志2***
2019/6/12 20:46:45：error-连接发生异常错误消息由于连接方在一段时间后没有正确答复或连接的主机没有反应，连接尝试失败。 67.21.80.212:80堆椎信息   在 System.Net.Sockets.Socket.DoConnect(EndPoint endPointSnapshot, SocketAddress socketAddress)
   在 System.Net.Sockets.Socket.Connect(EndPoint remoteEP)
   在 System.Net.Sockets.TcpClient.Connect(IPEndPoint remoteEP)
   在 System.Net.Sockets.TcpClient.Connect(IPAddress address, Int32 port)
   在 NetComm.PureTcp.PureClientConnector.kDYdPt6Sikufh1AsaFP(Object , Object , Int32 )
   在 NetComm.PureTcp.PureClientConnector.kNyHwh1Mf(Boolean , Boolean )
2019/6/12 20:46:45：error-连接发生异常错误消息由于连接方在一段时间后没有正确答复或连接的主机没有反应，连接尝试失败。 192.210.171.12:80堆椎信息   在 System.Net.Sockets.Socket.DoConnect(EndPoint endPointSnapshot, SocketAddress socketAddress)
   在 System.Net.Sockets.Socket.Connect(EndPoint remoteEP)
   在 System.Net.Sockets.TcpClient.Connect(IPEndPoint remoteEP)
   在 System.Net.Sockets.TcpClient.Connect(IPAddress address, Int32 port)
   在 NetComm.PureTcp.PureClientConnector.kDYdPt6Sikufh1AsaFP(Object , Object , Int32 )
   在 NetComm.PureTcp.PureClientConnector.kNyHwh1Mf(Boolean , Boolean )

***队列日志2***
2019/6/12 20:47:06：error-连接发生异常错误消息由于连接方在一段时间后没有正确答复或连接的主机没有反应，连接尝试失败。 192.210.171.12:80堆椎信息   在 System.Net.Sockets.Socket.DoConnect(EndPoint endPointSnapshot, SocketAddress socketAddress)
   在 System.Net.Sockets.Socket.Connect(EndPoint remoteEP)
   在 System.Net.Sockets.TcpClient.Connect(IPEndPoint remoteEP)
   在 System.Net.Sockets.TcpClient.Connect(IPAddress address, Int32 port)
   在 NetComm.PureTcp.PureClientConnector.kDYdPt6Sikufh1AsaFP(Object , Object , Int32 )
   在 NetComm.PureTcp.PureClientConnector.kNyHwh1Mf(Boolean , Boolean )
2019/6/12 20:47:06：error-连接发生异常错误消息由于连接方在一段时间后没有正确答复或连接的主机没有反应，连接尝试失败。 67.21.80.212:80堆椎信息   在 System.Net.Sockets.Socket.DoConnect(EndPoint endPointSnapshot, SocketAddress socketAddress)
   在 System.Net.Sockets.Socket.Connect(EndPoint remoteEP)
   在 System.Net.Sockets.TcpClient.Connect(IPEndPoint remoteEP)
   在 System.Net.Sockets.TcpClient.Connect(IPAddress address, Int32 port)
   在 NetComm.PureTcp.PureClientConnector.kDYdPt6Sikufh1AsaFP(Object , Object , Int32 )
   在 NetComm.PureTcp.PureClientConnector.kNyHwh1Mf(Boolean , Boolean )

***队列日志1***
2019/6/12 20:48:12：error-连接发生异常错误消息由于连接方在一段时间后没有正确答复或连接的主机没有反应，连接尝试失败。 67.21.80.212:14000堆椎信息   在 System.Net.Sockets.Socket.DoConnect(EndPoint endPointSnapshot, SocketAddress socketAddress)
   在 System.Net.Sockets.Socket.Connect(EndPoint remoteEP)
   在 System.Net.Sockets.TcpClient.Connect(IPEndPoint remoteEP)
   在 System.Net.Sockets.TcpClient.Connect(IPAddress address, Int32 port)
   在 NetComm.PureTcp.PureClientConnector.kDYdPt6Sikufh1AsaFP(Object , Object , Int32 )
   在 NetComm.PureTcp.PureClientConnector.kNyHwh1Mf(Boolean , Boolean )

***队列日志1***
2019/6/12 20:48:12：error-连接发生异常错误消息由于连接方在一段时间后没有正确答复或连接的主机没有反应，连接尝试失败。 192.210.171.12:14000堆椎信息   在 System.Net.Sockets.Socket.DoConnect(EndPoint endPointSnapshot, SocketAddress socketAddress)
   在 System.Net.Sockets.Socket.Connect(EndPoint remoteEP)
   在 System.Net.Sockets.TcpClient.Connect(IPEndPoint remoteEP)
   在 System.Net.Sockets.TcpClient.Connect(IPAddress address, Int32 port)
   在 NetComm.PureTcp.PureClientConnector.kDYdPt6Sikufh1AsaFP(Object , Object , Int32 )
   在 NetComm.PureTcp.PureClientConnector.kNyHwh1Mf(Boolean , Boolean )

***队列日志2***
2019/6/12 20:48:33：error-连接发生异常错误消息由于连接方在一段时间后没有正确答复或连接的主机没有反应，连接尝试失败。 192.210.171.12:80堆椎信息   在 System.Net.Sockets.Socket.DoConnect(EndPoint endPointSnapshot, SocketAddress socketAddress)
   在 System.Net.Sockets.Socket.Connect(EndPoint remoteEP)
   在 System.Net.Sockets.TcpClient.Connect(IPEndPoint remoteEP)
   在 System.Net.Sockets.TcpClient.Connect(IPAddress address, Int32 port)
   在 NetComm.PureTcp.PureClientConnector.kDYdPt6Sikufh1AsaFP(Object , Object , Int32 )
   在 NetComm.PureTcp.PureClientConnector.kNyHwh1Mf(Boolean , Boolean )
2019/6/12 20:48:33：error-连接发生异常错误消息由于连接方在一段时间后没有正确答复或连接的主机没有反应，连接尝试失败。 67.21.80.212:80堆椎信息   在 System.Net.Sockets.Socket.DoConnect(EndPoint endPointSnapshot, SocketAddress socketAddress)
   在 System.Net.Sockets.Socket.Connect(EndPoint remoteEP)
   在 System.Net.Sockets.TcpClient.Connect(IPEndPoint remoteEP)
   在 System.Net.Sockets.TcpClient.Connect(IPAddress address, Int32 port)
   在 NetComm.PureTcp.PureClientConnector.kDYdPt6Sikufh1AsaFP(Object , Object , Int32 )
   在 NetComm.PureTcp.PureClientConnector.kNyHwh1Mf(Boolean , Boolean )

***队列日志2***
2019/6/12 20:48:54：error-连接发生异常错误消息由于连接方在一段时间后没有正确答复或连接的主机没有反应，连接尝试失败。 192.210.171.12:80堆椎信息   在 System.Net.Sockets.Socket.DoConnect(EndPoint endPointSnapshot, SocketAddress socketAddress)
   在 System.Net.Sockets.Socket.Connect(EndPoint remoteEP)
   在 System.Net.Sockets.TcpClient.Connect(IPEndPoint remoteEP)
   在 System.Net.Sockets.TcpClient.Connect(IPAddress address, Int32 port)
   在 NetComm.PureTcp.PureClientConnector.kDYdPt6Sikufh1AsaFP(Object , Object , Int32 )
   在 NetComm.PureTcp.PureClientConnector.kNyHwh1Mf(Boolean , Boolean )
2019/6/12 20:48:54：error-连接发生异常错误消息由于连接方在一段时间后没有正确答复或连接的主机没有反应，连接尝试失败。 67.21.80.212:80堆椎信息   在 System.Net.Sockets.Socket.DoConnect(EndPoint endPointSnapshot, SocketAddress socketAddress)
   在 System.Net.Sockets.Socket.Connect(EndPoint remoteEP)
   在 System.Net.Sockets.TcpClient.Connect(IPEndPoint remoteEP)
   在 System.Net.Sockets.TcpClient.Connect(IPAddress address, Int32 port)
   在 NetComm.PureTcp.PureClientConnector.kDYdPt6Sikufh1AsaFP(Object , Object , Int32 )
   在 NetComm.PureTcp.PureClientConnector.kNyHwh1Mf(Boolean , Boolean )

***队列日志2***
2019/6/12 20:49:53：error-连接发生异常错误消息由于连接方在一段时间后没有正确答复或连接的主机没有反应，连接尝试失败。 192.210.171.12:14000堆椎信息   在 System.Net.Sockets.Socket.DoConnect(EndPoint endPointSnapshot, SocketAddress socketAddress)
   在 System.Net.Sockets.Socket.Connect(EndPoint remoteEP)
   在 System.Net.Sockets.TcpClient.Connect(IPEndPoint remoteEP)
   在 System.Net.Sockets.TcpClient.Connect(IPAddress address, Int32 port)
   在 NetComm.PureTcp.PureClientConnector.kDYdPt6Sikufh1AsaFP(Object , Object , Int32 )
   在 NetComm.PureTcp.PureClientConnector.kNyHwh1Mf(Boolean , Boolean )
2019/6/12 20:49:53：error-连接发生异常错误消息由于连接方在一段时间后没有正确答复或连接的主机没有反应，连接尝试失败。 67.21.80.212:14000堆椎信息   在 System.Net.Sockets.Socket.DoConnect(EndPoint endPointSnapshot, SocketAddress socketAddress)
   在 System.Net.Sockets.Socket.Connect(EndPoint remoteEP)
   在 System.Net.Sockets.TcpClient.Connect(IPEndPoint remoteEP)
   在 System.Net.Sockets.TcpClient.Connect(IPAddress address, Int32 port)
   在 NetComm.PureTcp.PureClientConnector.kDYdPt6Sikufh1AsaFP(Object , Object , Int32 )
   在 NetComm.PureTcp.PureClientConnector.kNyHwh1Mf(Boolean , Boolean )
