
***队列日志2***
2019/6/12 19:49:56：error-连接发生异常错误消息由于连接方在一段时间后没有正确答复或连接的主机没有反应，连接尝试失败。 192.210.171.12:14000堆椎信息   在 System.Net.Sockets.Socket.DoConnect(EndPoint endPointSnapshot, SocketAddress socketAddress)
   在 System.Net.Sockets.Socket.Connect(EndPoint remoteEP)
   在 System.Net.Sockets.TcpClient.Connect(IPEndPoint remoteEP)
   在 System.Net.Sockets.TcpClient.Connect(IPAddress address, Int32 port)
   在 NetComm.PureTcp.PureClientConnector.kDYdPt6Sikufh1AsaFP(Object , Object , Int32 )
   在 NetComm.PureTcp.PureClientConnector.kNyHwh1Mf(Boolean , Boolean )
2019/6/12 19:49:56：error-连接发生异常错误消息由于连接方在一段时间后没有正确答复或连接的主机没有反应，连接尝试失败。 67.21.80.212:14000堆椎信息   在 System.Net.Sockets.Socket.DoConnect(EndPoint endPointSnapshot, SocketAddress socketAddress)
   在 System.Net.Sockets.Socket.Connect(EndPoint remoteEP)
   在 System.Net.Sockets.TcpClient.Connect(IPEndPoint remoteEP)
   在 System.Net.Sockets.TcpClient.Connect(IPAddress address, Int32 port)
   在 NetComm.PureTcp.PureClientConnector.kDYdPt6Sikufh1AsaFP(Object , Object , Int32 )
   在 NetComm.PureTcp.PureClientConnector.kNyHwh1Mf(Boolean , Boolean )

***队列日志2***
2019/6/12 19:50:17：error-连接发生异常错误消息由于连接方在一段时间后没有正确答复或连接的主机没有反应，连接尝试失败。 67.21.80.212:80堆椎信息   在 System.Net.Sockets.Socket.DoConnect(EndPoint endPointSnapshot, SocketAddress socketAddress)
   在 System.Net.Sockets.Socket.Connect(EndPoint remoteEP)
   在 System.Net.Sockets.TcpClient.Connect(IPEndPoint remoteEP)
   在 System.Net.Sockets.TcpClient.Connect(IPAddress address, Int32 port)
   在 NetComm.PureTcp.PureClientConnector.kDYdPt6Sikufh1AsaFP(Object , Object , Int32 )
   在 NetComm.PureTcp.PureClientConnector.kNyHwh1Mf(Boolean , Boolean )
2019/6/12 19:50:17：error-连接发生异常错误消息由于连接方在一段时间后没有正确答复或连接的主机没有反应，连接尝试失败。 192.210.171.12:80堆椎信息   在 System.Net.Sockets.Socket.DoConnect(EndPoint endPointSnapshot, SocketAddress socketAddress)
   在 System.Net.Sockets.Socket.Connect(EndPoint remoteEP)
   在 System.Net.Sockets.TcpClient.Connect(IPEndPoint remoteEP)
   在 System.Net.Sockets.TcpClient.Connect(IPAddress address, Int32 port)
   在 NetComm.PureTcp.PureClientConnector.kDYdPt6Sikufh1AsaFP(Object , Object , Int32 )
   在 NetComm.PureTcp.PureClientConnector.kNyHwh1Mf(Boolean , Boolean )

***队列日志2***
2019/6/12 19:50:38：error-连接发生异常错误消息由于连接方在一段时间后没有正确答复或连接的主机没有反应，连接尝试失败。 67.21.80.212:14000堆椎信息   在 System.Net.Sockets.Socket.DoConnect(EndPoint endPointSnapshot, SocketAddress socketAddress)
   在 System.Net.Sockets.Socket.Connect(EndPoint remoteEP)
   在 System.Net.Sockets.TcpClient.Connect(IPEndPoint remoteEP)
   在 System.Net.Sockets.TcpClient.Connect(IPAddress address, Int32 port)
   在 NetComm.PureTcp.PureClientConnector.kDYdPt6Sikufh1AsaFP(Object , Object , Int32 )
   在 NetComm.PureTcp.PureClientConnector.kNyHwh1Mf(Boolean , Boolean )
2019/6/12 19:50:38：error-连接发生异常错误消息由于连接方在一段时间后没有正确答复或连接的主机没有反应，连接尝试失败。 192.210.171.12:14000堆椎信息   在 System.Net.Sockets.Socket.DoConnect(EndPoint endPointSnapshot, SocketAddress socketAddress)
   在 System.Net.Sockets.Socket.Connect(EndPoint remoteEP)
   在 System.Net.Sockets.TcpClient.Connect(IPEndPoint remoteEP)
   在 System.Net.Sockets.TcpClient.Connect(IPAddress address, Int32 port)
   在 NetComm.PureTcp.PureClientConnector.kDYdPt6Sikufh1AsaFP(Object , Object , Int32 )
   在 NetComm.PureTcp.PureClientConnector.kNyHwh1Mf(Boolean , Boolean )

***队列日志2***
2019/6/12 19:50:59：error-连接发生异常错误消息由于连接方在一段时间后没有正确答复或连接的主机没有反应，连接尝试失败。 67.21.80.212:80堆椎信息   在 System.Net.Sockets.Socket.DoConnect(EndPoint endPointSnapshot, SocketAddress socketAddress)
   在 System.Net.Sockets.Socket.Connect(EndPoint remoteEP)
   在 System.Net.Sockets.TcpClient.Connect(IPEndPoint remoteEP)
   在 System.Net.Sockets.TcpClient.Connect(IPAddress address, Int32 port)
   在 NetComm.PureTcp.PureClientConnector.kDYdPt6Sikufh1AsaFP(Object , Object , Int32 )
   在 NetComm.PureTcp.PureClientConnector.kNyHwh1Mf(Boolean , Boolean )
2019/6/12 19:50:59：error-连接发生异常错误消息由于连接方在一段时间后没有正确答复或连接的主机没有反应，连接尝试失败。 192.210.171.12:80堆椎信息   在 System.Net.Sockets.Socket.DoConnect(EndPoint endPointSnapshot, SocketAddress socketAddress)
   在 System.Net.Sockets.Socket.Connect(EndPoint remoteEP)
   在 System.Net.Sockets.TcpClient.Connect(IPEndPoint remoteEP)
   在 System.Net.Sockets.TcpClient.Connect(IPAddress address, Int32 port)
   在 NetComm.PureTcp.PureClientConnector.kDYdPt6Sikufh1AsaFP(Object , Object , Int32 )
   在 NetComm.PureTcp.PureClientConnector.kNyHwh1Mf(Boolean , Boolean )

***队列日志2***
2019/6/12 19:51:20：error-连接发生异常错误消息由于连接方在一段时间后没有正确答复或连接的主机没有反应，连接尝试失败。 192.210.171.12:80堆椎信息   在 System.Net.Sockets.Socket.DoConnect(EndPoint endPointSnapshot, SocketAddress socketAddress)
   在 System.Net.Sockets.Socket.Connect(EndPoint remoteEP)
   在 System.Net.Sockets.TcpClient.Connect(IPEndPoint remoteEP)
   在 System.Net.Sockets.TcpClient.Connect(IPAddress address, Int32 port)
   在 NetComm.PureTcp.PureClientConnector.kDYdPt6Sikufh1AsaFP(Object , Object , Int32 )
   在 NetComm.PureTcp.PureClientConnector.kNyHwh1Mf(Boolean , Boolean )
2019/6/12 19:51:20：error-连接发生异常错误消息由于连接方在一段时间后没有正确答复或连接的主机没有反应，连接尝试失败。 67.21.80.212:80堆椎信息   在 System.Net.Sockets.Socket.DoConnect(EndPoint endPointSnapshot, SocketAddress socketAddress)
   在 System.Net.Sockets.Socket.Connect(EndPoint remoteEP)
   在 System.Net.Sockets.TcpClient.Connect(IPEndPoint remoteEP)
   在 System.Net.Sockets.TcpClient.Connect(IPAddress address, Int32 port)
   在 NetComm.PureTcp.PureClientConnector.kDYdPt6Sikufh1AsaFP(Object , Object , Int32 )
   在 NetComm.PureTcp.PureClientConnector.kNyHwh1Mf(Boolean , Boolean )

***队列日志2***
2019/6/12 19:51:41：error-连接发生异常错误消息由于连接方在一段时间后没有正确答复或连接的主机没有反应，连接尝试失败。 192.210.171.12:80堆椎信息   在 System.Net.Sockets.Socket.DoConnect(EndPoint endPointSnapshot, SocketAddress socketAddress)
   在 System.Net.Sockets.Socket.Connect(EndPoint remoteEP)
   在 System.Net.Sockets.TcpClient.Connect(IPEndPoint remoteEP)
   在 System.Net.Sockets.TcpClient.Connect(IPAddress address, Int32 port)
   在 NetComm.PureTcp.PureClientConnector.kDYdPt6Sikufh1AsaFP(Object , Object , Int32 )
   在 NetComm.PureTcp.PureClientConnector.kNyHwh1Mf(Boolean , Boolean )
2019/6/12 19:51:41：error-连接发生异常错误消息由于连接方在一段时间后没有正确答复或连接的主机没有反应，连接尝试失败。 67.21.80.212:80堆椎信息   在 System.Net.Sockets.Socket.DoConnect(EndPoint endPointSnapshot, SocketAddress socketAddress)
   在 System.Net.Sockets.Socket.Connect(EndPoint remoteEP)
   在 System.Net.Sockets.TcpClient.Connect(IPEndPoint remoteEP)
   在 System.Net.Sockets.TcpClient.Connect(IPAddress address, Int32 port)
   在 NetComm.PureTcp.PureClientConnector.kDYdPt6Sikufh1AsaFP(Object , Object , Int32 )
   在 NetComm.PureTcp.PureClientConnector.kNyHwh1Mf(Boolean , Boolean )

***队列日志2***
2019/6/12 19:52:20：error-连接发生异常错误消息由于连接方在一段时间后没有正确答复或连接的主机没有反应，连接尝试失败。 192.210.171.12:14000堆椎信息   在 System.Net.Sockets.Socket.DoConnect(EndPoint endPointSnapshot, SocketAddress socketAddress)
   在 System.Net.Sockets.Socket.Connect(EndPoint remoteEP)
   在 System.Net.Sockets.TcpClient.Connect(IPEndPoint remoteEP)
   在 System.Net.Sockets.TcpClient.Connect(IPAddress address, Int32 port)
   在 NetComm.PureTcp.PureClientConnector.kDYdPt6Sikufh1AsaFP(Object , Object , Int32 )
   在 NetComm.PureTcp.PureClientConnector.kNyHwh1Mf(Boolean , Boolean )
2019/6/12 19:52:20：error-连接发生异常错误消息由于连接方在一段时间后没有正确答复或连接的主机没有反应，连接尝试失败。 67.21.80.212:14000堆椎信息   在 System.Net.Sockets.Socket.DoConnect(EndPoint endPointSnapshot, SocketAddress socketAddress)
   在 System.Net.Sockets.Socket.Connect(EndPoint remoteEP)
   在 System.Net.Sockets.TcpClient.Connect(IPEndPoint remoteEP)
   在 System.Net.Sockets.TcpClient.Connect(IPAddress address, Int32 port)
   在 NetComm.PureTcp.PureClientConnector.kDYdPt6Sikufh1AsaFP(Object , Object , Int32 )
   在 NetComm.PureTcp.PureClientConnector.kNyHwh1Mf(Boolean , Boolean )

***队列日志2***
2019/6/12 19:52:41：error-连接发生异常错误消息由于连接方在一段时间后没有正确答复或连接的主机没有反应，连接尝试失败。 192.210.171.12:80堆椎信息   在 System.Net.Sockets.Socket.DoConnect(EndPoint endPointSnapshot, SocketAddress socketAddress)
   在 System.Net.Sockets.Socket.Connect(EndPoint remoteEP)
   在 System.Net.Sockets.TcpClient.Connect(IPEndPoint remoteEP)
   在 System.Net.Sockets.TcpClient.Connect(IPAddress address, Int32 port)
   在 NetComm.PureTcp.PureClientConnector.kDYdPt6Sikufh1AsaFP(Object , Object , Int32 )
   在 NetComm.PureTcp.PureClientConnector.kNyHwh1Mf(Boolean , Boolean )
2019/6/12 19:52:41：error-连接发生异常错误消息由于连接方在一段时间后没有正确答复或连接的主机没有反应，连接尝试失败。 67.21.80.212:80堆椎信息   在 System.Net.Sockets.Socket.DoConnect(EndPoint endPointSnapshot, SocketAddress socketAddress)
   在 System.Net.Sockets.Socket.Connect(EndPoint remoteEP)
   在 System.Net.Sockets.TcpClient.Connect(IPEndPoint remoteEP)
   在 System.Net.Sockets.TcpClient.Connect(IPAddress address, Int32 port)
   在 NetComm.PureTcp.PureClientConnector.kDYdPt6Sikufh1AsaFP(Object , Object , Int32 )
   在 NetComm.PureTcp.PureClientConnector.kNyHwh1Mf(Boolean , Boolean )

***队列日志2***
2019/6/12 19:53:02：error-连接发生异常错误消息由于连接方在一段时间后没有正确答复或连接的主机没有反应，连接尝试失败。 67.21.80.212:80堆椎信息   在 System.Net.Sockets.Socket.DoConnect(EndPoint endPointSnapshot, SocketAddress socketAddress)
   在 System.Net.Sockets.Socket.Connect(EndPoint remoteEP)
   在 System.Net.Sockets.TcpClient.Connect(IPEndPoint remoteEP)
   在 System.Net.Sockets.TcpClient.Connect(IPAddress address, Int32 port)
   在 NetComm.PureTcp.PureClientConnector.kDYdPt6Sikufh1AsaFP(Object , Object , Int32 )
   在 NetComm.PureTcp.PureClientConnector.kNyHwh1Mf(Boolean , Boolean )
2019/6/12 19:53:02：error-连接发生异常错误消息由于连接方在一段时间后没有正确答复或连接的主机没有反应，连接尝试失败。 192.210.171.12:80堆椎信息   在 System.Net.Sockets.Socket.DoConnect(EndPoint endPointSnapshot, SocketAddress socketAddress)
   在 System.Net.Sockets.Socket.Connect(EndPoint remoteEP)
   在 System.Net.Sockets.TcpClient.Connect(IPEndPoint remoteEP)
   在 System.Net.Sockets.TcpClient.Connect(IPAddress address, Int32 port)
   在 NetComm.PureTcp.PureClientConnector.kDYdPt6Sikufh1AsaFP(Object , Object , Int32 )
   在 NetComm.PureTcp.PureClientConnector.kNyHwh1Mf(Boolean , Boolean )

***队列日志2***
2019/6/12 19:53:31：error-连接发生异常错误消息由于连接方在一段时间后没有正确答复或连接的主机没有反应，连接尝试失败。 67.21.80.212:14000堆椎信息   在 System.Net.Sockets.Socket.DoConnect(EndPoint endPointSnapshot, SocketAddress socketAddress)
   在 System.Net.Sockets.Socket.Connect(EndPoint remoteEP)
   在 System.Net.Sockets.TcpClient.Connect(IPEndPoint remoteEP)
   在 System.Net.Sockets.TcpClient.Connect(IPAddress address, Int32 port)
   在 NetComm.PureTcp.PureClientConnector.kDYdPt6Sikufh1AsaFP(Object , Object , Int32 )
   在 NetComm.PureTcp.PureClientConnector.kNyHwh1Mf(Boolean , Boolean )
2019/6/12 19:53:31：error-连接发生异常错误消息由于连接方在一段时间后没有正确答复或连接的主机没有反应，连接尝试失败。 192.210.171.12:14000堆椎信息   在 System.Net.Sockets.Socket.DoConnect(EndPoint endPointSnapshot, SocketAddress socketAddress)
   在 System.Net.Sockets.Socket.Connect(EndPoint remoteEP)
   在 System.Net.Sockets.TcpClient.Connect(IPEndPoint remoteEP)
   在 System.Net.Sockets.TcpClient.Connect(IPAddress address, Int32 port)
   在 NetComm.PureTcp.PureClientConnector.kDYdPt6Sikufh1AsaFP(Object , Object , Int32 )
   在 NetComm.PureTcp.PureClientConnector.kNyHwh1Mf(Boolean , Boolean )

***队列日志2***
2019/6/12 19:53:52：error-连接发生异常错误消息由于连接方在一段时间后没有正确答复或连接的主机没有反应，连接尝试失败。 67.21.80.212:80堆椎信息   在 System.Net.Sockets.Socket.DoConnect(EndPoint endPointSnapshot, SocketAddress socketAddress)
   在 System.Net.Sockets.Socket.Connect(EndPoint remoteEP)
   在 System.Net.Sockets.TcpClient.Connect(IPEndPoint remoteEP)
   在 System.Net.Sockets.TcpClient.Connect(IPAddress address, Int32 port)
   在 NetComm.PureTcp.PureClientConnector.kDYdPt6Sikufh1AsaFP(Object , Object , Int32 )
   在 NetComm.PureTcp.PureClientConnector.kNyHwh1Mf(Boolean , Boolean )
2019/6/12 19:53:52：error-连接发生异常错误消息由于连接方在一段时间后没有正确答复或连接的主机没有反应，连接尝试失败。 192.210.171.12:80堆椎信息   在 System.Net.Sockets.Socket.DoConnect(EndPoint endPointSnapshot, SocketAddress socketAddress)
   在 System.Net.Sockets.Socket.Connect(EndPoint remoteEP)
   在 System.Net.Sockets.TcpClient.Connect(IPEndPoint remoteEP)
   在 System.Net.Sockets.TcpClient.Connect(IPAddress address, Int32 port)
   在 NetComm.PureTcp.PureClientConnector.kDYdPt6Sikufh1AsaFP(Object , Object , Int32 )
   在 NetComm.PureTcp.PureClientConnector.kNyHwh1Mf(Boolean , Boolean )

***队列日志2***
2019/6/12 19:54:13：error-连接发生异常错误消息由于连接方在一段时间后没有正确答复或连接的主机没有反应，连接尝试失败。 67.21.80.212:80堆椎信息   在 System.Net.Sockets.Socket.DoConnect(EndPoint endPointSnapshot, SocketAddress socketAddress)
   在 System.Net.Sockets.Socket.Connect(EndPoint remoteEP)
   在 System.Net.Sockets.TcpClient.Connect(IPEndPoint remoteEP)
   在 System.Net.Sockets.TcpClient.Connect(IPAddress address, Int32 port)
   在 NetComm.PureTcp.PureClientConnector.kDYdPt6Sikufh1AsaFP(Object , Object , Int32 )
   在 NetComm.PureTcp.PureClientConnector.kNyHwh1Mf(Boolean , Boolean )
2019/6/12 19:54:13：error-连接发生异常错误消息由于连接方在一段时间后没有正确答复或连接的主机没有反应，连接尝试失败。 192.210.171.12:80堆椎信息   在 System.Net.Sockets.Socket.DoConnect(EndPoint endPointSnapshot, SocketAddress socketAddress)
   在 System.Net.Sockets.Socket.Connect(EndPoint remoteEP)
   在 System.Net.Sockets.TcpClient.Connect(IPEndPoint remoteEP)
   在 System.Net.Sockets.TcpClient.Connect(IPAddress address, Int32 port)
   在 NetComm.PureTcp.PureClientConnector.kDYdPt6Sikufh1AsaFP(Object , Object , Int32 )
   在 NetComm.PureTcp.PureClientConnector.kNyHwh1Mf(Boolean , Boolean )

***队列日志2***
2019/6/12 19:55:12：error-连接发生异常错误消息由于连接方在一段时间后没有正确答复或连接的主机没有反应，连接尝试失败。 192.210.171.12:14000堆椎信息   在 System.Net.Sockets.Socket.DoConnect(EndPoint endPointSnapshot, SocketAddress socketAddress)
   在 System.Net.Sockets.Socket.Connect(EndPoint remoteEP)
   在 System.Net.Sockets.TcpClient.Connect(IPEndPoint remoteEP)
   在 System.Net.Sockets.TcpClient.Connect(IPAddress address, Int32 port)
   在 NetComm.PureTcp.PureClientConnector.kDYdPt6Sikufh1AsaFP(Object , Object , Int32 )
   在 NetComm.PureTcp.PureClientConnector.kNyHwh1Mf(Boolean , Boolean )
2019/6/12 19:55:12：error-连接发生异常错误消息由于连接方在一段时间后没有正确答复或连接的主机没有反应，连接尝试失败。 67.21.80.212:14000堆椎信息   在 System.Net.Sockets.Socket.DoConnect(EndPoint endPointSnapshot, SocketAddress socketAddress)
   在 System.Net.Sockets.Socket.Connect(EndPoint remoteEP)
   在 System.Net.Sockets.TcpClient.Connect(IPEndPoint remoteEP)
   在 System.Net.Sockets.TcpClient.Connect(IPAddress address, Int32 port)
   在 NetComm.PureTcp.PureClientConnector.kDYdPt6Sikufh1AsaFP(Object , Object , Int32 )
   在 NetComm.PureTcp.PureClientConnector.kNyHwh1Mf(Boolean , Boolean )

***队列日志2***
2019/6/12 19:55:33：error-连接发生异常错误消息由于连接方在一段时间后没有正确答复或连接的主机没有反应，连接尝试失败。 192.210.171.12:80堆椎信息   在 System.Net.Sockets.Socket.DoConnect(EndPoint endPointSnapshot, SocketAddress socketAddress)
   在 System.Net.Sockets.Socket.Connect(EndPoint remoteEP)
   在 System.Net.Sockets.TcpClient.Connect(IPEndPoint remoteEP)
   在 System.Net.Sockets.TcpClient.Connect(IPAddress address, Int32 port)
   在 NetComm.PureTcp.PureClientConnector.kDYdPt6Sikufh1AsaFP(Object , Object , Int32 )
   在 NetComm.PureTcp.PureClientConnector.kNyHwh1Mf(Boolean , Boolean )
2019/6/12 19:55:33：error-连接发生异常错误消息由于连接方在一段时间后没有正确答复或连接的主机没有反应，连接尝试失败。 67.21.80.212:80堆椎信息   在 System.Net.Sockets.Socket.DoConnect(EndPoint endPointSnapshot, SocketAddress socketAddress)
   在 System.Net.Sockets.Socket.Connect(EndPoint remoteEP)
   在 System.Net.Sockets.TcpClient.Connect(IPEndPoint remoteEP)
   在 System.Net.Sockets.TcpClient.Connect(IPAddress address, Int32 port)
   在 NetComm.PureTcp.PureClientConnector.kDYdPt6Sikufh1AsaFP(Object , Object , Int32 )
   在 NetComm.PureTcp.PureClientConnector.kNyHwh1Mf(Boolean , Boolean )

***队列日志2***
2019/6/12 19:55:54：error-连接发生异常错误消息由于连接方在一段时间后没有正确答复或连接的主机没有反应，连接尝试失败。 192.210.171.12:80堆椎信息   在 System.Net.Sockets.Socket.DoConnect(EndPoint endPointSnapshot, SocketAddress socketAddress)
   在 System.Net.Sockets.Socket.Connect(EndPoint remoteEP)
   在 System.Net.Sockets.TcpClient.Connect(IPEndPoint remoteEP)
   在 System.Net.Sockets.TcpClient.Connect(IPAddress address, Int32 port)
   在 NetComm.PureTcp.PureClientConnector.kDYdPt6Sikufh1AsaFP(Object , Object , Int32 )
   在 NetComm.PureTcp.PureClientConnector.kNyHwh1Mf(Boolean , Boolean )
2019/6/12 19:55:54：error-连接发生异常错误消息由于连接方在一段时间后没有正确答复或连接的主机没有反应，连接尝试失败。 67.21.80.212:80堆椎信息   在 System.Net.Sockets.Socket.DoConnect(EndPoint endPointSnapshot, SocketAddress socketAddress)
   在 System.Net.Sockets.Socket.Connect(EndPoint remoteEP)
   在 System.Net.Sockets.TcpClient.Connect(IPEndPoint remoteEP)
   在 System.Net.Sockets.TcpClient.Connect(IPAddress address, Int32 port)
   在 NetComm.PureTcp.PureClientConnector.kDYdPt6Sikufh1AsaFP(Object , Object , Int32 )
   在 NetComm.PureTcp.PureClientConnector.kNyHwh1Mf(Boolean , Boolean )

***队列日志2***
2019/6/12 19:56:39：error-连接发生异常错误消息由于连接方在一段时间后没有正确答复或连接的主机没有反应，连接尝试失败。 67.21.80.212:14000堆椎信息   在 System.Net.Sockets.Socket.DoConnect(EndPoint endPointSnapshot, SocketAddress socketAddress)
   在 System.Net.Sockets.Socket.Connect(EndPoint remoteEP)
   在 System.Net.Sockets.TcpClient.Connect(IPEndPoint remoteEP)
   在 System.Net.Sockets.TcpClient.Connect(IPAddress address, Int32 port)
   在 NetComm.PureTcp.PureClientConnector.kDYdPt6Sikufh1AsaFP(Object , Object , Int32 )
   在 NetComm.PureTcp.PureClientConnector.kNyHwh1Mf(Boolean , Boolean )
2019/6/12 19:56:39：error-连接发生异常错误消息由于连接方在一段时间后没有正确答复或连接的主机没有反应，连接尝试失败。 192.210.171.12:14000堆椎信息   在 System.Net.Sockets.Socket.DoConnect(EndPoint endPointSnapshot, SocketAddress socketAddress)
   在 System.Net.Sockets.Socket.Connect(EndPoint remoteEP)
   在 System.Net.Sockets.TcpClient.Connect(IPEndPoint remoteEP)
   在 System.Net.Sockets.TcpClient.Connect(IPAddress address, Int32 port)
   在 NetComm.PureTcp.PureClientConnector.kDYdPt6Sikufh1AsaFP(Object , Object , Int32 )
   在 NetComm.PureTcp.PureClientConnector.kNyHwh1Mf(Boolean , Boolean )

***队列日志2***
2019/6/12 19:57:00：error-连接发生异常错误消息由于连接方在一段时间后没有正确答复或连接的主机没有反应，连接尝试失败。 67.21.80.212:80堆椎信息   在 System.Net.Sockets.Socket.DoConnect(EndPoint endPointSnapshot, SocketAddress socketAddress)
   在 System.Net.Sockets.Socket.Connect(EndPoint remoteEP)
   在 System.Net.Sockets.TcpClient.Connect(IPEndPoint remoteEP)
   在 System.Net.Sockets.TcpClient.Connect(IPAddress address, Int32 port)
   在 NetComm.PureTcp.PureClientConnector.kDYdPt6Sikufh1AsaFP(Object , Object , Int32 )
   在 NetComm.PureTcp.PureClientConnector.kNyHwh1Mf(Boolean , Boolean )
2019/6/12 19:57:00：error-连接发生异常错误消息由于连接方在一段时间后没有正确答复或连接的主机没有反应，连接尝试失败。 192.210.171.12:80堆椎信息   在 System.Net.Sockets.Socket.DoConnect(EndPoint endPointSnapshot, SocketAddress socketAddress)
   在 System.Net.Sockets.Socket.Connect(EndPoint remoteEP)
   在 System.Net.Sockets.TcpClient.Connect(IPEndPoint remoteEP)
   在 System.Net.Sockets.TcpClient.Connect(IPAddress address, Int32 port)
   在 NetComm.PureTcp.PureClientConnector.kDYdPt6Sikufh1AsaFP(Object , Object , Int32 )
   在 NetComm.PureTcp.PureClientConnector.kNyHwh1Mf(Boolean , Boolean )

***队列日志2***
2019/6/12 19:57:21：error-连接发生异常错误消息由于连接方在一段时间后没有正确答复或连接的主机没有反应，连接尝试失败。 67.21.80.212:80堆椎信息   在 System.Net.Sockets.Socket.DoConnect(EndPoint endPointSnapshot, SocketAddress socketAddress)
   在 System.Net.Sockets.Socket.Connect(EndPoint remoteEP)
   在 System.Net.Sockets.TcpClient.Connect(IPEndPoint remoteEP)
   在 System.Net.Sockets.TcpClient.Connect(IPAddress address, Int32 port)
   在 NetComm.PureTcp.PureClientConnector.kDYdPt6Sikufh1AsaFP(Object , Object , Int32 )
   在 NetComm.PureTcp.PureClientConnector.kNyHwh1Mf(Boolean , Boolean )
2019/6/12 19:57:21：error-连接发生异常错误消息由于连接方在一段时间后没有正确答复或连接的主机没有反应，连接尝试失败。 192.210.171.12:80堆椎信息   在 System.Net.Sockets.Socket.DoConnect(EndPoint endPointSnapshot, SocketAddress socketAddress)
   在 System.Net.Sockets.Socket.Connect(EndPoint remoteEP)
   在 System.Net.Sockets.TcpClient.Connect(IPEndPoint remoteEP)
   在 System.Net.Sockets.TcpClient.Connect(IPAddress address, Int32 port)
   在 NetComm.PureTcp.PureClientConnector.kDYdPt6Sikufh1AsaFP(Object , Object , Int32 )
   在 NetComm.PureTcp.PureClientConnector.kNyHwh1Mf(Boolean , Boolean )

***队列日志2***
2019/6/12 19:57:51：error-连接发生异常错误消息由于连接方在一段时间后没有正确答复或连接的主机没有反应，连接尝试失败。 192.210.171.12:14000堆椎信息   在 System.Net.Sockets.Socket.DoConnect(EndPoint endPointSnapshot, SocketAddress socketAddress)
   在 System.Net.Sockets.Socket.Connect(EndPoint remoteEP)
   在 System.Net.Sockets.TcpClient.Connect(IPEndPoint remoteEP)
   在 System.Net.Sockets.TcpClient.Connect(IPAddress address, Int32 port)
   在 NetComm.PureTcp.PureClientConnector.kDYdPt6Sikufh1AsaFP(Object , Object , Int32 )
   在 NetComm.PureTcp.PureClientConnector.kNyHwh1Mf(Boolean , Boolean )
2019/6/12 19:57:51：error-连接发生异常错误消息由于连接方在一段时间后没有正确答复或连接的主机没有反应，连接尝试失败。 67.21.80.212:14000堆椎信息   在 System.Net.Sockets.Socket.DoConnect(EndPoint endPointSnapshot, SocketAddress socketAddress)
   在 System.Net.Sockets.Socket.Connect(EndPoint remoteEP)
   在 System.Net.Sockets.TcpClient.Connect(IPEndPoint remoteEP)
   在 System.Net.Sockets.TcpClient.Connect(IPAddress address, Int32 port)
   在 NetComm.PureTcp.PureClientConnector.kDYdPt6Sikufh1AsaFP(Object , Object , Int32 )
   在 NetComm.PureTcp.PureClientConnector.kNyHwh1Mf(Boolean , Boolean )

***队列日志2***
2019/6/12 19:58:12：error-连接发生异常错误消息由于连接方在一段时间后没有正确答复或连接的主机没有反应，连接尝试失败。 192.210.171.12:80堆椎信息   在 System.Net.Sockets.Socket.DoConnect(EndPoint endPointSnapshot, SocketAddress socketAddress)
   在 System.Net.Sockets.Socket.Connect(EndPoint remoteEP)
   在 System.Net.Sockets.TcpClient.Connect(IPEndPoint remoteEP)
   在 System.Net.Sockets.TcpClient.Connect(IPAddress address, Int32 port)
   在 NetComm.PureTcp.PureClientConnector.kDYdPt6Sikufh1AsaFP(Object , Object , Int32 )
   在 NetComm.PureTcp.PureClientConnector.kNyHwh1Mf(Boolean , Boolean )
2019/6/12 19:58:12：error-连接发生异常错误消息由于连接方在一段时间后没有正确答复或连接的主机没有反应，连接尝试失败。 67.21.80.212:80堆椎信息   在 System.Net.Sockets.Socket.DoConnect(EndPoint endPointSnapshot, SocketAddress socketAddress)
   在 System.Net.Sockets.Socket.Connect(EndPoint remoteEP)
   在 System.Net.Sockets.TcpClient.Connect(IPEndPoint remoteEP)
   在 System.Net.Sockets.TcpClient.Connect(IPAddress address, Int32 port)
   在 NetComm.PureTcp.PureClientConnector.kDYdPt6Sikufh1AsaFP(Object , Object , Int32 )
   在 NetComm.PureTcp.PureClientConnector.kNyHwh1Mf(Boolean , Boolean )

***队列日志2***
2019/6/12 19:58:33：error-连接发生异常错误消息由于连接方在一段时间后没有正确答复或连接的主机没有反应，连接尝试失败。 192.210.171.12:80堆椎信息   在 System.Net.Sockets.Socket.DoConnect(EndPoint endPointSnapshot, SocketAddress socketAddress)
   在 System.Net.Sockets.Socket.Connect(EndPoint remoteEP)
   在 System.Net.Sockets.TcpClient.Connect(IPEndPoint remoteEP)
   在 System.Net.Sockets.TcpClient.Connect(IPAddress address, Int32 port)
   在 NetComm.PureTcp.PureClientConnector.kDYdPt6Sikufh1AsaFP(Object , Object , Int32 )
   在 NetComm.PureTcp.PureClientConnector.kNyHwh1Mf(Boolean , Boolean )
2019/6/12 19:58:33：error-连接发生异常错误消息由于连接方在一段时间后没有正确答复或连接的主机没有反应，连接尝试失败。 67.21.80.212:80堆椎信息   在 System.Net.Sockets.Socket.DoConnect(EndPoint endPointSnapshot, SocketAddress socketAddress)
   在 System.Net.Sockets.Socket.Connect(EndPoint remoteEP)
   在 System.Net.Sockets.TcpClient.Connect(IPEndPoint remoteEP)
   在 System.Net.Sockets.TcpClient.Connect(IPAddress address, Int32 port)
   在 NetComm.PureTcp.PureClientConnector.kDYdPt6Sikufh1AsaFP(Object , Object , Int32 )
   在 NetComm.PureTcp.PureClientConnector.kNyHwh1Mf(Boolean , Boolean )

***队列日志2***
2019/6/12 19:59:20：error-连接发生异常错误消息由于连接方在一段时间后没有正确答复或连接的主机没有反应，连接尝试失败。 192.210.171.12:14000堆椎信息   在 System.Net.Sockets.Socket.DoConnect(EndPoint endPointSnapshot, SocketAddress socketAddress)
   在 System.Net.Sockets.Socket.Connect(EndPoint remoteEP)
   在 System.Net.Sockets.TcpClient.Connect(IPEndPoint remoteEP)
   在 System.Net.Sockets.TcpClient.Connect(IPAddress address, Int32 port)
   在 NetComm.PureTcp.PureClientConnector.kDYdPt6Sikufh1AsaFP(Object , Object , Int32 )
   在 NetComm.PureTcp.PureClientConnector.kNyHwh1Mf(Boolean , Boolean )
2019/6/12 19:59:21：error-连接发生异常错误消息由于连接方在一段时间后没有正确答复或连接的主机没有反应，连接尝试失败。 67.21.80.212:14000堆椎信息   在 System.Net.Sockets.Socket.DoConnect(EndPoint endPointSnapshot, SocketAddress socketAddress)
   在 System.Net.Sockets.Socket.Connect(EndPoint remoteEP)
   在 System.Net.Sockets.TcpClient.Connect(IPEndPoint remoteEP)
   在 System.Net.Sockets.TcpClient.Connect(IPAddress address, Int32 port)
   在 NetComm.PureTcp.PureClientConnector.kDYdPt6Sikufh1AsaFP(Object , Object , Int32 )
   在 NetComm.PureTcp.PureClientConnector.kNyHwh1Mf(Boolean , Boolean )

***队列日志2***
2019/6/12 19:59:42：error-连接发生异常错误消息由于连接方在一段时间后没有正确答复或连接的主机没有反应，连接尝试失败。 192.210.171.12:80堆椎信息   在 System.Net.Sockets.Socket.DoConnect(EndPoint endPointSnapshot, SocketAddress socketAddress)
   在 System.Net.Sockets.Socket.Connect(EndPoint remoteEP)
   在 System.Net.Sockets.TcpClient.Connect(IPEndPoint remoteEP)
   在 System.Net.Sockets.TcpClient.Connect(IPAddress address, Int32 port)
   在 NetComm.PureTcp.PureClientConnector.kDYdPt6Sikufh1AsaFP(Object , Object , Int32 )
   在 NetComm.PureTcp.PureClientConnector.kNyHwh1Mf(Boolean , Boolean )
2019/6/12 19:59:42：error-连接发生异常错误消息由于连接方在一段时间后没有正确答复或连接的主机没有反应，连接尝试失败。 67.21.80.212:80堆椎信息   在 System.Net.Sockets.Socket.DoConnect(EndPoint endPointSnapshot, SocketAddress socketAddress)
   在 System.Net.Sockets.Socket.Connect(EndPoint remoteEP)
   在 System.Net.Sockets.TcpClient.Connect(IPEndPoint remoteEP)
   在 System.Net.Sockets.TcpClient.Connect(IPAddress address, Int32 port)
   在 NetComm.PureTcp.PureClientConnector.kDYdPt6Sikufh1AsaFP(Object , Object , Int32 )
   在 NetComm.PureTcp.PureClientConnector.kNyHwh1Mf(Boolean , Boolean )

***队列日志2***
2019/6/12 20:00:03：error-连接发生异常错误消息由于连接方在一段时间后没有正确答复或连接的主机没有反应，连接尝试失败。 192.210.171.12:80堆椎信息   在 System.Net.Sockets.Socket.DoConnect(EndPoint endPointSnapshot, SocketAddress socketAddress)
   在 System.Net.Sockets.Socket.Connect(EndPoint remoteEP)
   在 System.Net.Sockets.TcpClient.Connect(IPEndPoint remoteEP)
   在 System.Net.Sockets.TcpClient.Connect(IPAddress address, Int32 port)
   在 NetComm.PureTcp.PureClientConnector.kDYdPt6Sikufh1AsaFP(Object , Object , Int32 )
   在 NetComm.PureTcp.PureClientConnector.kNyHwh1Mf(Boolean , Boolean )
2019/6/12 20:00:03：error-连接发生异常错误消息由于连接方在一段时间后没有正确答复或连接的主机没有反应，连接尝试失败。 67.21.80.212:80堆椎信息   在 System.Net.Sockets.Socket.DoConnect(EndPoint endPointSnapshot, SocketAddress socketAddress)
   在 System.Net.Sockets.Socket.Connect(EndPoint remoteEP)
   在 System.Net.Sockets.TcpClient.Connect(IPEndPoint remoteEP)
   在 System.Net.Sockets.TcpClient.Connect(IPAddress address, Int32 port)
   在 NetComm.PureTcp.PureClientConnector.kDYdPt6Sikufh1AsaFP(Object , Object , Int32 )
   在 NetComm.PureTcp.PureClientConnector.kNyHwh1Mf(Boolean , Boolean )

***队列日志2***
2019/6/12 20:00:55：error-连接发生异常错误消息由于连接方在一段时间后没有正确答复或连接的主机没有反应，连接尝试失败。 192.210.171.12:14000堆椎信息   在 System.Net.Sockets.Socket.DoConnect(EndPoint endPointSnapshot, SocketAddress socketAddress)
   在 System.Net.Sockets.Socket.Connect(EndPoint remoteEP)
   在 System.Net.Sockets.TcpClient.Connect(IPEndPoint remoteEP)
   在 System.Net.Sockets.TcpClient.Connect(IPAddress address, Int32 port)
   在 NetComm.PureTcp.PureClientConnector.kDYdPt6Sikufh1AsaFP(Object , Object , Int32 )
   在 NetComm.PureTcp.PureClientConnector.kNyHwh1Mf(Boolean , Boolean )
2019/6/12 20:00:55：error-连接发生异常错误消息由于连接方在一段时间后没有正确答复或连接的主机没有反应，连接尝试失败。 67.21.80.212:14000堆椎信息   在 System.Net.Sockets.Socket.DoConnect(EndPoint endPointSnapshot, SocketAddress socketAddress)
   在 System.Net.Sockets.Socket.Connect(EndPoint remoteEP)
   在 System.Net.Sockets.TcpClient.Connect(IPEndPoint remoteEP)
   在 System.Net.Sockets.TcpClient.Connect(IPAddress address, Int32 port)
   在 NetComm.PureTcp.PureClientConnector.kDYdPt6Sikufh1AsaFP(Object , Object , Int32 )
   在 NetComm.PureTcp.PureClientConnector.kNyHwh1Mf(Boolean , Boolean )

***队列日志2***
2019/6/12 20:01:16：error-连接发生异常错误消息由于连接方在一段时间后没有正确答复或连接的主机没有反应，连接尝试失败。 192.210.171.12:80堆椎信息   在 System.Net.Sockets.Socket.DoConnect(EndPoint endPointSnapshot, SocketAddress socketAddress)
   在 System.Net.Sockets.Socket.Connect(EndPoint remoteEP)
   在 System.Net.Sockets.TcpClient.Connect(IPEndPoint remoteEP)
   在 System.Net.Sockets.TcpClient.Connect(IPAddress address, Int32 port)
   在 NetComm.PureTcp.PureClientConnector.kDYdPt6Sikufh1AsaFP(Object , Object , Int32 )
   在 NetComm.PureTcp.PureClientConnector.kNyHwh1Mf(Boolean , Boolean )
2019/6/12 20:01:16：error-连接发生异常错误消息由于连接方在一段时间后没有正确答复或连接的主机没有反应，连接尝试失败。 67.21.80.212:80堆椎信息   在 System.Net.Sockets.Socket.DoConnect(EndPoint endPointSnapshot, SocketAddress socketAddress)
   在 System.Net.Sockets.Socket.Connect(EndPoint remoteEP)
   在 System.Net.Sockets.TcpClient.Connect(IPEndPoint remoteEP)
   在 System.Net.Sockets.TcpClient.Connect(IPAddress address, Int32 port)
   在 NetComm.PureTcp.PureClientConnector.kDYdPt6Sikufh1AsaFP(Object , Object , Int32 )
   在 NetComm.PureTcp.PureClientConnector.kNyHwh1Mf(Boolean , Boolean )

***队列日志2***
2019/6/12 20:01:37：error-连接发生异常错误消息由于连接方在一段时间后没有正确答复或连接的主机没有反应，连接尝试失败。 67.21.80.212:80堆椎信息   在 System.Net.Sockets.Socket.DoConnect(EndPoint endPointSnapshot, SocketAddress socketAddress)
   在 System.Net.Sockets.Socket.Connect(EndPoint remoteEP)
   在 System.Net.Sockets.TcpClient.Connect(IPEndPoint remoteEP)
   在 System.Net.Sockets.TcpClient.Connect(IPAddress address, Int32 port)
   在 NetComm.PureTcp.PureClientConnector.kDYdPt6Sikufh1AsaFP(Object , Object , Int32 )
   在 NetComm.PureTcp.PureClientConnector.kNyHwh1Mf(Boolean , Boolean )
2019/6/12 20:01:37：error-连接发生异常错误消息由于连接方在一段时间后没有正确答复或连接的主机没有反应，连接尝试失败。 192.210.171.12:80堆椎信息   在 System.Net.Sockets.Socket.DoConnect(EndPoint endPointSnapshot, SocketAddress socketAddress)
   在 System.Net.Sockets.Socket.Connect(EndPoint remoteEP)
   在 System.Net.Sockets.TcpClient.Connect(IPEndPoint remoteEP)
   在 System.Net.Sockets.TcpClient.Connect(IPAddress address, Int32 port)
   在 NetComm.PureTcp.PureClientConnector.kDYdPt6Sikufh1AsaFP(Object , Object , Int32 )
   在 NetComm.PureTcp.PureClientConnector.kNyHwh1Mf(Boolean , Boolean )

***队列日志2***
2019/6/12 20:02:35：error-连接发生异常错误消息由于连接方在一段时间后没有正确答复或连接的主机没有反应，连接尝试失败。 67.21.80.212:14000堆椎信息   在 System.Net.Sockets.Socket.DoConnect(EndPoint endPointSnapshot, SocketAddress socketAddress)
   在 System.Net.Sockets.Socket.Connect(EndPoint remoteEP)
   在 System.Net.Sockets.TcpClient.Connect(IPEndPoint remoteEP)
   在 System.Net.Sockets.TcpClient.Connect(IPAddress address, Int32 port)
   在 NetComm.PureTcp.PureClientConnector.kDYdPt6Sikufh1AsaFP(Object , Object , Int32 )
   在 NetComm.PureTcp.PureClientConnector.kNyHwh1Mf(Boolean , Boolean )
2019/6/12 20:02:35：error-连接发生异常错误消息由于连接方在一段时间后没有正确答复或连接的主机没有反应，连接尝试失败。 192.210.171.12:14000堆椎信息   在 System.Net.Sockets.Socket.DoConnect(EndPoint endPointSnapshot, SocketAddress socketAddress)
   在 System.Net.Sockets.Socket.Connect(EndPoint remoteEP)
   在 System.Net.Sockets.TcpClient.Connect(IPEndPoint remoteEP)
   在 System.Net.Sockets.TcpClient.Connect(IPAddress address, Int32 port)
   在 NetComm.PureTcp.PureClientConnector.kDYdPt6Sikufh1AsaFP(Object , Object , Int32 )
   在 NetComm.PureTcp.PureClientConnector.kNyHwh1Mf(Boolean , Boolean )

***队列日志2***
2019/6/12 20:02:56：error-连接发生异常错误消息由于连接方在一段时间后没有正确答复或连接的主机没有反应，连接尝试失败。 67.21.80.212:80堆椎信息   在 System.Net.Sockets.Socket.DoConnect(EndPoint endPointSnapshot, SocketAddress socketAddress)
   在 System.Net.Sockets.Socket.Connect(EndPoint remoteEP)
   在 System.Net.Sockets.TcpClient.Connect(IPEndPoint remoteEP)
   在 System.Net.Sockets.TcpClient.Connect(IPAddress address, Int32 port)
   在 NetComm.PureTcp.PureClientConnector.kDYdPt6Sikufh1AsaFP(Object , Object , Int32 )
   在 NetComm.PureTcp.PureClientConnector.kNyHwh1Mf(Boolean , Boolean )
2019/6/12 20:02:56：error-连接发生异常错误消息由于连接方在一段时间后没有正确答复或连接的主机没有反应，连接尝试失败。 192.210.171.12:80堆椎信息   在 System.Net.Sockets.Socket.DoConnect(EndPoint endPointSnapshot, SocketAddress socketAddress)
   在 System.Net.Sockets.Socket.Connect(EndPoint remoteEP)
   在 System.Net.Sockets.TcpClient.Connect(IPEndPoint remoteEP)
   在 System.Net.Sockets.TcpClient.Connect(IPAddress address, Int32 port)
   在 NetComm.PureTcp.PureClientConnector.kDYdPt6Sikufh1AsaFP(Object , Object , Int32 )
   在 NetComm.PureTcp.PureClientConnector.kNyHwh1Mf(Boolean , Boolean )

***队列日志2***
2019/6/12 20:03:17：error-连接发生异常错误消息由于连接方在一段时间后没有正确答复或连接的主机没有反应，连接尝试失败。 67.21.80.212:80堆椎信息   在 System.Net.Sockets.Socket.DoConnect(EndPoint endPointSnapshot, SocketAddress socketAddress)
   在 System.Net.Sockets.Socket.Connect(EndPoint remoteEP)
   在 System.Net.Sockets.TcpClient.Connect(IPEndPoint remoteEP)
   在 System.Net.Sockets.TcpClient.Connect(IPAddress address, Int32 port)
   在 NetComm.PureTcp.PureClientConnector.kDYdPt6Sikufh1AsaFP(Object , Object , Int32 )
   在 NetComm.PureTcp.PureClientConnector.kNyHwh1Mf(Boolean , Boolean )
2019/6/12 20:03:17：error-连接发生异常错误消息由于连接方在一段时间后没有正确答复或连接的主机没有反应，连接尝试失败。 192.210.171.12:80堆椎信息   在 System.Net.Sockets.Socket.DoConnect(EndPoint endPointSnapshot, SocketAddress socketAddress)
   在 System.Net.Sockets.Socket.Connect(EndPoint remoteEP)
   在 System.Net.Sockets.TcpClient.Connect(IPEndPoint remoteEP)
   在 System.Net.Sockets.TcpClient.Connect(IPAddress address, Int32 port)
   在 NetComm.PureTcp.PureClientConnector.kDYdPt6Sikufh1AsaFP(Object , Object , Int32 )
   在 NetComm.PureTcp.PureClientConnector.kNyHwh1Mf(Boolean , Boolean )
