GetFileValueByKeyAndType文件“D:\NAT123\ConfigFileValue\isEanble80Nat14000.txt”正由另一进程使用，因此该进程无法访问此文件。   在 System.IO.__Error.WinIOError(Int32 errorCode, String maybeFullPath)
   在 System.IO.FileStream.Init(String path, FileMode mode, FileAccess access, Int32 rights, Boolean useRights, FileShare share, Int32 bufferSize, FileOptions options, SECURITY_ATTRIBUTES secAttrs, String msgPath, Boolean bFromProxy, Boolean useLongPath, Boolean checkHost)
   在 System.IO.FileStream..ctor(String path, FileMode mode, FileAccess access, FileShare share, Int32 bufferSize, FileOptions options, String msgPath, Boolean bFromProxy, Boolean useLongPath, Boolean checkHost)
   在 System.IO.StreamWriter.CreateFile(String path, Boolean append, Boolean checkHost)
   在 System.IO.StreamWriter..ctor(String path, Boolean append, Encoding encoding, Int32 bufferSize, Boolean checkHost)
   在 System.IO.File.InternalWriteAllText(String path, String contents, Encoding encoding, Boolean checkHost)
   在 System.IO.File.WriteAllText(String path, String contents)
   在 UitilityFrameX.Config.KeyValueDal.6UmqBCVmLPj3TwqZp0y(Object , Object )
   在 UitilityFrameX.Config.KeyValueDal.GetFileValueByKeyAndType(String keyName, String keyType)GetFileValueByKeyAndType文件“D:\NAT123\ConfigFileValue\isEanble80Nat14000.txt”正由另一进程使用，因此该进程无法访问此文件。   在 System.IO.__Error.WinIOError(Int32 errorCode, String maybeFullPath)
   在 System.IO.FileStream.Init(String path, FileMode mode, FileAccess access, Int32 rights, Boolean useRights, FileShare share, Int32 bufferSize, FileOptions options, SECURITY_ATTRIBUTES secAttrs, String msgPath, Boolean bFromProxy, Boolean useLongPath, Boolean checkHost)
   在 System.IO.FileStream..ctor(String path, FileMode mode, FileAccess access, FileShare share, Int32 bufferSize, FileOptions options, String msgPath, Boolean bFromProxy, Boolean useLongPath, Boolean checkHost)
   在 System.IO.StreamWriter.CreateFile(String path, Boolean append, Boolean checkHost)
   在 System.IO.StreamWriter..ctor(String path, Boolean append, Encoding encoding, Int32 bufferSize, Boolean checkHost)
   在 System.IO.File.InternalWriteAllText(String path, String contents, Encoding encoding, Boolean checkHost)
   在 System.IO.File.WriteAllText(String path, String contents)
   在 UitilityFrameX.Config.KeyValueDal.6UmqBCVmLPj3TwqZp0y(Object , Object )
   在 UitilityFrameX.Config.KeyValueDal.GetFileValueByKeyAndType(String keyName, String keyType)GetFileValueByKeyAndType文件“D:\NAT123\ConfigFileValue\outInConvertedIsCheckOutOnline.txt”正由另一进程使用，因此该进程无法访问此文件。   在 System.IO.__Error.WinIOError(Int32 errorCode, String maybeFullPath)
   在 System.IO.FileStream.Init(String path, FileMode mode, FileAccess access, Int32 rights, Boolean useRights, FileShare share, Int32 bufferSize, FileOptions options, SECURITY_ATTRIBUTES secAttrs, String msgPath, Boolean bFromProxy, Boolean useLongPath, Boolean checkHost)
   在 System.IO.FileStream..ctor(String path, FileMode mode, FileAccess access, FileShare share, Int32 bufferSize, FileOptions options, String msgPath, Boolean bFromProxy, Boolean useLongPath, Boolean checkHost)
   在 System.IO.StreamWriter.CreateFile(String path, Boolean append, Boolean checkHost)
   在 System.IO.StreamWriter..ctor(String path, Boolean append, Encoding encoding, Int32 bufferSize, Boolean checkHost)
   在 System.IO.File.InternalWriteAllText(String path, String contents, Encoding encoding, Boolean checkHost)
   在 System.IO.File.WriteAllText(String path, String contents)
   在 UitilityFrameX.Config.KeyValueDal.6UmqBCVmLPj3TwqZp0y(Object , Object )
   在 UitilityFrameX.Config.KeyValueDal.GetFileValueByKeyAndType(String keyName, String keyType)GetFileValueByKeyAndType文件“D:\NAT123\ConfigFileValue\clientStopUsedConnectNotCommMinute.txt”正由另一进程使用，因此该进程无法访问此文件。   在 System.IO.__Error.WinIOError(Int32 errorCode, String maybeFullPath)
   在 System.IO.FileStream.Init(String path, FileMode mode, FileAccess access, Int32 rights, Boolean useRights, FileShare share, Int32 bufferSize, FileOptions options, SECURITY_ATTRIBUTES secAttrs, String msgPath, Boolean bFromProxy, Boolean useLongPath, Boolean checkHost)
   在 System.IO.FileStream..ctor(String path, FileMode mode, FileAccess access, FileShare share, Int32 bufferSize, FileOptions options, String msgPath, Boolean bFromProxy, Boolean useLongPath, Boolean checkHost)
   在 System.IO.StreamWriter.CreateFile(String path, Boolean append, Boolean checkHost)
   在 System.IO.StreamWriter..ctor(String path, Boolean append, Encoding encoding, Int32 bufferSize, Boolean checkHost)
   在 System.IO.File.InternalWriteAllText(String path, String contents, Encoding encoding, Boolean checkHost)
   在 System.IO.File.WriteAllText(String path, String contents)
   在 UitilityFrameX.Config.KeyValueDal.6UmqBCVmLPj3TwqZp0y(Object , Object )
   在 UitilityFrameX.Config.KeyValueDal.GetFileValueByKeyAndType(String keyName, String keyType)GetFileValueByKeyAndType文件“D:\NAT123\ConfigFileValue\pureClientKeepFreeConnectCount.txt”正由另一进程使用，因此该进程无法访问此文件。   在 System.IO.__Error.WinIOError(Int32 errorCode, String maybeFullPath)
   在 System.IO.FileStream.Init(String path, FileMode mode, FileAccess access, Int32 rights, Boolean useRights, FileShare share, Int32 bufferSize, FileOptions options, SECURITY_ATTRIBUTES secAttrs, String msgPath, Boolean bFromProxy, Boolean useLongPath, Boolean checkHost)
   在 System.IO.FileStream..ctor(String path, FileMode mode, FileAccess access, FileShare share, Int32 bufferSize, FileOptions options, String msgPath, Boolean bFromProxy, Boolean useLongPath, Boolean checkHost)
   在 System.IO.StreamWriter.CreateFile(String path, Boolean append, Boolean checkHost)
   在 System.IO.StreamWriter..ctor(String path, Boolean append, Encoding encoding, Int32 bufferSize, Boolean checkHost)
   在 System.IO.File.InternalWriteAllText(String path, String contents, Encoding encoding, Boolean checkHost)
   在 System.IO.File.WriteAllText(String path, String contents)
   在 UitilityFrameX.Config.KeyValueDal.6UmqBCVmLPj3TwqZp0y(Object , Object )
   在 UitilityFrameX.Config.KeyValueDal.GetFileValueByKeyAndType(String keyName, String keyType)GetFileValueByKeyAndType文件“D:\NAT123\ConfigFileValue\ycj52011NatLocalSettings.txt”正由另一进程使用，因此该进程无法访问此文件。   在 System.IO.__Error.WinIOError(Int32 errorCode, String maybeFullPath)
   在 System.IO.FileStream.Init(String path, FileMode mode, FileAccess access, Int32 rights, Boolean useRights, FileShare share, Int32 bufferSize, FileOptions options, SECURITY_ATTRIBUTES secAttrs, String msgPath, Boolean bFromProxy, Boolean useLongPath, Boolean checkHost)
   在 System.IO.FileStream..ctor(String path, FileMode mode, FileAccess access, FileShare share, Int32 bufferSize, FileOptions options, String msgPath, Boolean bFromProxy, Boolean useLongPath, Boolean checkHost)
   在 System.IO.StreamWriter.CreateFile(String path, Boolean append, Boolean checkHost)
   在 System.IO.StreamWriter..ctor(String path, Boolean append, Encoding encoding, Int32 bufferSize, Boolean checkHost)
   在 System.IO.File.InternalWriteAllText(String path, String contents, Encoding encoding, Boolean checkHost)
   在 System.IO.File.WriteAllText(String path, String contents)
   在 UitilityFrameX.Config.KeyValueDal.6UmqBCVmLPj3TwqZp0y(Object , Object )
   在 UitilityFrameX.Config.KeyValueDal.GetFileValueByKeyAndType(String keyName, String keyType)